ene 04, 2018 9:34:56 AM org.apache.catalina.core.AprLifecycleListener init
INFORMACIÓN: La biblioteca nativa de Apache Tomcat basada en ARP que permite un rendimiento óptimo en entornos de desarrollo no ha sido hallada en java.library.path: C:\Program Files (x86)\Java\jre1.8.0_111\bin;C:\WINDOWS\Sun\Java\bin;C:\WINDOWS\system32;C:\WINDOWS;C:\ProgramData\Oracle\Java\javapath;C:\Program Files (x86)\Intel\iCLS Client\;C:\Program Files\Intel\iCLS Client\;C:\WINDOWS\system32;C:\WINDOWS;C:\WINDOWS\System32\Wbem;C:\WINDOWS\System32\WindowsPowerShell\v1.0\;C:\Program Files\Hewlett-Packard\SimplePass\;C:\Program Files\Intel\Intel(R) Management Engine Components\DAL;C:\Program Files\Intel\Intel(R) Management Engine Components\IPT;C:\Program Files (x86)\Intel\Intel(R) Management Engine Components\DAL;C:\Program Files (x86)\Intel\Intel(R) Management Engine Components\IPT;C:\Program Files (x86)\Skype\Phone\;C:\Program Files (x86)\Java\jre1.8.0_111\bin;C:\Program Files\MySQL\MySQL Utilities 1.6\;C:\Program Files (x86)\IDM Computer Solutions\UltraEdit\;C:\AppServ\Apache24\bin;C:\AppServ\php5;C:\AppServ\MySQL\bin;C:\Users\Anthonny\AppData\Local\Microsoft\WindowsApps;C:\Users\Anthonny\AppData\Local\GitHubDesktop\bin;.
ene 04, 2018 9:34:56 AM org.apache.coyote.AbstractProtocol init
INFORMACIÓN: Initializing ProtocolHandler ["http-bio-8082"]
ene 04, 2018 9:34:57 AM org.apache.coyote.AbstractProtocol init
INFORMACIÓN: Initializing ProtocolHandler ["ajp-bio-8009"]
ene 04, 2018 9:34:57 AM org.apache.catalina.startup.Catalina load
INFORMACIÓN: Initialization processed in 1032 ms
ene 04, 2018 9:34:57 AM org.apache.catalina.core.StandardService startInternal
INFORMACIÓN: Arrancando servicio Catalina
ene 04, 2018 9:34:57 AM org.apache.catalina.core.StandardEngine startInternal
INFORMACIÓN: Starting Servlet Engine: Apache Tomcat/7.0.50
ene 04, 2018 9:34:57 AM org.apache.catalina.startup.HostConfig deployWAR
INFORMACIÓN: Despliegue del archivo C:\ambiente\openxava-5.8\tomcat\webapps\Afrodita.war de la aplicación web
ene 04, 2018 9:35:06 AM org.apache.catalina.util.SessionIdGenerator createSecureRandom
INFORMACIÓN: Creation of SecureRandom instance for session ID generation using [SHA1PRNG] took [188] milliseconds.
ene 04, 2018 9:35:06 AM org.directwebremoting.util.CommonsLoggingOutput info
INFORMACIÓN: DWR Version 2.0.10 starting.
ene 04, 2018 9:35:06 AM org.directwebremoting.util.CommonsLoggingOutput info
INFORMACIÓN: - Servlet Engine: Apache Tomcat/7.0.50
ene 04, 2018 9:35:06 AM org.directwebremoting.util.CommonsLoggingOutput info
INFORMACIÓN: - Java Version:   1.8.0_111
ene 04, 2018 9:35:06 AM org.directwebremoting.util.CommonsLoggingOutput info
INFORMACIÓN: - Java Vendor:    Oracle Corporation
ene 04, 2018 9:35:06 AM org.directwebremoting.util.CommonsLoggingOutput info
INFORMACIÓN: Probably not an issue: org.jdom.Document is not available so the jdom converter will not load. This is only a problem if you wanted to use it.
ene 04, 2018 9:35:06 AM org.directwebremoting.util.CommonsLoggingOutput info
INFORMACIÓN: Probably not an issue: org.jdom.Element is not available so the jdom converter will not load. This is only a problem if you wanted to use it.
ene 04, 2018 9:35:06 AM org.apache.coyote.AbstractProtocol start
INFORMACIÓN: Starting ProtocolHandler ["http-bio-8082"]
ene 04, 2018 9:35:06 AM org.apache.coyote.AbstractProtocol start
INFORMACIÓN: Starting ProtocolHandler ["ajp-bio-8009"]
ene 04, 2018 9:35:06 AM org.apache.catalina.startup.Catalina start
INFORMACIÓN: Server startup in 9948 ms
ene 04, 2018 9:39:57 AM org.apache.catalina.core.AprLifecycleListener init
INFORMACIÓN: La biblioteca nativa de Apache Tomcat basada en ARP que permite un rendimiento óptimo en entornos de desarrollo no ha sido hallada en java.library.path: C:\Program Files (x86)\Java\jre1.8.0_111\bin;C:\WINDOWS\Sun\Java\bin;C:\WINDOWS\system32;C:\WINDOWS;C:\ProgramData\Oracle\Java\javapath;C:\Program Files (x86)\Intel\iCLS Client\;C:\Program Files\Intel\iCLS Client\;C:\WINDOWS\system32;C:\WINDOWS;C:\WINDOWS\System32\Wbem;C:\WINDOWS\System32\WindowsPowerShell\v1.0\;C:\Program Files\Hewlett-Packard\SimplePass\;C:\Program Files\Intel\Intel(R) Management Engine Components\DAL;C:\Program Files\Intel\Intel(R) Management Engine Components\IPT;C:\Program Files (x86)\Intel\Intel(R) Management Engine Components\DAL;C:\Program Files (x86)\Intel\Intel(R) Management Engine Components\IPT;C:\Program Files (x86)\Skype\Phone\;C:\Program Files (x86)\Java\jre1.8.0_111\bin;C:\Program Files\MySQL\MySQL Utilities 1.6\;C:\Program Files (x86)\IDM Computer Solutions\UltraEdit\;C:\AppServ\Apache24\bin;C:\AppServ\php5;C:\AppServ\MySQL\bin;C:\Users\Anthonny\AppData\Local\Microsoft\WindowsApps;C:\Users\Anthonny\AppData\Local\GitHubDesktop\bin;.
ene 04, 2018 9:39:57 AM org.apache.coyote.AbstractProtocol init
INFORMACIÓN: Initializing ProtocolHandler ["http-bio-8082"]
ene 04, 2018 9:39:57 AM org.apache.coyote.AbstractProtocol init
INFORMACIÓN: Initializing ProtocolHandler ["ajp-bio-8009"]
ene 04, 2018 9:39:57 AM org.apache.catalina.startup.Catalina load
INFORMACIÓN: Initialization processed in 496 ms
ene 04, 2018 9:39:57 AM org.apache.catalina.core.StandardService startInternal
INFORMACIÓN: Arrancando servicio Catalina
ene 04, 2018 9:39:57 AM org.apache.catalina.core.StandardEngine startInternal
INFORMACIÓN: Starting Servlet Engine: Apache Tomcat/7.0.50
ene 04, 2018 9:39:57 AM org.apache.catalina.startup.HostConfig deployWAR
INFORMACIÓN: Despliegue del archivo C:\ambiente\xyzOlympus\openxava-5.8\tomcat\webapps\Afrodita.war de la aplicación web
ene 04, 2018 9:40:02 AM org.apache.catalina.util.SessionIdGenerator createSecureRandom
INFORMACIÓN: Creation of SecureRandom instance for session ID generation using [SHA1PRNG] took [125] milliseconds.
ene 04, 2018 9:40:02 AM org.directwebremoting.util.CommonsLoggingOutput info
INFORMACIÓN: DWR Version 2.0.10 starting.
ene 04, 2018 9:40:02 AM org.directwebremoting.util.CommonsLoggingOutput info
INFORMACIÓN: - Servlet Engine: Apache Tomcat/7.0.50
ene 04, 2018 9:40:02 AM org.directwebremoting.util.CommonsLoggingOutput info
INFORMACIÓN: - Java Version:   1.8.0_111
ene 04, 2018 9:40:02 AM org.directwebremoting.util.CommonsLoggingOutput info
INFORMACIÓN: - Java Vendor:    Oracle Corporation
ene 04, 2018 9:40:02 AM org.directwebremoting.util.CommonsLoggingOutput info
INFORMACIÓN: Probably not an issue: org.jdom.Document is not available so the jdom converter will not load. This is only a problem if you wanted to use it.
ene 04, 2018 9:40:02 AM org.directwebremoting.util.CommonsLoggingOutput info
INFORMACIÓN: Probably not an issue: org.jdom.Element is not available so the jdom converter will not load. This is only a problem if you wanted to use it.
ene 04, 2018 9:40:02 AM org.apache.coyote.AbstractProtocol start
INFORMACIÓN: Starting ProtocolHandler ["http-bio-8082"]
ene 04, 2018 9:40:02 AM org.apache.coyote.AbstractProtocol start
INFORMACIÓN: Starting ProtocolHandler ["ajp-bio-8009"]
ene 04, 2018 9:40:02 AM org.apache.catalina.startup.Catalina start
INFORMACIÓN: Server startup in 5036 ms
ene 04, 2018 11:11:43 AM org.apache.catalina.core.AprLifecycleListener init
INFORMACIÓN: La biblioteca nativa de Apache Tomcat basada en ARP que permite un rendimiento óptimo en entornos de desarrollo no ha sido hallada en java.library.path: C:\Program Files (x86)\Java\jre1.8.0_111\bin;C:\WINDOWS\Sun\Java\bin;C:\WINDOWS\system32;C:\WINDOWS;C:\ProgramData\Oracle\Java\javapath;C:\Program Files (x86)\Intel\iCLS Client\;C:\Program Files\Intel\iCLS Client\;C:\WINDOWS\system32;C:\WINDOWS;C:\WINDOWS\System32\Wbem;C:\WINDOWS\System32\WindowsPowerShell\v1.0\;C:\Program Files\Hewlett-Packard\SimplePass\;C:\Program Files\Intel\Intel(R) Management Engine Components\DAL;C:\Program Files\Intel\Intel(R) Management Engine Components\IPT;C:\Program Files (x86)\Intel\Intel(R) Management Engine Components\DAL;C:\Program Files (x86)\Intel\Intel(R) Management Engine Components\IPT;C:\Program Files (x86)\Skype\Phone\;C:\Program Files (x86)\Java\jre1.8.0_111\bin;C:\Program Files\MySQL\MySQL Utilities 1.6\;C:\Program Files (x86)\IDM Computer Solutions\UltraEdit\;C:\AppServ\Apache24\bin;C:\AppServ\php5;C:\AppServ\MySQL\bin;C:\Users\Anthonny\AppData\Local\Microsoft\WindowsApps;C:\Users\Anthonny\AppData\Local\GitHubDesktop\bin;.
ene 04, 2018 11:11:43 AM org.apache.coyote.AbstractProtocol init
INFORMACIÓN: Initializing ProtocolHandler ["http-bio-8082"]
ene 04, 2018 11:11:43 AM org.apache.coyote.AbstractProtocol init
INFORMACIÓN: Initializing ProtocolHandler ["ajp-bio-8009"]
ene 04, 2018 11:11:43 AM org.apache.catalina.startup.Catalina load
INFORMACIÓN: Initialization processed in 463 ms
ene 04, 2018 11:11:43 AM org.apache.catalina.core.StandardService startInternal
INFORMACIÓN: Arrancando servicio Catalina
ene 04, 2018 11:11:43 AM org.apache.catalina.core.StandardEngine startInternal
INFORMACIÓN: Starting Servlet Engine: Apache Tomcat/7.0.50
ene 04, 2018 11:11:43 AM org.apache.catalina.startup.HostConfig deployWAR
INFORMACIÓN: Despliegue del archivo C:\ambiente\xyzOlympus\openxava-5.8\tomcat\webapps\Afrodita.war de la aplicación web
ene 04, 2018 11:11:47 AM org.apache.catalina.util.SessionIdGenerator createSecureRandom
INFORMACIÓN: Creation of SecureRandom instance for session ID generation using [SHA1PRNG] took [125] milliseconds.
ene 04, 2018 11:11:47 AM org.directwebremoting.util.CommonsLoggingOutput info
INFORMACIÓN: DWR Version 2.0.10 starting.
ene 04, 2018 11:11:47 AM org.directwebremoting.util.CommonsLoggingOutput info
INFORMACIÓN: - Servlet Engine: Apache Tomcat/7.0.50
ene 04, 2018 11:11:47 AM org.directwebremoting.util.CommonsLoggingOutput info
INFORMACIÓN: - Java Version:   1.8.0_111
ene 04, 2018 11:11:47 AM org.directwebremoting.util.CommonsLoggingOutput info
INFORMACIÓN: - Java Vendor:    Oracle Corporation
ene 04, 2018 11:11:47 AM org.directwebremoting.util.CommonsLoggingOutput info
INFORMACIÓN: Probably not an issue: org.jdom.Document is not available so the jdom converter will not load. This is only a problem if you wanted to use it.
ene 04, 2018 11:11:47 AM org.directwebremoting.util.CommonsLoggingOutput info
INFORMACIÓN: Probably not an issue: org.jdom.Element is not available so the jdom converter will not load. This is only a problem if you wanted to use it.
ene 04, 2018 11:11:47 AM org.apache.coyote.AbstractProtocol start
INFORMACIÓN: Starting ProtocolHandler ["http-bio-8082"]
ene 04, 2018 11:11:47 AM org.apache.coyote.AbstractProtocol start
INFORMACIÓN: Starting ProtocolHandler ["ajp-bio-8009"]
ene 04, 2018 11:11:47 AM org.apache.catalina.startup.Catalina start
INFORMACIÓN: Server startup in 4169 ms
ene 04, 2018 11:12:23 AM org.hibernate.ejb.HibernatePersistence logDeprecation
WARN: HHH015016: Encountered a deprecated javax.persistence.spi.PersistenceProvider [org.hibernate.ejb.HibernatePersistence]; use [org.hibernate.jpa.HibernatePersistenceProvider] instead.
ene 04, 2018 11:15:05 AM org.apache.catalina.core.AprLifecycleListener init
INFORMACIÓN: La biblioteca nativa de Apache Tomcat basada en ARP que permite un rendimiento óptimo en entornos de desarrollo no ha sido hallada en java.library.path: C:\Program Files (x86)\Java\jre1.8.0_111\bin;C:\WINDOWS\Sun\Java\bin;C:\WINDOWS\system32;C:\WINDOWS;C:\ProgramData\Oracle\Java\javapath;C:\Program Files (x86)\Intel\iCLS Client\;C:\Program Files\Intel\iCLS Client\;C:\WINDOWS\system32;C:\WINDOWS;C:\WINDOWS\System32\Wbem;C:\WINDOWS\System32\WindowsPowerShell\v1.0\;C:\Program Files\Hewlett-Packard\SimplePass\;C:\Program Files\Intel\Intel(R) Management Engine Components\DAL;C:\Program Files\Intel\Intel(R) Management Engine Components\IPT;C:\Program Files (x86)\Intel\Intel(R) Management Engine Components\DAL;C:\Program Files (x86)\Intel\Intel(R) Management Engine Components\IPT;C:\Program Files (x86)\Skype\Phone\;C:\Program Files (x86)\Java\jre1.8.0_111\bin;C:\Program Files\MySQL\MySQL Utilities 1.6\;C:\Program Files (x86)\IDM Computer Solutions\UltraEdit\;C:\AppServ\Apache24\bin;C:\AppServ\php5;C:\AppServ\MySQL\bin;C:\Users\Anthonny\AppData\Local\Microsoft\WindowsApps;C:\Users\Anthonny\AppData\Local\GitHubDesktop\bin;.
ene 04, 2018 11:15:05 AM org.apache.coyote.AbstractProtocol init
INFORMACIÓN: Initializing ProtocolHandler ["http-bio-8080"]
ene 04, 2018 11:15:05 AM org.apache.coyote.AbstractProtocol init
INFORMACIÓN: Initializing ProtocolHandler ["ajp-bio-8009"]
ene 04, 2018 11:15:05 AM org.apache.catalina.startup.Catalina load
INFORMACIÓN: Initialization processed in 562 ms
ene 04, 2018 11:15:05 AM org.apache.catalina.core.StandardService startInternal
INFORMACIÓN: Arrancando servicio Catalina
ene 04, 2018 11:15:05 AM org.apache.catalina.core.StandardEngine startInternal
INFORMACIÓN: Starting Servlet Engine: Apache Tomcat/7.0.50
ene 04, 2018 11:15:05 AM org.apache.catalina.startup.HostConfig deployWAR
INFORMACIÓN: Despliegue del archivo C:\ambiente\xyzOlympus\openxava-5.8\tomcat\webapps\Afrodita.war de la aplicación web
ene 04, 2018 11:15:09 AM org.apache.catalina.util.SessionIdGenerator createSecureRandom
INFORMACIÓN: Creation of SecureRandom instance for session ID generation using [SHA1PRNG] took [125] milliseconds.
ene 04, 2018 11:15:09 AM org.directwebremoting.util.CommonsLoggingOutput info
INFORMACIÓN: DWR Version 2.0.10 starting.
ene 04, 2018 11:15:09 AM org.directwebremoting.util.CommonsLoggingOutput info
INFORMACIÓN: - Servlet Engine: Apache Tomcat/7.0.50
ene 04, 2018 11:15:09 AM org.directwebremoting.util.CommonsLoggingOutput info
INFORMACIÓN: - Java Version:   1.8.0_111
ene 04, 2018 11:15:09 AM org.directwebremoting.util.CommonsLoggingOutput info
INFORMACIÓN: - Java Vendor:    Oracle Corporation
ene 04, 2018 11:15:09 AM org.directwebremoting.util.CommonsLoggingOutput info
INFORMACIÓN: Probably not an issue: org.jdom.Document is not available so the jdom converter will not load. This is only a problem if you wanted to use it.
ene 04, 2018 11:15:09 AM org.directwebremoting.util.CommonsLoggingOutput info
INFORMACIÓN: Probably not an issue: org.jdom.Element is not available so the jdom converter will not load. This is only a problem if you wanted to use it.
ene 04, 2018 11:15:09 AM org.apache.coyote.AbstractProtocol start
INFORMACIÓN: Starting ProtocolHandler ["http-bio-8080"]
ene 04, 2018 11:15:09 AM org.apache.coyote.AbstractProtocol start
INFORMACIÓN: Starting ProtocolHandler ["ajp-bio-8009"]
ene 04, 2018 11:15:09 AM org.apache.catalina.startup.Catalina start
INFORMACIÓN: Server startup in 4187 ms
ene 04, 2018 11:16:02 AM org.hibernate.ejb.HibernatePersistence logDeprecation
WARN: HHH015016: Encountered a deprecated javax.persistence.spi.PersistenceProvider [org.hibernate.ejb.HibernatePersistence]; use [org.hibernate.jpa.HibernatePersistenceProvider] instead.
ene 04, 2018 11:16:02 AM org.hibernate.ejb.HibernatePersistence logDeprecation
WARN: HHH015016: Encountered a deprecated javax.persistence.spi.PersistenceProvider [org.hibernate.ejb.HibernatePersistence]; use [org.hibernate.jpa.HibernatePersistenceProvider] instead.
ene 04, 2018 11:16:02 AM org.hibernate.ejb.HibernatePersistence logDeprecation
WARN: HHH015016: Encountered a deprecated javax.persistence.spi.PersistenceProvider [org.hibernate.ejb.HibernatePersistence]; use [org.hibernate.jpa.HibernatePersistenceProvider] instead.
ene 04, 2018 11:16:02 AM org.hibernate.jpa.internal.util.LogHelper logPersistenceUnitInformation
INFO: HHH000204: Processing PersistenceUnitInfo [
	name: default
	...]
ene 04, 2018 11:16:02 AM org.hibernate.Version logVersion
INFO: HHH000412: Hibernate Core {4.3.9.Final}
ene 04, 2018 11:16:02 AM org.hibernate.cfg.Environment <clinit>
INFO: HHH000206: hibernate.properties not found
ene 04, 2018 11:16:02 AM org.hibernate.cfg.Environment buildBytecodeProvider
INFO: HHH000021: Bytecode provider name : javassist
ene 04, 2018 11:16:03 AM org.hibernate.annotations.common.reflection.java.JavaReflectionManager <clinit>
INFO: HCANN000001: Hibernate Commons Annotations {4.0.5.Final}
ene 04, 2018 11:16:03 AM org.hibernate.dialect.Dialect <init>
INFO: HHH000400: Using dialect: org.hibernate.dialect.MySQLDialect
ene 04, 2018 11:16:03 AM org.hibernate.hql.internal.ast.ASTQueryTranslatorFactory <init>
INFO: HHH000397: Using ASTQueryTranslatorFactory
ene 04, 2018 11:16:03 AM org.hibernate.validator.internal.util.Version <clinit>
INFO: HV000001: Hibernate Validator 5.1.3.Final
ene 04, 2018 11:16:04 AM org.hibernate.id.UUIDHexGenerator <init>
WARN: HHH000409: Using org.hibernate.id.UUIDHexGenerator which does not generate IETF RFC 4122 compliant UUID values; consider using org.hibernate.id.UUIDGenerator instead
ene 04, 2018 11:26:20 AM org.apache.catalina.startup.HostConfig reload
INFORMACIÓN: Falló la recarga del contexto [/Afrodita]
ene 04, 2018 11:26:20 AM org.apache.catalina.core.StandardContext reload
INFORMACIÓN: Ha comenzado la recarga de Contexto [/Afrodita]
ene 04, 2018 11:26:24 AM org.directwebremoting.util.CommonsLoggingOutput info
INFORMACIÓN: DWR Version 2.0.10 starting.
ene 04, 2018 11:26:24 AM org.directwebremoting.util.CommonsLoggingOutput info
INFORMACIÓN: - Servlet Engine: Apache Tomcat/7.0.50
ene 04, 2018 11:26:24 AM org.directwebremoting.util.CommonsLoggingOutput info
INFORMACIÓN: - Java Version:   1.8.0_111
ene 04, 2018 11:26:24 AM org.directwebremoting.util.CommonsLoggingOutput info
INFORMACIÓN: - Java Vendor:    Oracle Corporation
ene 04, 2018 11:26:24 AM org.directwebremoting.util.CommonsLoggingOutput info
INFORMACIÓN: Probably not an issue: org.jdom.Document is not available so the jdom converter will not load. This is only a problem if you wanted to use it.
ene 04, 2018 11:26:24 AM org.directwebremoting.util.CommonsLoggingOutput info
INFORMACIÓN: Probably not an issue: org.jdom.Element is not available so the jdom converter will not load. This is only a problem if you wanted to use it.
ene 04, 2018 11:26:24 AM org.apache.catalina.core.StandardContext reload
INFORMACIÓN: Se ha completado la recarga de este Contexto
ene 04, 2018 11:26:34 AM org.apache.catalina.startup.HostConfig reload
INFORMACIÓN: Falló la recarga del contexto [/Afrodita]
ene 04, 2018 11:26:34 AM org.apache.catalina.core.StandardContext reload
INFORMACIÓN: Ha comenzado la recarga de Contexto [/Afrodita]
ene 04, 2018 11:26:38 AM org.directwebremoting.util.CommonsLoggingOutput info
INFORMACIÓN: DWR Version 2.0.10 starting.
ene 04, 2018 11:26:38 AM org.directwebremoting.util.CommonsLoggingOutput info
INFORMACIÓN: - Servlet Engine: Apache Tomcat/7.0.50
ene 04, 2018 11:26:38 AM org.directwebremoting.util.CommonsLoggingOutput info
INFORMACIÓN: - Java Version:   1.8.0_111
ene 04, 2018 11:26:38 AM org.directwebremoting.util.CommonsLoggingOutput info
INFORMACIÓN: - Java Vendor:    Oracle Corporation
ene 04, 2018 11:26:38 AM org.directwebremoting.util.CommonsLoggingOutput info
INFORMACIÓN: Probably not an issue: org.jdom.Document is not available so the jdom converter will not load. This is only a problem if you wanted to use it.
ene 04, 2018 11:26:38 AM org.directwebremoting.util.CommonsLoggingOutput info
INFORMACIÓN: Probably not an issue: org.jdom.Element is not available so the jdom converter will not load. This is only a problem if you wanted to use it.
ene 04, 2018 11:26:38 AM org.apache.catalina.core.StandardContext reload
INFORMACIÓN: Se ha completado la recarga de este Contexto
ene 04, 2018 11:26:49 AM org.apache.catalina.startup.HostConfig undeploy
INFORMACIÓN: Repliegue (undeploy) de la aplicación web que tiene como trayectoria de contexto /Afrodita
ene 04, 2018 11:26:49 AM org.apache.catalina.startup.HostConfig deployWAR
INFORMACIÓN: Despliegue del archivo C:\ambiente\xyzOlympus\openxava-5.8\tomcat\webapps\Afrodita.war de la aplicación web
ene 04, 2018 11:27:03 AM org.directwebremoting.util.CommonsLoggingOutput info
INFORMACIÓN: DWR Version 2.0.10 starting.
ene 04, 2018 11:27:03 AM org.directwebremoting.util.CommonsLoggingOutput info
INFORMACIÓN: - Servlet Engine: Apache Tomcat/7.0.50
ene 04, 2018 11:27:03 AM org.directwebremoting.util.CommonsLoggingOutput info
INFORMACIÓN: - Java Version:   1.8.0_111
ene 04, 2018 11:27:03 AM org.directwebremoting.util.CommonsLoggingOutput info
INFORMACIÓN: - Java Vendor:    Oracle Corporation
ene 04, 2018 11:27:03 AM org.directwebremoting.util.CommonsLoggingOutput info
INFORMACIÓN: Probably not an issue: org.jdom.Document is not available so the jdom converter will not load. This is only a problem if you wanted to use it.
ene 04, 2018 11:27:03 AM org.directwebremoting.util.CommonsLoggingOutput info
INFORMACIÓN: Probably not an issue: org.jdom.Element is not available so the jdom converter will not load. This is only a problem if you wanted to use it.
ene 04, 2018 11:28:43 AM org.apache.catalina.startup.ExpandWar deleteDir
GRAVE: [C:\ambiente\xyzOlympus\openxava-5.8\tomcat\webapps\Afrodita\WEB-INF\lib] no pudo ser completamente borrado. La presencia de los ficheros restantes puede causar problemas
ene 04, 2018 11:28:43 AM org.apache.catalina.startup.ExpandWar deleteDir
GRAVE: [C:\ambiente\xyzOlympus\openxava-5.8\tomcat\webapps\Afrodita\WEB-INF] no pudo ser completamente borrado. La presencia de los ficheros restantes puede causar problemas
ene 04, 2018 11:28:44 AM org.apache.catalina.startup.ExpandWar deleteDir
GRAVE: [C:\ambiente\xyzOlympus\openxava-5.8\tomcat\webapps\Afrodita] no pudo ser completamente borrado. La presencia de los ficheros restantes puede causar problemas
ene 04, 2018 11:28:44 AM org.apache.catalina.startup.ExpandWar delete
GRAVE: [C:\ambiente\xyzOlympus\openxava-5.8\tomcat\webapps\Afrodita] no pudo ser completamente borrado. La presencia de los ficheros restantes puede causar problemas
ene 04, 2018 11:28:44 AM org.apache.catalina.startup.HostConfig undeploy
INFORMACIÓN: Repliegue (undeploy) de la aplicación web que tiene como trayectoria de contexto /Afrodita
ene 04, 2018 11:28:45 AM org.apache.catalina.startup.HostConfig deployWAR
INFORMACIÓN: Despliegue del archivo C:\ambiente\xyzOlympus\openxava-5.8\tomcat\webapps\Afrodita.war de la aplicación web
ene 04, 2018 11:28:57 AM org.apache.catalina.startup.HostConfig undeploy
INFORMACIÓN: Repliegue (undeploy) de la aplicación web que tiene como trayectoria de contexto /Afrodita
ene 04, 2018 11:28:57 AM org.apache.catalina.startup.HostConfig deployWAR
INFORMACIÓN: Despliegue del archivo C:\ambiente\xyzOlympus\openxava-5.8\tomcat\webapps\Afrodita.war de la aplicación web
ene 04, 2018 11:28:57 AM org.apache.catalina.startup.ContextConfig beforeStart
GRAVE: Excepción arreglando docBase: /Afrodita
java.util.zip.ZipException: error in opening zip file
	at java.util.zip.ZipFile.open(Native Method)
	at java.util.zip.ZipFile.<init>(Unknown Source)
	at java.util.zip.ZipFile.<init>(Unknown Source)
	at java.util.jar.JarFile.<init>(Unknown Source)
	at java.util.jar.JarFile.<init>(Unknown Source)
	at sun.net.www.protocol.jar.URLJarFile.<init>(Unknown Source)
	at sun.net.www.protocol.jar.URLJarFile.getJarFile(Unknown Source)
	at sun.net.www.protocol.jar.JarFileFactory.get(Unknown Source)
	at sun.net.www.protocol.jar.JarURLConnection.connect(Unknown Source)
	at sun.net.www.protocol.jar.JarURLConnection.getJarFile(Unknown Source)
	at org.apache.catalina.startup.ExpandWar.expand(ExpandWar.java:113)
	at org.apache.catalina.startup.ContextConfig.fixDocBase(ContextConfig.java:726)
	at org.apache.catalina.startup.ContextConfig.beforeStart(ContextConfig.java:854)
	at org.apache.catalina.startup.ContextConfig.lifecycleEvent(ContextConfig.java:380)
	at org.apache.catalina.util.LifecycleSupport.fireLifecycleEvent(LifecycleSupport.java:119)
	at org.apache.catalina.util.LifecycleBase.fireLifecycleEvent(LifecycleBase.java:90)
	at org.apache.catalina.util.LifecycleBase.setStateInternal(LifecycleBase.java:402)
	at org.apache.catalina.util.LifecycleBase.start(LifecycleBase.java:147)
	at org.apache.catalina.core.ContainerBase.addChildInternal(ContainerBase.java:901)
	at org.apache.catalina.core.ContainerBase.addChild(ContainerBase.java:877)
	at org.apache.catalina.core.StandardHost.addChild(StandardHost.java:634)
	at org.apache.catalina.startup.HostConfig.deployWAR(HostConfig.java:1074)
	at org.apache.catalina.startup.HostConfig$DeployWar.run(HostConfig.java:1858)
	at java.util.concurrent.Executors$RunnableAdapter.call(Unknown Source)
	at java.util.concurrent.FutureTask.run(Unknown Source)
	at java.util.concurrent.ThreadPoolExecutor.runWorker(Unknown Source)
	at java.util.concurrent.ThreadPoolExecutor$Worker.run(Unknown Source)
	at java.lang.Thread.run(Unknown Source)

ene 04, 2018 11:28:57 AM org.apache.catalina.core.StandardContext resourcesStart
GRAVE: Error arrancando Recursos estáticos
java.lang.IllegalArgumentException: Archivo WAR inválido o ilegible: error in opening zip file
	at org.apache.naming.resources.WARDirContext.setDocBase(WARDirContext.java:138)
	at org.apache.catalina.core.StandardContext.resourcesStart(StandardContext.java:5077)
	at org.apache.catalina.core.StandardContext.startInternal(StandardContext.java:5257)
	at org.apache.catalina.util.LifecycleBase.start(LifecycleBase.java:150)
	at org.apache.catalina.core.ContainerBase.addChildInternal(ContainerBase.java:901)
	at org.apache.catalina.core.ContainerBase.addChild(ContainerBase.java:877)
	at org.apache.catalina.core.StandardHost.addChild(StandardHost.java:634)
	at org.apache.catalina.startup.HostConfig.deployWAR(HostConfig.java:1074)
	at org.apache.catalina.startup.HostConfig$DeployWar.run(HostConfig.java:1858)
	at java.util.concurrent.Executors$RunnableAdapter.call(Unknown Source)
	at java.util.concurrent.FutureTask.run(Unknown Source)
	at java.util.concurrent.ThreadPoolExecutor.runWorker(Unknown Source)
	at java.util.concurrent.ThreadPoolExecutor$Worker.run(Unknown Source)
	at java.lang.Thread.run(Unknown Source)

ene 04, 2018 11:28:57 AM org.apache.catalina.core.ContainerBase addChildInternal
GRAVE: ContainerBase.addChild: start: 
org.apache.catalina.LifecycleException: Failed to start component [StandardEngine[Catalina].StandardHost[localhost].StandardContext[/Afrodita]]
	at org.apache.catalina.util.LifecycleBase.start(LifecycleBase.java:154)
	at org.apache.catalina.core.ContainerBase.addChildInternal(ContainerBase.java:901)
	at org.apache.catalina.core.ContainerBase.addChild(ContainerBase.java:877)
	at org.apache.catalina.core.StandardHost.addChild(StandardHost.java:634)
	at org.apache.catalina.startup.HostConfig.deployWAR(HostConfig.java:1074)
	at org.apache.catalina.startup.HostConfig$DeployWar.run(HostConfig.java:1858)
	at java.util.concurrent.Executors$RunnableAdapter.call(Unknown Source)
	at java.util.concurrent.FutureTask.run(Unknown Source)
	at java.util.concurrent.ThreadPoolExecutor.runWorker(Unknown Source)
	at java.util.concurrent.ThreadPoolExecutor$Worker.run(Unknown Source)
	at java.lang.Thread.run(Unknown Source)
Caused by: org.apache.catalina.LifecycleException: Error in resourceStart()
	at org.apache.catalina.core.StandardContext.startInternal(StandardContext.java:5258)
	at org.apache.catalina.util.LifecycleBase.start(LifecycleBase.java:150)
	... 10 more

ene 04, 2018 11:28:57 AM org.apache.catalina.startup.HostConfig deployWAR
GRAVE: Error durante el despliegue del archivo C:\ambiente\xyzOlympus\openxava-5.8\tomcat\webapps\Afrodita.war de la aplicación web
java.lang.IllegalStateException: ContainerBase.addChild: start: org.apache.catalina.LifecycleException: Failed to start component [StandardEngine[Catalina].StandardHost[localhost].StandardContext[/Afrodita]]
	at org.apache.catalina.core.ContainerBase.addChildInternal(ContainerBase.java:904)
	at org.apache.catalina.core.ContainerBase.addChild(ContainerBase.java:877)
	at org.apache.catalina.core.StandardHost.addChild(StandardHost.java:634)
	at org.apache.catalina.startup.HostConfig.deployWAR(HostConfig.java:1074)
	at org.apache.catalina.startup.HostConfig$DeployWar.run(HostConfig.java:1858)
	at java.util.concurrent.Executors$RunnableAdapter.call(Unknown Source)
	at java.util.concurrent.FutureTask.run(Unknown Source)
	at java.util.concurrent.ThreadPoolExecutor.runWorker(Unknown Source)
	at java.util.concurrent.ThreadPoolExecutor$Worker.run(Unknown Source)
	at java.lang.Thread.run(Unknown Source)

ene 04, 2018 11:29:07 AM org.apache.catalina.startup.HostConfig undeploy
INFORMACIÓN: Repliegue (undeploy) de la aplicación web que tiene como trayectoria de contexto /Afrodita
ene 04, 2018 11:29:07 AM org.apache.catalina.deploy.NamingResources cleanUp
ADVERTENCIA: Failed to retrieve JNDI naming context for container [StandardEngine[Catalina].StandardHost[localhost].StandardContext[/Afrodita]] so no cleanup was performed for that container
javax.naming.NameNotFoundException: El nombre comp/env no este asociado a este contexto
	at org.apache.naming.NamingContext.lookup(NamingContext.java:820)
	at org.apache.naming.NamingContext.lookup(NamingContext.java:168)
	at org.apache.catalina.deploy.NamingResources.cleanUp(NamingResources.java:988)
	at org.apache.catalina.deploy.NamingResources.stopInternal(NamingResources.java:970)
	at org.apache.catalina.util.LifecycleBase.stop(LifecycleBase.java:232)
	at org.apache.catalina.core.StandardContext.stopInternal(StandardContext.java:5664)
	at org.apache.catalina.util.LifecycleBase.stop(LifecycleBase.java:232)
	at org.apache.catalina.util.LifecycleBase.destroy(LifecycleBase.java:272)
	at org.apache.catalina.core.ContainerBase.removeChild(ContainerBase.java:1041)
	at org.apache.catalina.startup.HostConfig.undeploy(HostConfig.java:1479)
	at org.apache.catalina.startup.HostConfig.checkResources(HostConfig.java:1407)
	at org.apache.catalina.startup.HostConfig.check(HostConfig.java:1627)
	at org.apache.catalina.startup.HostConfig.lifecycleEvent(HostConfig.java:329)
	at org.apache.catalina.util.LifecycleSupport.fireLifecycleEvent(LifecycleSupport.java:119)
	at org.apache.catalina.util.LifecycleBase.fireLifecycleEvent(LifecycleBase.java:90)
	at org.apache.catalina.core.ContainerBase.backgroundProcess(ContainerBase.java:1374)
	at org.apache.catalina.core.ContainerBase$ContainerBackgroundProcessor.processChildren(ContainerBase.java:1530)
	at org.apache.catalina.core.ContainerBase$ContainerBackgroundProcessor.processChildren(ContainerBase.java:1540)
	at org.apache.catalina.core.ContainerBase$ContainerBackgroundProcessor.run(ContainerBase.java:1519)
	at java.lang.Thread.run(Unknown Source)

ene 04, 2018 11:29:07 AM org.apache.catalina.startup.HostConfig deployWAR
INFORMACIÓN: Despliegue del archivo C:\ambiente\xyzOlympus\openxava-5.8\tomcat\webapps\Afrodita.war de la aplicación web
ene 04, 2018 11:29:22 AM org.directwebremoting.util.CommonsLoggingOutput info
INFORMACIÓN: DWR Version 2.0.10 starting.
ene 04, 2018 11:29:22 AM org.directwebremoting.util.CommonsLoggingOutput info
INFORMACIÓN: - Servlet Engine: Apache Tomcat/7.0.50
ene 04, 2018 11:29:22 AM org.directwebremoting.util.CommonsLoggingOutput info
INFORMACIÓN: - Java Version:   1.8.0_111
ene 04, 2018 11:29:22 AM org.directwebremoting.util.CommonsLoggingOutput info
INFORMACIÓN: - Java Vendor:    Oracle Corporation
ene 04, 2018 11:29:22 AM org.directwebremoting.util.CommonsLoggingOutput info
INFORMACIÓN: Probably not an issue: org.jdom.Document is not available so the jdom converter will not load. This is only a problem if you wanted to use it.
ene 04, 2018 11:29:22 AM org.directwebremoting.util.CommonsLoggingOutput info
INFORMACIÓN: Probably not an issue: org.jdom.Element is not available so the jdom converter will not load. This is only a problem if you wanted to use it.
ene 04, 2018 11:32:42 AM org.apache.catalina.startup.HostConfig undeploy
INFORMACIÓN: Repliegue (undeploy) de la aplicación web que tiene como trayectoria de contexto /Afrodita
ene 04, 2018 11:32:43 AM org.apache.catalina.startup.HostConfig deployWAR
INFORMACIÓN: Despliegue del archivo C:\ambiente\xyzOlympus\openxava-5.8\tomcat\webapps\Afrodita.war de la aplicación web
ene 04, 2018 11:32:57 AM org.directwebremoting.util.CommonsLoggingOutput info
INFORMACIÓN: DWR Version 2.0.10 starting.
ene 04, 2018 11:32:57 AM org.directwebremoting.util.CommonsLoggingOutput info
INFORMACIÓN: - Servlet Engine: Apache Tomcat/7.0.50
ene 04, 2018 11:32:57 AM org.directwebremoting.util.CommonsLoggingOutput info
INFORMACIÓN: - Java Version:   1.8.0_111
ene 04, 2018 11:32:57 AM org.directwebremoting.util.CommonsLoggingOutput info
INFORMACIÓN: - Java Vendor:    Oracle Corporation
ene 04, 2018 11:32:57 AM org.directwebremoting.util.CommonsLoggingOutput info
INFORMACIÓN: Probably not an issue: org.jdom.Document is not available so the jdom converter will not load. This is only a problem if you wanted to use it.
ene 04, 2018 11:32:57 AM org.directwebremoting.util.CommonsLoggingOutput info
INFORMACIÓN: Probably not an issue: org.jdom.Element is not available so the jdom converter will not load. This is only a problem if you wanted to use it.
ene 04, 2018 11:33:19 AM org.hibernate.ejb.HibernatePersistence logDeprecation
WARN: HHH015016: Encountered a deprecated javax.persistence.spi.PersistenceProvider [org.hibernate.ejb.HibernatePersistence]; use [org.hibernate.jpa.HibernatePersistenceProvider] instead.
ene 04, 2018 11:33:19 AM org.hibernate.ejb.HibernatePersistence logDeprecation
WARN: HHH015016: Encountered a deprecated javax.persistence.spi.PersistenceProvider [org.hibernate.ejb.HibernatePersistence]; use [org.hibernate.jpa.HibernatePersistenceProvider] instead.
ene 04, 2018 11:33:19 AM org.hibernate.ejb.HibernatePersistence logDeprecation
WARN: HHH015016: Encountered a deprecated javax.persistence.spi.PersistenceProvider [org.hibernate.ejb.HibernatePersistence]; use [org.hibernate.jpa.HibernatePersistenceProvider] instead.
ene 04, 2018 11:33:19 AM org.hibernate.jpa.internal.util.LogHelper logPersistenceUnitInformation
INFO: HHH000204: Processing PersistenceUnitInfo [
	name: default
	...]
ene 04, 2018 11:33:19 AM org.hibernate.Version logVersion
INFO: HHH000412: Hibernate Core {4.3.9.Final}
ene 04, 2018 11:33:19 AM org.hibernate.cfg.Environment <clinit>
INFO: HHH000206: hibernate.properties not found
ene 04, 2018 11:33:19 AM org.hibernate.cfg.Environment buildBytecodeProvider
INFO: HHH000021: Bytecode provider name : javassist
ene 04, 2018 11:33:19 AM org.hibernate.annotations.common.reflection.java.JavaReflectionManager <clinit>
INFO: HCANN000001: Hibernate Commons Annotations {4.0.5.Final}
ene 04, 2018 11:33:20 AM org.hibernate.dialect.Dialect <init>
INFO: HHH000400: Using dialect: org.hibernate.dialect.MySQLDialect
ene 04, 2018 11:33:20 AM org.hibernate.hql.internal.ast.ASTQueryTranslatorFactory <init>
INFO: HHH000397: Using ASTQueryTranslatorFactory
ene 04, 2018 11:33:20 AM org.hibernate.validator.internal.util.Version <clinit>
INFO: HV000001: Hibernate Validator 5.1.3.Final
ene 04, 2018 11:33:20 AM org.hibernate.id.UUIDHexGenerator <init>
WARN: HHH000409: Using org.hibernate.id.UUIDHexGenerator which does not generate IETF RFC 4122 compliant UUID values; consider using org.hibernate.id.UUIDGenerator instead
ene 04, 2018 11:33:21 AM org.openxava.controller.ModuleManager <clinit>
INFORMACIÓN: OpenXava 5.8 (2017-10-17)
ene 04, 2018 11:33:24 AM org.directwebremoting.util.CommonsLoggingOutput info
INFORMACIÓN: Exec: Module.getStrokeActions()
ene 04, 2018 11:33:26 AM org.directwebremoting.util.CommonsLoggingOutput warn
ADVERTENCIA: Missing type info for request(5<0>). Assuming this is a map with String keys. Please add to <signatures> in dwr.xml
ene 04, 2018 11:33:26 AM org.directwebremoting.util.CommonsLoggingOutput warn
ADVERTENCIA: Missing type info for request(5<1>). Assuming this is a map with String keys. Please add to <signatures> in dwr.xml
ene 04, 2018 11:33:26 AM org.directwebremoting.util.CommonsLoggingOutput warn
ADVERTENCIA: Missing type info for request(6<0>). Assuming this is a map with String keys. Please add to <signatures> in dwr.xml
ene 04, 2018 11:33:26 AM org.directwebremoting.util.CommonsLoggingOutput warn
ADVERTENCIA: Missing type info for request(6<1>). Assuming this is a map with String keys. Please add to <signatures> in dwr.xml
ene 04, 2018 11:33:26 AM org.directwebremoting.util.CommonsLoggingOutput info
INFORMACIÓN: Exec: Module.request()
ene 04, 2018 11:33:26 AM org.openxava.controller.ModuleManager execute
DETALLADO: Execute SignIn.signIn=5 ms
ene 04, 2018 11:33:26 AM org.openxava.web.dwr.Module request
DETALLADO: Tiempo petición=11 ms
ene 04, 2018 11:33:26 AM org.openxava.util.Labels get
ADVERTENCIA: Imposible internacionalizar elemento con id Registro
ene 04, 2018 11:33:26 AM org.openxava.util.Labels getWithoutCache
ADVERTENCIA: Imposible internacionalizar elemento con id GraficoBarraDetalle
ene 04, 2018 11:33:26 AM org.openxava.util.Labels getWithoutCache
ADVERTENCIA: Imposible internacionalizar elemento con id menuGraficos
ene 04, 2018 11:33:26 AM org.openxava.util.Labels get
ADVERTENCIA: Imposible internacionalizar elemento con id Catalogo
ene 04, 2018 11:33:26 AM org.openxava.view.meta.MetaView setName
ADVERTENCIA: Nombre de sección incorrecto: 'Ingresar Tabla'. Blancos no permitidos en nombres de secciones. Nombre de sección cambiado a 'IngresarTabla'
ene 04, 2018 11:33:26 AM org.openxava.view.meta.MetaView setName
ADVERTENCIA: Nombre de sección incorrecto: 'Gestionar Catalogos'. Blancos no permitidos en nombres de secciones. Nombre de sección cambiado a 'GestionarCatalogos'
ene 04, 2018 11:33:26 AM org.openxava.util.Labels getWithoutCache
ADVERTENCIA: Imposible internacionalizar elemento con id Catalogo
ene 04, 2018 11:33:26 AM org.openxava.util.Labels getWithoutCache
ADVERTENCIA: Imposible internacionalizar elemento con id GraficoBuld
ene 04, 2018 11:33:26 AM org.openxava.util.Labels getWithoutCache
ADVERTENCIA: Imposible internacionalizar elemento con id GraficoZoomxySeries
ene 04, 2018 11:33:26 AM org.openxava.util.Labels getWithoutCache
ADVERTENCIA: Imposible internacionalizar elemento con id GraficoxySeries
ene 04, 2018 11:33:26 AM org.openxava.util.Labels get
ADVERTENCIA: Imposible internacionalizar elemento con id Mapa
ene 04, 2018 11:33:26 AM org.openxava.util.Labels getWithoutCache
ADVERTENCIA: Imposible internacionalizar elemento con id Mapa
ene 04, 2018 11:33:26 AM org.openxava.util.Labels getWithoutCache
ADVERTENCIA: Imposible internacionalizar elemento con id Origen
ene 04, 2018 11:33:26 AM org.openxava.util.Labels get
ADVERTENCIA: Imposible internacionalizar elemento con id Programa
ene 04, 2018 11:33:26 AM org.openxava.util.Labels getWithoutCache
ADVERTENCIA: Imposible internacionalizar elemento con id Programa
ene 04, 2018 11:33:26 AM org.openxava.util.Labels getWithoutCache
ADVERTENCIA: Imposible internacionalizar elemento con id Registro
ene 04, 2018 11:33:26 AM org.openxava.util.Labels get
ADVERTENCIA: Imposible internacionalizar elemento con id Regla
ene 04, 2018 11:33:26 AM org.openxava.util.Labels getWithoutCache
ADVERTENCIA: Imposible internacionalizar elemento con id Regla
ene 04, 2018 11:33:26 AM org.openxava.util.Labels get
ADVERTENCIA: Imposible internacionalizar elemento con id Sensor
ene 04, 2018 11:33:26 AM org.openxava.util.Labels getWithoutCache
ADVERTENCIA: Imposible internacionalizar elemento con id Sensor
ene 04, 2018 11:33:26 AM org.openxava.util.Labels get
ADVERTENCIA: Imposible internacionalizar elemento con id Sistema
ene 04, 2018 11:33:26 AM org.openxava.util.Labels getWithoutCache
ADVERTENCIA: Imposible internacionalizar elemento con id Sistema
ene 04, 2018 11:33:26 AM org.openxava.util.Labels getWithoutCache
ADVERTENCIA: Imposible internacionalizar elemento con id Tabla
ene 04, 2018 11:33:28 AM org.directwebremoting.util.CommonsLoggingOutput info
INFORMACIÓN: Exec: Module.getStrokeActions()
ene 04, 2018 11:33:35 AM org.openxava.util.Labels getWithoutCache
ADVERTENCIA: Imposible internacionalizar elemento con id sub
ene 04, 2018 11:33:35 AM org.openxava.util.Labels getWithoutCache
ADVERTENCIA: Imposible internacionalizar elemento con id reporteBuld
ene 04, 2018 11:33:35 AM org.openxava.util.Labels getWithoutCache
ADVERTENCIA: Imposible internacionalizar elemento con id reportexySeries
ene 04, 2018 11:33:35 AM org.openxava.util.Labels getWithoutCache
ADVERTENCIA: Imposible internacionalizar elemento con id reporteZoomxyLine
ene 04, 2018 11:33:35 AM org.openxava.util.Labels getWithoutCache
ADVERTENCIA: Imposible internacionalizar elemento con id reporteBarraDetalle
ene 04, 2018 11:33:35 AM org.openxava.util.Labels getWithoutCache
ADVERTENCIA: Imposible internacionalizar elemento con id registroFloat1
ene 04, 2018 11:33:35 AM org.openxava.util.Labels getWithoutCache
ADVERTENCIA: Imposible internacionalizar elemento con id registroFloat2
ene 04, 2018 11:33:35 AM org.openxava.util.Labels getWithoutCache
ADVERTENCIA: Imposible internacionalizar elemento con id registroDate1
ene 04, 2018 11:33:36 AM org.openxava.util.Labels getWithoutCache
ADVERTENCIA: Imposible internacionalizar elemento con id registrotime1
ene 04, 2018 11:33:36 AM org.directwebremoting.util.CommonsLoggingOutput info
INFORMACIÓN: Exec: Module.getStrokeActions()
ene 04, 2018 11:33:40 AM org.directwebremoting.util.CommonsLoggingOutput warn
ADVERTENCIA: Missing type info for request(5<0>). Assuming this is a map with String keys. Please add to <signatures> in dwr.xml
ene 04, 2018 11:33:40 AM org.directwebremoting.util.CommonsLoggingOutput warn
ADVERTENCIA: Missing type info for request(5<1>). Assuming this is a map with String keys. Please add to <signatures> in dwr.xml
ene 04, 2018 11:33:40 AM org.directwebremoting.util.CommonsLoggingOutput warn
ADVERTENCIA: Missing type info for request(6<0>). Assuming this is a map with String keys. Please add to <signatures> in dwr.xml
ene 04, 2018 11:33:40 AM org.directwebremoting.util.CommonsLoggingOutput warn
ADVERTENCIA: Missing type info for request(6<1>). Assuming this is a map with String keys. Please add to <signatures> in dwr.xml
ene 04, 2018 11:33:40 AM org.directwebremoting.util.CommonsLoggingOutput info
INFORMACIÓN: Exec: Module.request()
ene 04, 2018 11:33:40 AM org.openxava.controller.ModuleManager execute
DETALLADO: Execute sub.reporteZoomxyLine=0 ms
ene 04, 2018 11:33:41 AM org.openxava.web.dwr.Module request
DETALLADO: Tiempo petición=717 ms
ene 04, 2018 11:33:46 AM org.directwebremoting.util.CommonsLoggingOutput info
INFORMACIÓN: Exec: Module.getStrokeActions()
ene 04, 2018 11:33:49 AM org.directwebremoting.util.CommonsLoggingOutput info
INFORMACIÓN: Exec: Module.getStrokeActions()
ene 04, 2018 11:33:51 AM org.directwebremoting.util.CommonsLoggingOutput info
INFORMACIÓN: Exec: Module.getStrokeActions()
ene 04, 2018 11:33:52 AM org.directwebremoting.util.CommonsLoggingOutput warn
ADVERTENCIA: Missing type info for request(5<0>). Assuming this is a map with String keys. Please add to <signatures> in dwr.xml
ene 04, 2018 11:33:52 AM org.directwebremoting.util.CommonsLoggingOutput warn
ADVERTENCIA: Missing type info for request(5<1>). Assuming this is a map with String keys. Please add to <signatures> in dwr.xml
ene 04, 2018 11:33:52 AM org.directwebremoting.util.CommonsLoggingOutput warn
ADVERTENCIA: Missing type info for request(6<0>). Assuming this is a map with String keys. Please add to <signatures> in dwr.xml
ene 04, 2018 11:33:52 AM org.directwebremoting.util.CommonsLoggingOutput warn
ADVERTENCIA: Missing type info for request(6<1>). Assuming this is a map with String keys. Please add to <signatures> in dwr.xml
ene 04, 2018 11:33:52 AM org.directwebremoting.util.CommonsLoggingOutput info
INFORMACIÓN: Exec: Module.request()
ene 04, 2018 11:33:52 AM org.openxava.controller.ModuleManager execute
DETALLADO: Execute sub.reporteBuld=0 ms
ene 04, 2018 11:33:52 AM org.openxava.web.dwr.Module request
DETALLADO: Tiempo petición=311 ms
ene 04, 2018 11:33:55 AM org.directwebremoting.util.CommonsLoggingOutput info
INFORMACIÓN: Exec: Module.getStrokeActions()
ene 04, 2018 11:33:57 AM org.directwebremoting.util.CommonsLoggingOutput info
INFORMACIÓN: Exec: Module.getStrokeActions()
ene 04, 2018 12:08:40 PM org.directwebremoting.util.CommonsLoggingOutput info
INFORMACIÓN: Exec: Module.getStrokeActions()
ene 04, 2018 12:08:44 PM org.directwebremoting.util.CommonsLoggingOutput warn
ADVERTENCIA: Missing type info for request(5<0>). Assuming this is a map with String keys. Please add to <signatures> in dwr.xml
ene 04, 2018 12:08:44 PM org.directwebremoting.util.CommonsLoggingOutput warn
ADVERTENCIA: Missing type info for request(5<1>). Assuming this is a map with String keys. Please add to <signatures> in dwr.xml
ene 04, 2018 12:08:44 PM org.directwebremoting.util.CommonsLoggingOutput warn
ADVERTENCIA: Missing type info for request(6<0>). Assuming this is a map with String keys. Please add to <signatures> in dwr.xml
ene 04, 2018 12:08:44 PM org.directwebremoting.util.CommonsLoggingOutput warn
ADVERTENCIA: Missing type info for request(6<1>). Assuming this is a map with String keys. Please add to <signatures> in dwr.xml
ene 04, 2018 12:08:44 PM org.directwebremoting.util.CommonsLoggingOutput info
INFORMACIÓN: Exec: Module.request()
ene 04, 2018 12:08:44 PM org.openxava.controller.ModuleManager execute
DETALLADO: Execute SignIn.signIn=1 ms
ene 04, 2018 12:08:44 PM org.openxava.web.dwr.Module request
DETALLADO: Tiempo petición=8 ms
ene 04, 2018 12:08:45 PM org.directwebremoting.util.CommonsLoggingOutput info
INFORMACIÓN: Exec: Module.getStrokeActions()
ene 04, 2018 1:17:18 PM org.apache.catalina.startup.HostConfig reload
INFORMACIÓN: Falló la recarga del contexto [/Afrodita]
ene 04, 2018 1:17:18 PM org.apache.catalina.core.StandardContext reload
INFORMACIÓN: Ha comenzado la recarga de Contexto [/Afrodita]
ene 04, 2018 1:17:23 PM org.directwebremoting.util.CommonsLoggingOutput info
INFORMACIÓN: DWR Version 2.0.10 starting.
ene 04, 2018 1:17:23 PM org.directwebremoting.util.CommonsLoggingOutput info
INFORMACIÓN: - Servlet Engine: Apache Tomcat/7.0.50
ene 04, 2018 1:17:23 PM org.directwebremoting.util.CommonsLoggingOutput info
INFORMACIÓN: - Java Version:   1.8.0_111
ene 04, 2018 1:17:23 PM org.directwebremoting.util.CommonsLoggingOutput info
INFORMACIÓN: - Java Vendor:    Oracle Corporation
ene 04, 2018 1:17:23 PM org.directwebremoting.util.CommonsLoggingOutput info
INFORMACIÓN: Probably not an issue: org.jdom.Document is not available so the jdom converter will not load. This is only a problem if you wanted to use it.
ene 04, 2018 1:17:23 PM org.directwebremoting.util.CommonsLoggingOutput info
INFORMACIÓN: Probably not an issue: org.jdom.Element is not available so the jdom converter will not load. This is only a problem if you wanted to use it.
ene 04, 2018 1:17:23 PM org.apache.catalina.core.StandardContext reload
INFORMACIÓN: Se ha completado la recarga de este Contexto
ene 04, 2018 1:17:33 PM org.apache.catalina.startup.HostConfig reload
INFORMACIÓN: Falló la recarga del contexto [/Afrodita]
ene 04, 2018 1:17:33 PM org.apache.catalina.core.StandardContext reload
INFORMACIÓN: Ha comenzado la recarga de Contexto [/Afrodita]
ene 04, 2018 1:17:37 PM org.directwebremoting.util.CommonsLoggingOutput info
INFORMACIÓN: DWR Version 2.0.10 starting.
ene 04, 2018 1:17:37 PM org.directwebremoting.util.CommonsLoggingOutput info
INFORMACIÓN: - Servlet Engine: Apache Tomcat/7.0.50
ene 04, 2018 1:17:37 PM org.directwebremoting.util.CommonsLoggingOutput info
INFORMACIÓN: - Java Version:   1.8.0_111
ene 04, 2018 1:17:37 PM org.directwebremoting.util.CommonsLoggingOutput info
INFORMACIÓN: - Java Vendor:    Oracle Corporation
ene 04, 2018 1:17:37 PM org.directwebremoting.util.CommonsLoggingOutput info
INFORMACIÓN: Probably not an issue: org.jdom.Document is not available so the jdom converter will not load. This is only a problem if you wanted to use it.
ene 04, 2018 1:17:37 PM org.directwebremoting.util.CommonsLoggingOutput info
INFORMACIÓN: Probably not an issue: org.jdom.Element is not available so the jdom converter will not load. This is only a problem if you wanted to use it.
ene 04, 2018 1:17:37 PM org.apache.catalina.core.StandardContext reload
INFORMACIÓN: Se ha completado la recarga de este Contexto
ene 04, 2018 1:18:08 PM org.apache.catalina.startup.ExpandWar deleteDir
GRAVE: [C:\ambiente\xyzOlympus\openxava-5.8\tomcat\webapps\Afrodita\WEB-INF\lib] no pudo ser completamente borrado. La presencia de los ficheros restantes puede causar problemas
ene 04, 2018 1:18:08 PM org.apache.catalina.startup.ExpandWar deleteDir
GRAVE: [C:\ambiente\xyzOlympus\openxava-5.8\tomcat\webapps\Afrodita\WEB-INF] no pudo ser completamente borrado. La presencia de los ficheros restantes puede causar problemas
ene 04, 2018 1:18:09 PM org.apache.catalina.startup.ExpandWar deleteDir
GRAVE: [C:\ambiente\xyzOlympus\openxava-5.8\tomcat\webapps\Afrodita] no pudo ser completamente borrado. La presencia de los ficheros restantes puede causar problemas
ene 04, 2018 1:18:09 PM org.apache.catalina.startup.ExpandWar delete
GRAVE: [C:\ambiente\xyzOlympus\openxava-5.8\tomcat\webapps\Afrodita] no pudo ser completamente borrado. La presencia de los ficheros restantes puede causar problemas
ene 04, 2018 1:18:09 PM org.apache.catalina.startup.HostConfig undeploy
INFORMACIÓN: Repliegue (undeploy) de la aplicación web que tiene como trayectoria de contexto /Afrodita
ene 04, 2018 1:18:10 PM org.apache.catalina.startup.HostConfig deployWAR
INFORMACIÓN: Despliegue del archivo C:\ambiente\xyzOlympus\openxava-5.8\tomcat\webapps\Afrodita.war de la aplicación web
ene 04, 2018 6:49:16 PM org.apache.catalina.core.AprLifecycleListener init
INFORMACIÓN: La biblioteca nativa de Apache Tomcat basada en ARP que permite un rendimiento óptimo en entornos de desarrollo no ha sido hallada en java.library.path: C:\Program Files (x86)\Java\jre1.8.0_111\bin;C:\WINDOWS\Sun\Java\bin;C:\WINDOWS\system32;C:\WINDOWS;C:\ProgramData\Oracle\Java\javapath;C:\Program Files (x86)\Intel\iCLS Client\;C:\Program Files\Intel\iCLS Client\;C:\WINDOWS\system32;C:\WINDOWS;C:\WINDOWS\System32\Wbem;C:\WINDOWS\System32\WindowsPowerShell\v1.0\;C:\Program Files\Hewlett-Packard\SimplePass\;C:\Program Files\Intel\Intel(R) Management Engine Components\DAL;C:\Program Files\Intel\Intel(R) Management Engine Components\IPT;C:\Program Files (x86)\Intel\Intel(R) Management Engine Components\DAL;C:\Program Files (x86)\Intel\Intel(R) Management Engine Components\IPT;C:\Program Files (x86)\Skype\Phone\;C:\Program Files (x86)\Java\jre1.8.0_111\bin;C:\Program Files\MySQL\MySQL Utilities 1.6\;C:\Program Files (x86)\IDM Computer Solutions\UltraEdit\;C:\AppServ\Apache24\bin;C:\AppServ\php5;C:\AppServ\MySQL\bin;C:\Users\Anthonny\AppData\Local\Microsoft\WindowsApps;C:\Users\Anthonny\AppData\Local\GitHubDesktop\bin;.
ene 04, 2018 6:49:19 PM org.apache.coyote.AbstractProtocol init
INFORMACIÓN: Initializing ProtocolHandler ["http-bio-8080"]
ene 04, 2018 6:49:19 PM org.apache.coyote.AbstractProtocol init
INFORMACIÓN: Initializing ProtocolHandler ["ajp-bio-8009"]
ene 04, 2018 6:49:19 PM org.apache.catalina.startup.Catalina load
INFORMACIÓN: Initialization processed in 3874 ms
ene 04, 2018 6:49:19 PM org.apache.catalina.core.StandardService startInternal
INFORMACIÓN: Arrancando servicio Catalina
ene 04, 2018 6:49:19 PM org.apache.catalina.core.StandardEngine startInternal
INFORMACIÓN: Starting Servlet Engine: Apache Tomcat/7.0.50
ene 04, 2018 6:49:19 PM org.apache.catalina.startup.HostConfig deployWAR
INFORMACIÓN: Despliegue del archivo C:\ambiente\xyzOlympus\openxava-5.8\tomcat\webapps\Afrodita.war de la aplicación web
ene 04, 2018 6:49:25 PM org.apache.catalina.util.SessionIdGenerator createSecureRandom
INFORMACIÓN: Creation of SecureRandom instance for session ID generation using [SHA1PRNG] took [328] milliseconds.
ene 04, 2018 6:49:25 PM org.directwebremoting.util.CommonsLoggingOutput info
INFORMACIÓN: DWR Version 2.0.10 starting.
ene 04, 2018 6:49:25 PM org.directwebremoting.util.CommonsLoggingOutput info
INFORMACIÓN: - Servlet Engine: Apache Tomcat/7.0.50
ene 04, 2018 6:49:25 PM org.directwebremoting.util.CommonsLoggingOutput info
INFORMACIÓN: - Java Version:   1.8.0_111
ene 04, 2018 6:49:25 PM org.directwebremoting.util.CommonsLoggingOutput info
INFORMACIÓN: - Java Vendor:    Oracle Corporation
ene 04, 2018 6:49:25 PM org.directwebremoting.util.CommonsLoggingOutput info
INFORMACIÓN: Probably not an issue: org.jdom.Document is not available so the jdom converter will not load. This is only a problem if you wanted to use it.
ene 04, 2018 6:49:25 PM org.directwebremoting.util.CommonsLoggingOutput info
INFORMACIÓN: Probably not an issue: org.jdom.Element is not available so the jdom converter will not load. This is only a problem if you wanted to use it.
ene 04, 2018 6:49:25 PM org.apache.coyote.AbstractProtocol start
INFORMACIÓN: Starting ProtocolHandler ["http-bio-8080"]
ene 04, 2018 6:49:25 PM org.apache.coyote.AbstractProtocol start
INFORMACIÓN: Starting ProtocolHandler ["ajp-bio-8009"]
ene 04, 2018 6:49:25 PM org.apache.catalina.startup.Catalina start
INFORMACIÓN: Server startup in 6357 ms
ene 04, 2018 6:49:43 PM org.directwebremoting.util.CommonsLoggingOutput warn
ADVERTENCIA: Missing type info for request(5<0>). Assuming this is a map with String keys. Please add to <signatures> in dwr.xml
ene 04, 2018 6:49:43 PM org.directwebremoting.util.CommonsLoggingOutput warn
ADVERTENCIA: Missing type info for request(5<1>). Assuming this is a map with String keys. Please add to <signatures> in dwr.xml
ene 04, 2018 6:49:43 PM org.directwebremoting.util.CommonsLoggingOutput warn
ADVERTENCIA: Missing type info for request(6<0>). Assuming this is a map with String keys. Please add to <signatures> in dwr.xml
ene 04, 2018 6:49:43 PM org.directwebremoting.util.CommonsLoggingOutput warn
ADVERTENCIA: Missing type info for request(6<1>). Assuming this is a map with String keys. Please add to <signatures> in dwr.xml
ene 04, 2018 6:49:43 PM org.directwebremoting.util.CommonsLoggingOutput info
INFORMACIÓN: Exec: Module.request()
ene 04, 2018 6:49:44 PM org.hibernate.ejb.HibernatePersistence logDeprecation
WARN: HHH015016: Encountered a deprecated javax.persistence.spi.PersistenceProvider [org.hibernate.ejb.HibernatePersistence]; use [org.hibernate.jpa.HibernatePersistenceProvider] instead.
ene 04, 2018 6:49:44 PM org.hibernate.ejb.HibernatePersistence logDeprecation
WARN: HHH015016: Encountered a deprecated javax.persistence.spi.PersistenceProvider [org.hibernate.ejb.HibernatePersistence]; use [org.hibernate.jpa.HibernatePersistenceProvider] instead.
ene 04, 2018 6:49:44 PM org.hibernate.ejb.HibernatePersistence logDeprecation
WARN: HHH015016: Encountered a deprecated javax.persistence.spi.PersistenceProvider [org.hibernate.ejb.HibernatePersistence]; use [org.hibernate.jpa.HibernatePersistenceProvider] instead.
ene 04, 2018 6:49:44 PM org.hibernate.jpa.internal.util.LogHelper logPersistenceUnitInformation
INFO: HHH000204: Processing PersistenceUnitInfo [
	name: default
	...]
ene 04, 2018 6:49:44 PM org.hibernate.Version logVersion
INFO: HHH000412: Hibernate Core {4.3.9.Final}
ene 04, 2018 6:49:44 PM org.hibernate.cfg.Environment <clinit>
INFO: HHH000206: hibernate.properties not found
ene 04, 2018 6:49:44 PM org.hibernate.cfg.Environment buildBytecodeProvider
INFO: HHH000021: Bytecode provider name : javassist
ene 04, 2018 6:49:45 PM org.hibernate.annotations.common.reflection.java.JavaReflectionManager <clinit>
INFO: HCANN000001: Hibernate Commons Annotations {4.0.5.Final}
ene 04, 2018 6:49:45 PM org.hibernate.dialect.Dialect <init>
INFO: HHH000400: Using dialect: org.hibernate.dialect.MySQLDialect
ene 04, 2018 6:49:45 PM org.hibernate.hql.internal.ast.ASTQueryTranslatorFactory <init>
INFO: HHH000397: Using ASTQueryTranslatorFactory
ene 04, 2018 6:49:45 PM org.hibernate.validator.internal.util.Version <clinit>
INFO: HV000001: Hibernate Validator 5.1.3.Final
ene 04, 2018 6:49:46 PM org.hibernate.id.UUIDHexGenerator <init>
WARN: HHH000409: Using org.hibernate.id.UUIDHexGenerator which does not generate IETF RFC 4122 compliant UUID values; consider using org.hibernate.id.UUIDGenerator instead
ene 04, 2018 6:49:47 PM org.apache.jasper.compiler.TldLocationsCache tldScanJar
INFORMACIÓN: Al menos un JAR, que se ha explorado buscando TLDs, aún no contenía TLDs. Activar historial de depuración para este historiador para una completa lista de los JARs que fueron explorados y de los que nos se halló TLDs. Saltarse JARs no necesarios durante la exploración puede dar lugar a una mejora de tiempo significativa en el arranque y compilación de JSP .
ene 04, 2018 6:49:48 PM org.openxava.controller.ModuleManager <clinit>
INFORMACIÓN: OpenXava 5.8 (2017-10-17)
ene 04, 2018 6:49:51 PM org.directwebremoting.util.CommonsLoggingOutput info
INFORMACIÓN: Exec: Module.getStrokeActions()
ene 04, 2018 6:49:52 PM org.directwebremoting.util.CommonsLoggingOutput warn
ADVERTENCIA: Missing type info for request(5<0>). Assuming this is a map with String keys. Please add to <signatures> in dwr.xml
ene 04, 2018 6:49:53 PM org.directwebremoting.util.CommonsLoggingOutput warn
ADVERTENCIA: Missing type info for request(5<1>). Assuming this is a map with String keys. Please add to <signatures> in dwr.xml
ene 04, 2018 6:49:53 PM org.directwebremoting.util.CommonsLoggingOutput warn
ADVERTENCIA: Missing type info for request(6<0>). Assuming this is a map with String keys. Please add to <signatures> in dwr.xml
ene 04, 2018 6:49:53 PM org.directwebremoting.util.CommonsLoggingOutput warn
ADVERTENCIA: Missing type info for request(6<1>). Assuming this is a map with String keys. Please add to <signatures> in dwr.xml
ene 04, 2018 6:49:53 PM org.directwebremoting.util.CommonsLoggingOutput info
INFORMACIÓN: Exec: Module.request()
ene 04, 2018 6:49:53 PM org.openxava.controller.ModuleManager execute
DETALLADO: Execute SignIn.signIn=4 ms
ene 04, 2018 6:49:53 PM org.openxava.web.dwr.Module request
DETALLADO: Tiempo petición=8 ms
ene 04, 2018 6:49:53 PM org.openxava.util.Labels get
ADVERTENCIA: Imposible internacionalizar elemento con id Registro
ene 04, 2018 6:49:53 PM org.openxava.util.Labels getWithoutCache
ADVERTENCIA: Imposible internacionalizar elemento con id menuGraficos
ene 04, 2018 6:49:53 PM org.openxava.util.Labels get
ADVERTENCIA: Imposible internacionalizar elemento con id Catalogo
ene 04, 2018 6:49:53 PM org.openxava.view.meta.MetaView setName
ADVERTENCIA: Nombre de sección incorrecto: 'Ingresar Tabla'. Blancos no permitidos en nombres de secciones. Nombre de sección cambiado a 'IngresarTabla'
ene 04, 2018 6:49:53 PM org.openxava.view.meta.MetaView setName
ADVERTENCIA: Nombre de sección incorrecto: 'Gestionar Catalogos'. Blancos no permitidos en nombres de secciones. Nombre de sección cambiado a 'GestionarCatalogos'
ene 04, 2018 6:49:53 PM org.openxava.util.Labels getWithoutCache
ADVERTENCIA: Imposible internacionalizar elemento con id Catalogo
ene 04, 2018 6:49:53 PM org.openxava.util.Labels getWithoutCache
ADVERTENCIA: Imposible internacionalizar elemento con id GraficoBarraDetalle
ene 04, 2018 6:49:53 PM org.openxava.util.Labels getWithoutCache
ADVERTENCIA: Imposible internacionalizar elemento con id GraficoBuld
ene 04, 2018 6:49:53 PM org.openxava.util.Labels getWithoutCache
ADVERTENCIA: Imposible internacionalizar elemento con id GraficoZoomxySeries
ene 04, 2018 6:49:53 PM org.openxava.util.Labels getWithoutCache
ADVERTENCIA: Imposible internacionalizar elemento con id GraficoxySeries
ene 04, 2018 6:49:53 PM org.openxava.util.Labels get
ADVERTENCIA: Imposible internacionalizar elemento con id Mapa
ene 04, 2018 6:49:53 PM org.openxava.util.Labels getWithoutCache
ADVERTENCIA: Imposible internacionalizar elemento con id Mapa
ene 04, 2018 6:49:53 PM org.openxava.util.Labels getWithoutCache
ADVERTENCIA: Imposible internacionalizar elemento con id Origen
ene 04, 2018 6:49:53 PM org.openxava.util.Labels get
ADVERTENCIA: Imposible internacionalizar elemento con id Programa
ene 04, 2018 6:49:53 PM org.openxava.util.Labels getWithoutCache
ADVERTENCIA: Imposible internacionalizar elemento con id Programa
ene 04, 2018 6:49:53 PM org.openxava.util.Labels getWithoutCache
ADVERTENCIA: Imposible internacionalizar elemento con id Registro
ene 04, 2018 6:49:53 PM org.openxava.util.Labels get
ADVERTENCIA: Imposible internacionalizar elemento con id Regla
ene 04, 2018 6:49:53 PM org.openxava.util.Labels getWithoutCache
ADVERTENCIA: Imposible internacionalizar elemento con id Regla
ene 04, 2018 6:49:53 PM org.openxava.util.Labels get
ADVERTENCIA: Imposible internacionalizar elemento con id Sensor
ene 04, 2018 6:49:53 PM org.openxava.util.Labels getWithoutCache
ADVERTENCIA: Imposible internacionalizar elemento con id Sensor
ene 04, 2018 6:49:53 PM org.openxava.util.Labels get
ADVERTENCIA: Imposible internacionalizar elemento con id Sistema
ene 04, 2018 6:49:53 PM org.openxava.util.Labels getWithoutCache
ADVERTENCIA: Imposible internacionalizar elemento con id Sistema
ene 04, 2018 6:49:53 PM org.openxava.util.Labels getWithoutCache
ADVERTENCIA: Imposible internacionalizar elemento con id Tabla
ene 04, 2018 6:49:53 PM org.openxava.util.Labels getWithoutCache
ADVERTENCIA: Imposible internacionalizar elemento con id sub
ene 04, 2018 6:49:54 PM org.openxava.util.Labels getWithoutCache
ADVERTENCIA: Imposible internacionalizar elemento con id reporteBuld
ene 04, 2018 6:49:54 PM org.openxava.util.Labels getWithoutCache
ADVERTENCIA: Imposible internacionalizar elemento con id reportexySeries
ene 04, 2018 6:49:54 PM org.openxava.util.Labels getWithoutCache
ADVERTENCIA: Imposible internacionalizar elemento con id reporteZoomxyLine
ene 04, 2018 6:49:54 PM org.openxava.util.Labels getWithoutCache
ADVERTENCIA: Imposible internacionalizar elemento con id reporteBarraDetalle
ene 04, 2018 6:49:54 PM org.openxava.util.Labels getWithoutCache
ADVERTENCIA: Imposible internacionalizar elemento con id registroFloat1
ene 04, 2018 6:49:54 PM org.openxava.util.Labels getWithoutCache
ADVERTENCIA: Imposible internacionalizar elemento con id registroFloat2
ene 04, 2018 6:49:54 PM org.openxava.util.Labels getWithoutCache
ADVERTENCIA: Imposible internacionalizar elemento con id registroDate1
ene 04, 2018 6:49:54 PM org.openxava.util.Labels getWithoutCache
ADVERTENCIA: Imposible internacionalizar elemento con id registrotime1
ene 04, 2018 6:49:54 PM org.directwebremoting.util.CommonsLoggingOutput info
INFORMACIÓN: Exec: Module.getStrokeActions()
ene 04, 2018 6:50:01 PM org.openxava.util.Labels getWithoutCache
ADVERTENCIA: Imposible internacionalizar elemento con id sistema
ene 04, 2018 6:50:01 PM org.openxava.util.Labels getWithoutCache
ADVERTENCIA: Imposible internacionalizar elemento con id pais
ene 04, 2018 6:50:01 PM org.openxava.util.Labels getWithoutCache
ADVERTENCIA: Imposible internacionalizar elemento con id municipio
ene 04, 2018 6:50:01 PM org.openxava.util.Labels getWithoutCache
ADVERTENCIA: Imposible internacionalizar elemento con id sucursal
ene 04, 2018 6:50:01 PM org.openxava.util.Labels getWithoutCache
ADVERTENCIA: Imposible internacionalizar elemento con id modelo
ene 04, 2018 6:50:01 PM org.openxava.util.Labels getWithoutCache
ADVERTENCIA: Imposible internacionalizar elemento con id mac
ene 04, 2018 6:50:01 PM org.openxava.util.Labels getWithoutCache
ADVERTENCIA: Imposible internacionalizar elemento con id ip
ene 04, 2018 6:50:01 PM org.openxava.tab.impl.JPATabProvider nextBlock
DETALLADO: [JPATabProvider.nextBlock] Ejecutando SELECT e.oid, e.nombre, e.modelo, e.mac, e.ip, e_tipo.nombre, e_sistema.nombre, e_sucursal.nombre, e_oficina.nombre, e_municipio.nombre, e_pais.nombre from Origen e left join e.tipo e_tipo left join e.sistema e_sistema left join e.sucursal e_sucursal left join e.oficina e_oficina left join e.municipio e_municipio left join e.pais e_pais con argumentos 
ene 04, 2018 6:50:01 PM org.openxava.tab.impl.TableModelBean getRow
DETALLADO: nextChunk=353
ene 04, 2018 6:50:01 PM org.openxava.util.Labels getWithoutCache
ADVERTENCIA: Imposible internacionalizar elemento con id Cards
ene 04, 2018 6:50:01 PM org.openxava.util.ResourceManagerI18n getString
ADVERTENCIA: Impossible to translate element with id and
ene 04, 2018 6:50:01 PM org.openxava.util.ResourceManagerI18n getString
ADVERTENCIA: Impossible to translate element with id and
ene 04, 2018 6:50:01 PM org.openxava.util.ResourceManagerI18n getString
ADVERTENCIA: Impossible to translate element with id and
ene 04, 2018 6:50:01 PM org.openxava.util.ResourceManagerI18n getString
ADVERTENCIA: Impossible to translate element with id and
ene 04, 2018 6:50:01 PM org.openxava.util.ResourceManagerI18n getString
ADVERTENCIA: Impossible to translate element with id and
ene 04, 2018 6:50:01 PM org.openxava.util.ResourceManagerI18n getString
ADVERTENCIA: Impossible to translate element with id and
ene 04, 2018 6:50:01 PM org.openxava.util.ResourceManagerI18n getString
ADVERTENCIA: Impossible to translate element with id and
ene 04, 2018 6:50:01 PM org.openxava.util.ResourceManagerI18n getString
ADVERTENCIA: Impossible to translate element with id and
ene 04, 2018 6:50:01 PM org.openxava.util.Labels getWithoutCache
ADVERTENCIA: Imposible internacionalizar elemento con id modelo
ene 04, 2018 6:50:01 PM org.openxava.util.Labels getWithoutCache
ADVERTENCIA: Imposible internacionalizar elemento con id mac
ene 04, 2018 6:50:01 PM org.openxava.util.Labels getWithoutCache
ADVERTENCIA: Imposible internacionalizar elemento con id ip
ene 04, 2018 6:50:01 PM org.openxava.util.Labels getWithoutCache
ADVERTENCIA: Imposible internacionalizar elemento con id sistema
ene 04, 2018 6:50:01 PM org.openxava.util.Labels getWithoutCache
ADVERTENCIA: Imposible internacionalizar elemento con id sucursal
ene 04, 2018 6:50:01 PM org.openxava.util.Labels getWithoutCache
ADVERTENCIA: Imposible internacionalizar elemento con id municipio
ene 04, 2018 6:50:01 PM org.openxava.util.Labels getWithoutCache
ADVERTENCIA: Imposible internacionalizar elemento con id pais
ene 04, 2018 6:50:02 PM org.openxava.tab.impl.JPATabProvider nextBlock
DETALLADO: [JPATabProvider.nextBlock] Ejecutando SELECT e.oid, e.oid, e.nombre from Catalogo e WHERE e.oid in( SELECT c.oid FROM Catalogo c, Tabla t where c.tabla = t.oid and t.nombre ='Tipo_Sistemas') con argumentos 
ene 04, 2018 6:50:02 PM org.openxava.tab.impl.TableModelBean getRow
DETALLADO: nextChunk=108
ene 04, 2018 6:50:02 PM org.openxava.tab.impl.JPATabProvider nextBlock
DETALLADO: [JPATabProvider.nextBlock] Ejecutando SELECT e.oid, e.oid, e.nombre from Catalogo e WHERE e.oid in( SELECT c.oid FROM Catalogo c, Tabla t where c.tabla = t.oid and t.nombre ='Sistemas') con argumentos 
ene 04, 2018 6:50:02 PM org.openxava.tab.impl.TableModelBean getRow
DETALLADO: nextChunk=8
ene 04, 2018 6:50:02 PM org.openxava.tab.impl.JPATabProvider nextBlock
DETALLADO: [JPATabProvider.nextBlock] Ejecutando SELECT e.oid, e.oid, e.nombre from Catalogo e WHERE e.oid in( SELECT c.oid FROM Catalogo c, Tabla t where c.tabla = t.oid and t.nombre ='Sucursales') con argumentos 
ene 04, 2018 6:50:02 PM org.openxava.tab.impl.TableModelBean getRow
DETALLADO: nextChunk=16
ene 04, 2018 6:50:02 PM org.openxava.tab.impl.JPATabProvider nextBlock
DETALLADO: [JPATabProvider.nextBlock] Ejecutando SELECT e.oid, e.oid, e.nombre from Catalogo e WHERE e.oid in( SELECT c.oid FROM Catalogo c, Tabla t where c.tabla = t.oid and t.nombre ='Oficinas') con argumentos 
ene 04, 2018 6:50:02 PM org.openxava.tab.impl.TableModelBean getRow
DETALLADO: nextChunk=16
ene 04, 2018 6:50:02 PM org.openxava.tab.impl.JPATabProvider nextBlock
DETALLADO: [JPATabProvider.nextBlock] Ejecutando SELECT e.oid, e.oid, e.nombre from Catalogo e WHERE e.oid in( SELECT c.oid FROM Catalogo c, Tabla t where c.tabla = t.oid and t.nombre ='Municipios') con argumentos 
ene 04, 2018 6:50:02 PM org.openxava.tab.impl.TableModelBean getRow
DETALLADO: nextChunk=12
ene 04, 2018 6:50:02 PM org.openxava.tab.impl.JPATabProvider nextBlock
DETALLADO: [JPATabProvider.nextBlock] Ejecutando SELECT e.oid, e.oid, e.nombre from Catalogo e WHERE e.oid in( SELECT c.oid FROM Catalogo c, Tabla t where c.tabla = t.oid and t.nombre ='Paises') con argumentos 
ene 04, 2018 6:50:02 PM org.openxava.tab.impl.TableModelBean getRow
DETALLADO: nextChunk=12
ene 04, 2018 6:50:02 PM org.directwebremoting.util.CommonsLoggingOutput info
INFORMACIÓN: Exec: Module.getStrokeActions()
