dic 28, 2017 8:30:48 PM org.apache.catalina.core.AprLifecycleListener init
INFORMACIÓN: La biblioteca nativa de Apache Tomcat basada en ARP que permite un rendimiento óptimo en entornos de desarrollo no ha sido hallada en java.library.path: C:\Program Files (x86)\Java\jre1.8.0_111\bin;C:\WINDOWS\Sun\Java\bin;C:\WINDOWS\system32;C:\WINDOWS;C:\ProgramData\Oracle\Java\javapath;C:\Program Files (x86)\Intel\iCLS Client\;C:\Program Files\Intel\iCLS Client\;C:\WINDOWS\system32;C:\WINDOWS;C:\WINDOWS\System32\Wbem;C:\WINDOWS\System32\WindowsPowerShell\v1.0\;C:\Program Files\Hewlett-Packard\SimplePass\;C:\Program Files\Intel\Intel(R) Management Engine Components\DAL;C:\Program Files\Intel\Intel(R) Management Engine Components\IPT;C:\Program Files (x86)\Intel\Intel(R) Management Engine Components\DAL;C:\Program Files (x86)\Intel\Intel(R) Management Engine Components\IPT;C:\Program Files (x86)\Skype\Phone\;C:\Program Files (x86)\Java\jre1.8.0_111\bin;C:\Program Files\MySQL\MySQL Utilities 1.6\;C:\Program Files (x86)\IDM Computer Solutions\UltraEdit\;C:\AppServ\Apache24\bin;C:\AppServ\php5;C:\AppServ\MySQL\bin;C:\Users\Anthonny\AppData\Local\Microsoft\WindowsApps;C:\Users\Anthonny\AppData\Local\GitHubDesktop\bin;.
dic 28, 2017 8:30:48 PM org.apache.coyote.AbstractProtocol init
INFORMACIÓN: Initializing ProtocolHandler ["http-bio-8080"]
dic 28, 2017 8:30:49 PM org.apache.coyote.AbstractProtocol init
INFORMACIÓN: Initializing ProtocolHandler ["ajp-bio-8009"]
dic 28, 2017 8:30:49 PM org.apache.catalina.startup.Catalina load
INFORMACIÓN: Initialization processed in 609 ms
dic 28, 2017 8:30:49 PM org.apache.catalina.core.StandardService startInternal
INFORMACIÓN: Arrancando servicio Catalina
dic 28, 2017 8:30:49 PM org.apache.catalina.core.StandardEngine startInternal
INFORMACIÓN: Starting Servlet Engine: Apache Tomcat/7.0.50
dic 28, 2017 8:30:49 PM org.apache.catalina.startup.HostConfig deployWAR
INFORMACIÓN: Despliegue del archivo C:\ambiente\openxava-5.8\tomcat\webapps\Afrodita.war de la aplicación web
dic 28, 2017 8:31:19 PM org.apache.catalina.util.SessionIdGenerator createSecureRandom
INFORMACIÓN: Creation of SecureRandom instance for session ID generation using [SHA1PRNG] took [139] milliseconds.
dic 28, 2017 8:31:19 PM org.directwebremoting.util.CommonsLoggingOutput info
INFORMACIÓN: DWR Version 2.0.10 starting.
dic 28, 2017 8:31:19 PM org.directwebremoting.util.CommonsLoggingOutput info
INFORMACIÓN: - Servlet Engine: Apache Tomcat/7.0.50
dic 28, 2017 8:31:19 PM org.directwebremoting.util.CommonsLoggingOutput info
INFORMACIÓN: - Java Version:   1.8.0_111
dic 28, 2017 8:31:19 PM org.directwebremoting.util.CommonsLoggingOutput info
INFORMACIÓN: - Java Vendor:    Oracle Corporation
dic 28, 2017 8:31:19 PM org.directwebremoting.util.CommonsLoggingOutput info
INFORMACIÓN: Probably not an issue: org.jdom.Document is not available so the jdom converter will not load. This is only a problem if you wanted to use it.
dic 28, 2017 8:31:19 PM org.directwebremoting.util.CommonsLoggingOutput info
INFORMACIÓN: Probably not an issue: org.jdom.Element is not available so the jdom converter will not load. This is only a problem if you wanted to use it.
dic 28, 2017 8:31:19 PM org.apache.coyote.AbstractProtocol start
INFORMACIÓN: Starting ProtocolHandler ["http-bio-8080"]
dic 28, 2017 8:31:19 PM org.apache.coyote.AbstractProtocol start
INFORMACIÓN: Starting ProtocolHandler ["ajp-bio-8009"]
dic 28, 2017 8:31:19 PM org.apache.catalina.startup.Catalina start
INFORMACIÓN: Server startup in 30949 ms
dic 28, 2017 8:31:20 PM org.hibernate.ejb.HibernatePersistence logDeprecation
WARN: HHH015016: Encountered a deprecated javax.persistence.spi.PersistenceProvider [org.hibernate.ejb.HibernatePersistence]; use [org.hibernate.jpa.HibernatePersistenceProvider] instead.
dic 28, 2017 8:31:20 PM org.hibernate.ejb.HibernatePersistence logDeprecation
WARN: HHH015016: Encountered a deprecated javax.persistence.spi.PersistenceProvider [org.hibernate.ejb.HibernatePersistence]; use [org.hibernate.jpa.HibernatePersistenceProvider] instead.
dic 28, 2017 8:31:20 PM org.hibernate.ejb.HibernatePersistence logDeprecation
WARN: HHH015016: Encountered a deprecated javax.persistence.spi.PersistenceProvider [org.hibernate.ejb.HibernatePersistence]; use [org.hibernate.jpa.HibernatePersistenceProvider] instead.
dic 28, 2017 8:31:21 PM org.hibernate.jpa.internal.util.LogHelper logPersistenceUnitInformation
INFO: HHH000204: Processing PersistenceUnitInfo [
	name: default
	...]
dic 28, 2017 8:31:22 PM org.hibernate.Version logVersion
INFO: HHH000412: Hibernate Core {4.3.9.Final}
dic 28, 2017 8:31:23 PM org.hibernate.cfg.Environment <clinit>
INFO: HHH000206: hibernate.properties not found
dic 28, 2017 8:31:23 PM org.hibernate.cfg.Environment buildBytecodeProvider
INFO: HHH000021: Bytecode provider name : javassist
dic 28, 2017 8:31:24 PM org.hibernate.annotations.common.reflection.java.JavaReflectionManager <clinit>
INFO: HCANN000001: Hibernate Commons Annotations {4.0.5.Final}
dic 28, 2017 8:31:27 PM org.hibernate.dialect.Dialect <init>
INFO: HHH000400: Using dialect: org.hibernate.dialect.MySQLDialect
dic 28, 2017 8:31:28 PM org.hibernate.hql.internal.ast.ASTQueryTranslatorFactory <init>
INFO: HHH000397: Using ASTQueryTranslatorFactory
dic 28, 2017 8:31:29 PM org.hibernate.validator.internal.util.Version <clinit>
INFO: HV000001: Hibernate Validator 5.1.3.Final
dic 28, 2017 8:31:31 PM org.hibernate.id.UUIDHexGenerator <init>
WARN: HHH000409: Using org.hibernate.id.UUIDHexGenerator which does not generate IETF RFC 4122 compliant UUID values; consider using org.hibernate.id.UUIDGenerator instead
dic 28, 2017 8:31:34 PM org.apache.jasper.compiler.TldLocationsCache tldScanJar
INFORMACIÓN: Al menos un JAR, que se ha explorado buscando TLDs, aún no contenía TLDs. Activar historial de depuración para este historiador para una completa lista de los JARs que fueron explorados y de los que nos se halló TLDs. Saltarse JARs no necesarios durante la exploración puede dar lugar a una mejora de tiempo significativa en el arranque y compilación de JSP .
dic 28, 2017 8:31:37 PM org.openxava.controller.ModuleManager <clinit>
INFORMACIÓN: OpenXava 5.8 (2017-10-17)
dic 28, 2017 8:31:40 PM org.directwebremoting.util.CommonsLoggingOutput info
INFORMACIÓN: Exec: Module.getStrokeActions()
dic 28, 2017 8:32:13 PM org.directwebremoting.util.CommonsLoggingOutput warn
ADVERTENCIA: Missing type info for request(5<0>). Assuming this is a map with String keys. Please add to <signatures> in dwr.xml
dic 28, 2017 8:32:13 PM org.directwebremoting.util.CommonsLoggingOutput warn
ADVERTENCIA: Missing type info for request(5<1>). Assuming this is a map with String keys. Please add to <signatures> in dwr.xml
dic 28, 2017 8:32:13 PM org.directwebremoting.util.CommonsLoggingOutput warn
ADVERTENCIA: Missing type info for request(6<0>). Assuming this is a map with String keys. Please add to <signatures> in dwr.xml
dic 28, 2017 8:32:13 PM org.directwebremoting.util.CommonsLoggingOutput warn
ADVERTENCIA: Missing type info for request(6<1>). Assuming this is a map with String keys. Please add to <signatures> in dwr.xml
dic 28, 2017 8:32:13 PM org.directwebremoting.util.CommonsLoggingOutput info
INFORMACIÓN: Exec: Module.request()
dic 28, 2017 8:32:13 PM org.openxava.controller.ModuleManager execute
DETALLADO: Execute SignIn.signIn=6 ms
dic 28, 2017 8:32:13 PM org.openxava.web.dwr.Module request
DETALLADO: Tiempo petición=15 ms
dic 28, 2017 8:32:13 PM org.openxava.util.Labels get
ADVERTENCIA: Imposible internacionalizar elemento con id Catalogo
dic 28, 2017 8:32:13 PM org.openxava.view.meta.MetaView setName
ADVERTENCIA: Nombre de sección incorrecto: 'Ingresar Tabla'. Blancos no permitidos en nombres de secciones. Nombre de sección cambiado a 'IngresarTabla'
dic 28, 2017 8:32:13 PM org.openxava.view.meta.MetaView setName
ADVERTENCIA: Nombre de sección incorrecto: 'Gestionar Catalogos'. Blancos no permitidos en nombres de secciones. Nombre de sección cambiado a 'GestionarCatalogos'
dic 28, 2017 8:32:13 PM org.openxava.util.Labels getWithoutCache
ADVERTENCIA: Imposible internacionalizar elemento con id Origen
dic 28, 2017 8:32:13 PM org.openxava.util.Labels getWithoutCache
ADVERTENCIA: Imposible internacionalizar elemento con id Catalogo
dic 28, 2017 8:32:13 PM org.openxava.util.Labels getWithoutCache
ADVERTENCIA: Imposible internacionalizar elemento con id GraficoBarraDetalle
dic 28, 2017 8:32:13 PM org.openxava.util.Labels getWithoutCache
ADVERTENCIA: Imposible internacionalizar elemento con id GraficoBuld
dic 28, 2017 8:32:13 PM org.openxava.util.Labels getWithoutCache
ADVERTENCIA: Imposible internacionalizar elemento con id GraficoZoomxySeries
dic 28, 2017 8:32:13 PM org.openxava.util.Labels getWithoutCache
ADVERTENCIA: Imposible internacionalizar elemento con id GraficoxySeries
dic 28, 2017 8:32:13 PM org.openxava.util.Labels get
ADVERTENCIA: Imposible internacionalizar elemento con id Mapa
dic 28, 2017 8:32:13 PM org.openxava.util.Labels get
ADVERTENCIA: Imposible internacionalizar elemento con id Registro
dic 28, 2017 8:32:13 PM org.openxava.util.Labels getWithoutCache
ADVERTENCIA: Imposible internacionalizar elemento con id Mapa
dic 28, 2017 8:32:13 PM org.openxava.util.Labels get
ADVERTENCIA: Imposible internacionalizar elemento con id Programa
dic 28, 2017 8:32:13 PM org.openxava.util.Labels getWithoutCache
ADVERTENCIA: Imposible internacionalizar elemento con id Programa
dic 28, 2017 8:32:13 PM org.openxava.util.Labels getWithoutCache
ADVERTENCIA: Imposible internacionalizar elemento con id Registro
dic 28, 2017 8:32:13 PM org.openxava.util.Labels get
ADVERTENCIA: Imposible internacionalizar elemento con id Regla
dic 28, 2017 8:32:13 PM org.openxava.util.Labels getWithoutCache
ADVERTENCIA: Imposible internacionalizar elemento con id Regla
dic 28, 2017 8:32:13 PM org.openxava.util.Labels get
ADVERTENCIA: Imposible internacionalizar elemento con id Sensor
dic 28, 2017 8:32:13 PM org.openxava.util.Labels getWithoutCache
ADVERTENCIA: Imposible internacionalizar elemento con id Sensor
dic 28, 2017 8:32:13 PM org.openxava.util.Labels get
ADVERTENCIA: Imposible internacionalizar elemento con id Sistema
dic 28, 2017 8:32:13 PM org.openxava.util.Labels getWithoutCache
ADVERTENCIA: Imposible internacionalizar elemento con id Sistema
dic 28, 2017 8:32:13 PM org.openxava.util.Labels getWithoutCache
ADVERTENCIA: Imposible internacionalizar elemento con id Tabla
dic 28, 2017 8:32:13 PM org.openxava.util.Labels getWithoutCache
ADVERTENCIA: Imposible internacionalizar elemento con id menuGraficos
dic 28, 2017 8:32:13 PM org.openxava.util.Labels getWithoutCache
ADVERTENCIA: Imposible internacionalizar elemento con id sistema
dic 28, 2017 8:32:13 PM org.openxava.util.Labels getWithoutCache
ADVERTENCIA: Imposible internacionalizar elemento con id pais
dic 28, 2017 8:32:13 PM org.openxava.util.Labels getWithoutCache
ADVERTENCIA: Imposible internacionalizar elemento con id municipio
dic 28, 2017 8:32:13 PM org.openxava.util.Labels getWithoutCache
ADVERTENCIA: Imposible internacionalizar elemento con id sucursal
dic 28, 2017 8:32:13 PM org.openxava.util.Labels getWithoutCache
ADVERTENCIA: Imposible internacionalizar elemento con id modelo
dic 28, 2017 8:32:13 PM org.openxava.util.Labels getWithoutCache
ADVERTENCIA: Imposible internacionalizar elemento con id mac
dic 28, 2017 8:32:13 PM org.openxava.util.Labels getWithoutCache
ADVERTENCIA: Imposible internacionalizar elemento con id ip
dic 28, 2017 8:32:13 PM org.openxava.tab.impl.JPATabProvider nextBlock
DETALLADO: [JPATabProvider.nextBlock] Ejecutando SELECT e.oid, e.nombre, e.modelo, e.mac, e.ip, e_tipo.nombre, e_sistema.nombre, e_sucursal.nombre, e_oficina.nombre, e_municipio.nombre, e_pais.nombre from Origen e left join e.tipo e_tipo left join e.sistema e_sistema left join e.sucursal e_sucursal left join e.oficina e_oficina left join e.municipio e_municipio left join e.pais e_pais con argumentos 
dic 28, 2017 8:32:13 PM org.openxava.tab.impl.TableModelBean getRow
DETALLADO: nextChunk=290
dic 28, 2017 8:32:13 PM org.openxava.util.Labels getWithoutCache
ADVERTENCIA: Imposible internacionalizar elemento con id Cards
dic 28, 2017 8:32:14 PM org.openxava.util.ResourceManagerI18n getString
ADVERTENCIA: Impossible to translate element with id and
dic 28, 2017 8:32:14 PM org.openxava.util.ResourceManagerI18n getString
ADVERTENCIA: Impossible to translate element with id and
dic 28, 2017 8:32:14 PM org.openxava.util.ResourceManagerI18n getString
ADVERTENCIA: Impossible to translate element with id and
dic 28, 2017 8:32:14 PM org.openxava.util.ResourceManagerI18n getString
ADVERTENCIA: Impossible to translate element with id and
dic 28, 2017 8:32:14 PM org.openxava.util.ResourceManagerI18n getString
ADVERTENCIA: Impossible to translate element with id and
dic 28, 2017 8:32:14 PM org.openxava.util.ResourceManagerI18n getString
ADVERTENCIA: Impossible to translate element with id and
dic 28, 2017 8:32:14 PM org.openxava.util.ResourceManagerI18n getString
ADVERTENCIA: Impossible to translate element with id and
dic 28, 2017 8:32:14 PM org.openxava.util.ResourceManagerI18n getString
ADVERTENCIA: Impossible to translate element with id and
dic 28, 2017 8:32:14 PM org.openxava.util.Labels getWithoutCache
ADVERTENCIA: Imposible internacionalizar elemento con id modelo
dic 28, 2017 8:32:14 PM org.openxava.util.Labels getWithoutCache
ADVERTENCIA: Imposible internacionalizar elemento con id mac
dic 28, 2017 8:32:14 PM org.openxava.util.Labels getWithoutCache
ADVERTENCIA: Imposible internacionalizar elemento con id ip
dic 28, 2017 8:32:14 PM org.openxava.util.Labels getWithoutCache
ADVERTENCIA: Imposible internacionalizar elemento con id sistema
dic 28, 2017 8:32:14 PM org.openxava.util.Labels getWithoutCache
ADVERTENCIA: Imposible internacionalizar elemento con id sucursal
dic 28, 2017 8:32:14 PM org.openxava.util.Labels getWithoutCache
ADVERTENCIA: Imposible internacionalizar elemento con id municipio
dic 28, 2017 8:32:14 PM org.openxava.util.Labels getWithoutCache
ADVERTENCIA: Imposible internacionalizar elemento con id pais
dic 28, 2017 8:32:14 PM org.openxava.tab.impl.JPATabProvider nextBlock
DETALLADO: [JPATabProvider.nextBlock] Ejecutando SELECT e.oid, e.oid, e.nombre from Catalogo e WHERE e.oid in( SELECT c.oid FROM Catalogo c, Tabla t where c.tabla = t.oid and t.nombre ='Tipo_Sistemas') con argumentos 
dic 28, 2017 8:32:14 PM org.openxava.tab.impl.TableModelBean getRow
DETALLADO: nextChunk=24
dic 28, 2017 8:32:14 PM org.openxava.tab.impl.JPATabProvider nextBlock
DETALLADO: [JPATabProvider.nextBlock] Ejecutando SELECT e.oid, e.oid, e.nombre from Catalogo e WHERE e.oid in( SELECT c.oid FROM Catalogo c, Tabla t where c.tabla = t.oid and t.nombre ='Sistemas') con argumentos 
dic 28, 2017 8:32:14 PM org.openxava.tab.impl.TableModelBean getRow
DETALLADO: nextChunk=15
dic 28, 2017 8:32:14 PM org.openxava.tab.impl.JPATabProvider nextBlock
DETALLADO: [JPATabProvider.nextBlock] Ejecutando SELECT e.oid, e.oid, e.nombre from Catalogo e WHERE e.oid in( SELECT c.oid FROM Catalogo c, Tabla t where c.tabla = t.oid and t.nombre ='Sucursales') con argumentos 
dic 28, 2017 8:32:14 PM org.openxava.tab.impl.TableModelBean getRow
DETALLADO: nextChunk=14
dic 28, 2017 8:32:14 PM org.openxava.tab.impl.JPATabProvider nextBlock
DETALLADO: [JPATabProvider.nextBlock] Ejecutando SELECT e.oid, e.oid, e.nombre from Catalogo e WHERE e.oid in( SELECT c.oid FROM Catalogo c, Tabla t where c.tabla = t.oid and t.nombre ='Oficinas') con argumentos 
dic 28, 2017 8:32:14 PM org.openxava.tab.impl.TableModelBean getRow
DETALLADO: nextChunk=14
dic 28, 2017 8:32:14 PM org.openxava.tab.impl.JPATabProvider nextBlock
DETALLADO: [JPATabProvider.nextBlock] Ejecutando SELECT e.oid, e.oid, e.nombre from Catalogo e WHERE e.oid in( SELECT c.oid FROM Catalogo c, Tabla t where c.tabla = t.oid and t.nombre ='Municipios') con argumentos 
dic 28, 2017 8:32:14 PM org.openxava.tab.impl.TableModelBean getRow
DETALLADO: nextChunk=14
dic 28, 2017 8:32:14 PM org.openxava.tab.impl.JPATabProvider nextBlock
DETALLADO: [JPATabProvider.nextBlock] Ejecutando SELECT e.oid, e.oid, e.nombre from Catalogo e WHERE e.oid in( SELECT c.oid FROM Catalogo c, Tabla t where c.tabla = t.oid and t.nombre ='Paises') con argumentos 
dic 28, 2017 8:32:14 PM org.openxava.tab.impl.TableModelBean getRow
DETALLADO: nextChunk=15
dic 28, 2017 8:32:15 PM org.directwebremoting.util.CommonsLoggingOutput info
INFORMACIÓN: Exec: Module.getStrokeActions()
dic 28, 2017 8:32:19 PM org.directwebremoting.util.CommonsLoggingOutput info
INFORMACIÓN: Exec: Module.getStrokeActions()
