dic 29, 2017 12:52:57 PM org.apache.catalina.core.AprLifecycleListener init
INFORMACIÓN: La biblioteca nativa de Apache Tomcat basada en ARP que permite un rendimiento óptimo en entornos de desarrollo no ha sido hallada en java.library.path: C:\Program Files (x86)\Java\jre1.8.0_111\bin;C:\WINDOWS\Sun\Java\bin;C:\WINDOWS\system32;C:\WINDOWS;C:\ProgramData\Oracle\Java\javapath;C:\Program Files (x86)\Intel\iCLS Client\;C:\Program Files\Intel\iCLS Client\;C:\WINDOWS\system32;C:\WINDOWS;C:\WINDOWS\System32\Wbem;C:\WINDOWS\System32\WindowsPowerShell\v1.0\;C:\Program Files\Hewlett-Packard\SimplePass\;C:\Program Files\Intel\Intel(R) Management Engine Components\DAL;C:\Program Files\Intel\Intel(R) Management Engine Components\IPT;C:\Program Files (x86)\Intel\Intel(R) Management Engine Components\DAL;C:\Program Files (x86)\Intel\Intel(R) Management Engine Components\IPT;C:\Program Files (x86)\Skype\Phone\;C:\Program Files (x86)\Java\jre1.8.0_111\bin;C:\Program Files\MySQL\MySQL Utilities 1.6\;C:\Program Files (x86)\IDM Computer Solutions\UltraEdit\;C:\AppServ\Apache24\bin;C:\AppServ\php5;C:\AppServ\MySQL\bin;C:\Users\Anthonny\AppData\Local\Microsoft\WindowsApps;C:\Users\Anthonny\AppData\Local\GitHubDesktop\bin;.
dic 29, 2017 12:52:59 PM org.apache.coyote.AbstractProtocol init
INFORMACIÓN: Initializing ProtocolHandler ["http-bio-8080"]
dic 29, 2017 12:52:59 PM org.apache.coyote.AbstractProtocol init
INFORMACIÓN: Initializing ProtocolHandler ["ajp-bio-8009"]
dic 29, 2017 12:52:59 PM org.apache.catalina.startup.Catalina load
INFORMACIÓN: Initialization processed in 1327 ms
dic 29, 2017 12:52:59 PM org.apache.catalina.core.StandardService startInternal
INFORMACIÓN: Arrancando servicio Catalina
dic 29, 2017 12:52:59 PM org.apache.catalina.core.StandardEngine startInternal
INFORMACIÓN: Starting Servlet Engine: Apache Tomcat/7.0.50
dic 29, 2017 12:52:59 PM org.apache.catalina.startup.HostConfig deployWAR
INFORMACIÓN: Despliegue del archivo C:\ambiente\openxava-5.8\tomcat\webapps\Afrodita.war de la aplicación web
dic 29, 2017 12:53:17 PM org.apache.catalina.util.SessionIdGenerator createSecureRandom
INFORMACIÓN: Creation of SecureRandom instance for session ID generation using [SHA1PRNG] took [156] milliseconds.
dic 29, 2017 12:53:17 PM org.directwebremoting.util.CommonsLoggingOutput info
INFORMACIÓN: DWR Version 2.0.10 starting.
dic 29, 2017 12:53:17 PM org.directwebremoting.util.CommonsLoggingOutput info
INFORMACIÓN: - Servlet Engine: Apache Tomcat/7.0.50
dic 29, 2017 12:53:17 PM org.directwebremoting.util.CommonsLoggingOutput info
INFORMACIÓN: - Java Version:   1.8.0_111
dic 29, 2017 12:53:17 PM org.directwebremoting.util.CommonsLoggingOutput info
INFORMACIÓN: - Java Vendor:    Oracle Corporation
dic 29, 2017 12:53:17 PM org.directwebremoting.util.CommonsLoggingOutput info
INFORMACIÓN: Probably not an issue: org.jdom.Document is not available so the jdom converter will not load. This is only a problem if you wanted to use it.
dic 29, 2017 12:53:17 PM org.directwebremoting.util.CommonsLoggingOutput info
INFORMACIÓN: Probably not an issue: org.jdom.Element is not available so the jdom converter will not load. This is only a problem if you wanted to use it.
dic 29, 2017 12:53:17 PM org.apache.coyote.AbstractProtocol start
INFORMACIÓN: Starting ProtocolHandler ["http-bio-8080"]
dic 29, 2017 12:53:17 PM org.apache.coyote.AbstractProtocol start
INFORMACIÓN: Starting ProtocolHandler ["ajp-bio-8009"]
dic 29, 2017 12:53:17 PM org.apache.catalina.startup.Catalina start
INFORMACIÓN: Server startup in 18915 ms
dic 29, 2017 12:53:50 PM org.hibernate.ejb.HibernatePersistence logDeprecation
WARN: HHH015016: Encountered a deprecated javax.persistence.spi.PersistenceProvider [org.hibernate.ejb.HibernatePersistence]; use [org.hibernate.jpa.HibernatePersistenceProvider] instead.
dic 29, 2017 12:53:50 PM org.hibernate.ejb.HibernatePersistence logDeprecation
WARN: HHH015016: Encountered a deprecated javax.persistence.spi.PersistenceProvider [org.hibernate.ejb.HibernatePersistence]; use [org.hibernate.jpa.HibernatePersistenceProvider] instead.
dic 29, 2017 12:53:50 PM org.hibernate.ejb.HibernatePersistence logDeprecation
WARN: HHH015016: Encountered a deprecated javax.persistence.spi.PersistenceProvider [org.hibernate.ejb.HibernatePersistence]; use [org.hibernate.jpa.HibernatePersistenceProvider] instead.
dic 29, 2017 12:53:50 PM org.hibernate.jpa.internal.util.LogHelper logPersistenceUnitInformation
INFO: HHH000204: Processing PersistenceUnitInfo [
	name: default
	...]
dic 29, 2017 12:53:50 PM org.hibernate.Version logVersion
INFO: HHH000412: Hibernate Core {4.3.9.Final}
dic 29, 2017 12:53:50 PM org.hibernate.cfg.Environment <clinit>
INFO: HHH000206: hibernate.properties not found
dic 29, 2017 12:53:50 PM org.hibernate.cfg.Environment buildBytecodeProvider
INFO: HHH000021: Bytecode provider name : javassist
dic 29, 2017 12:53:50 PM org.hibernate.annotations.common.reflection.java.JavaReflectionManager <clinit>
INFO: HCANN000001: Hibernate Commons Annotations {4.0.5.Final}
dic 29, 2017 12:53:51 PM org.hibernate.dialect.Dialect <init>
INFO: HHH000400: Using dialect: org.hibernate.dialect.MySQLDialect
dic 29, 2017 12:53:51 PM org.hibernate.hql.internal.ast.ASTQueryTranslatorFactory <init>
INFO: HHH000397: Using ASTQueryTranslatorFactory
dic 29, 2017 12:53:51 PM org.hibernate.validator.internal.util.Version <clinit>
INFO: HV000001: Hibernate Validator 5.1.3.Final
dic 29, 2017 12:53:52 PM org.hibernate.id.UUIDHexGenerator <init>
WARN: HHH000409: Using org.hibernate.id.UUIDHexGenerator which does not generate IETF RFC 4122 compliant UUID values; consider using org.hibernate.id.UUIDGenerator instead
dic 29, 2017 12:53:52 PM org.apache.jasper.compiler.TldLocationsCache tldScanJar
INFORMACIÓN: Al menos un JAR, que se ha explorado buscando TLDs, aún no contenía TLDs. Activar historial de depuración para este historiador para una completa lista de los JARs que fueron explorados y de los que nos se halló TLDs. Saltarse JARs no necesarios durante la exploración puede dar lugar a una mejora de tiempo significativa en el arranque y compilación de JSP .
dic 29, 2017 12:53:54 PM org.openxava.controller.ModuleManager <clinit>
INFORMACIÓN: OpenXava 5.8 (2017-10-17)
dic 29, 2017 12:53:57 PM org.directwebremoting.util.CommonsLoggingOutput info
INFORMACIÓN: Exec: Module.getStrokeActions()
dic 29, 2017 12:53:58 PM org.directwebremoting.util.CommonsLoggingOutput warn
ADVERTENCIA: Missing type info for request(5<0>). Assuming this is a map with String keys. Please add to <signatures> in dwr.xml
dic 29, 2017 12:53:58 PM org.directwebremoting.util.CommonsLoggingOutput warn
ADVERTENCIA: Missing type info for request(5<1>). Assuming this is a map with String keys. Please add to <signatures> in dwr.xml
dic 29, 2017 12:53:58 PM org.directwebremoting.util.CommonsLoggingOutput warn
ADVERTENCIA: Missing type info for request(6<0>). Assuming this is a map with String keys. Please add to <signatures> in dwr.xml
dic 29, 2017 12:53:58 PM org.directwebremoting.util.CommonsLoggingOutput warn
ADVERTENCIA: Missing type info for request(6<1>). Assuming this is a map with String keys. Please add to <signatures> in dwr.xml
dic 29, 2017 12:53:58 PM org.directwebremoting.util.CommonsLoggingOutput info
INFORMACIÓN: Exec: Module.request()
dic 29, 2017 12:53:58 PM org.openxava.controller.ModuleManager execute
DETALLADO: Execute SignIn.signIn=2 ms
dic 29, 2017 12:53:58 PM org.openxava.web.dwr.Module request
DETALLADO: Tiempo petición=7 ms
dic 29, 2017 12:53:58 PM org.openxava.util.Labels get
ADVERTENCIA: Imposible internacionalizar elemento con id Registro
dic 29, 2017 12:53:58 PM org.openxava.util.Labels getWithoutCache
ADVERTENCIA: Imposible internacionalizar elemento con id GraficoBuld
dic 29, 2017 12:53:58 PM org.openxava.util.Labels get
ADVERTENCIA: Imposible internacionalizar elemento con id Catalogo
dic 29, 2017 12:53:58 PM org.openxava.view.meta.MetaView setName
ADVERTENCIA: Nombre de sección incorrecto: 'Ingresar Tabla'. Blancos no permitidos en nombres de secciones. Nombre de sección cambiado a 'IngresarTabla'
dic 29, 2017 12:53:58 PM org.openxava.view.meta.MetaView setName
ADVERTENCIA: Nombre de sección incorrecto: 'Gestionar Catalogos'. Blancos no permitidos en nombres de secciones. Nombre de sección cambiado a 'GestionarCatalogos'
dic 29, 2017 12:53:58 PM org.openxava.util.Labels getWithoutCache
ADVERTENCIA: Imposible internacionalizar elemento con id Catalogo
dic 29, 2017 12:53:58 PM org.openxava.util.Labels getWithoutCache
ADVERTENCIA: Imposible internacionalizar elemento con id GraficoBarraDetalle
dic 29, 2017 12:53:58 PM org.openxava.util.Labels getWithoutCache
ADVERTENCIA: Imposible internacionalizar elemento con id GraficoZoomxySeries
dic 29, 2017 12:53:58 PM org.openxava.util.Labels getWithoutCache
ADVERTENCIA: Imposible internacionalizar elemento con id GraficoxySeries
dic 29, 2017 12:53:58 PM org.openxava.util.Labels get
ADVERTENCIA: Imposible internacionalizar elemento con id Mapa
dic 29, 2017 12:53:58 PM org.openxava.util.Labels getWithoutCache
ADVERTENCIA: Imposible internacionalizar elemento con id Mapa
dic 29, 2017 12:53:58 PM org.openxava.util.Labels getWithoutCache
ADVERTENCIA: Imposible internacionalizar elemento con id Origen
dic 29, 2017 12:53:58 PM org.openxava.util.Labels get
ADVERTENCIA: Imposible internacionalizar elemento con id Programa
dic 29, 2017 12:53:58 PM org.openxava.util.Labels getWithoutCache
ADVERTENCIA: Imposible internacionalizar elemento con id Programa
dic 29, 2017 12:53:58 PM org.openxava.util.Labels getWithoutCache
ADVERTENCIA: Imposible internacionalizar elemento con id Registro
dic 29, 2017 12:53:58 PM org.openxava.util.Labels get
ADVERTENCIA: Imposible internacionalizar elemento con id Regla
dic 29, 2017 12:53:58 PM org.openxava.util.Labels getWithoutCache
ADVERTENCIA: Imposible internacionalizar elemento con id Regla
dic 29, 2017 12:53:58 PM org.openxava.util.Labels get
ADVERTENCIA: Imposible internacionalizar elemento con id Sensor
dic 29, 2017 12:53:58 PM org.openxava.util.Labels getWithoutCache
ADVERTENCIA: Imposible internacionalizar elemento con id Sensor
dic 29, 2017 12:53:58 PM org.openxava.util.Labels get
ADVERTENCIA: Imposible internacionalizar elemento con id Sistema
dic 29, 2017 12:53:58 PM org.openxava.util.Labels getWithoutCache
ADVERTENCIA: Imposible internacionalizar elemento con id Sistema
dic 29, 2017 12:53:58 PM org.openxava.util.Labels getWithoutCache
ADVERTENCIA: Imposible internacionalizar elemento con id Tabla
dic 29, 2017 12:53:58 PM org.openxava.util.Labels getWithoutCache
ADVERTENCIA: Imposible internacionalizar elemento con id menuGraficos
dic 29, 2017 12:53:59 PM org.directwebremoting.util.CommonsLoggingOutput info
INFORMACIÓN: Exec: Module.getStrokeActions()
dic 29, 2017 12:54:06 PM org.directwebremoting.util.CommonsLoggingOutput info
INFORMACIÓN: Exec: Module.getStrokeActions()
dic 29, 2017 12:54:11 PM org.directwebremoting.util.CommonsLoggingOutput info
INFORMACIÓN: Exec: Module.getStrokeActions()
dic 29, 2017 1:00:14 PM org.apache.catalina.core.AprLifecycleListener init
INFORMACIÓN: La biblioteca nativa de Apache Tomcat basada en ARP que permite un rendimiento óptimo en entornos de desarrollo no ha sido hallada en java.library.path: C:\Program Files (x86)\Java\jre1.8.0_111\bin;C:\WINDOWS\Sun\Java\bin;C:\WINDOWS\system32;C:\WINDOWS;C:\ProgramData\Oracle\Java\javapath;C:\Program Files (x86)\Intel\iCLS Client\;C:\Program Files\Intel\iCLS Client\;C:\WINDOWS\system32;C:\WINDOWS;C:\WINDOWS\System32\Wbem;C:\WINDOWS\System32\WindowsPowerShell\v1.0\;C:\Program Files\Hewlett-Packard\SimplePass\;C:\Program Files\Intel\Intel(R) Management Engine Components\DAL;C:\Program Files\Intel\Intel(R) Management Engine Components\IPT;C:\Program Files (x86)\Intel\Intel(R) Management Engine Components\DAL;C:\Program Files (x86)\Intel\Intel(R) Management Engine Components\IPT;C:\Program Files (x86)\Skype\Phone\;C:\Program Files (x86)\Java\jre1.8.0_111\bin;C:\Program Files\MySQL\MySQL Utilities 1.6\;C:\Program Files (x86)\IDM Computer Solutions\UltraEdit\;C:\AppServ\Apache24\bin;C:\AppServ\php5;C:\AppServ\MySQL\bin;C:\Users\Anthonny\AppData\Local\Microsoft\WindowsApps;C:\Users\Anthonny\AppData\Local\GitHubDesktop\bin;.
dic 29, 2017 1:00:14 PM org.apache.coyote.AbstractProtocol init
INFORMACIÓN: Initializing ProtocolHandler ["http-bio-8082"]
dic 29, 2017 1:00:14 PM org.apache.coyote.AbstractProtocol init
INFORMACIÓN: Initializing ProtocolHandler ["ajp-bio-8009"]
dic 29, 2017 1:00:14 PM org.apache.catalina.startup.Catalina load
INFORMACIÓN: Initialization processed in 662 ms
dic 29, 2017 1:00:14 PM org.apache.catalina.core.StandardService startInternal
INFORMACIÓN: Arrancando servicio Catalina
dic 29, 2017 1:00:14 PM org.apache.catalina.core.StandardEngine startInternal
INFORMACIÓN: Starting Servlet Engine: Apache Tomcat/7.0.50
dic 29, 2017 1:00:14 PM org.apache.catalina.startup.HostConfig deployWAR
INFORMACIÓN: Despliegue del archivo C:\ambiente\openxava-5.8\tomcat\webapps\Afrodita.war de la aplicación web
dic 29, 2017 1:00:19 PM org.apache.catalina.util.SessionIdGenerator createSecureRandom
INFORMACIÓN: Creation of SecureRandom instance for session ID generation using [SHA1PRNG] took [125] milliseconds.
dic 29, 2017 1:00:19 PM org.directwebremoting.util.CommonsLoggingOutput info
INFORMACIÓN: DWR Version 2.0.10 starting.
dic 29, 2017 1:00:19 PM org.directwebremoting.util.CommonsLoggingOutput info
INFORMACIÓN: - Servlet Engine: Apache Tomcat/7.0.50
dic 29, 2017 1:00:19 PM org.directwebremoting.util.CommonsLoggingOutput info
INFORMACIÓN: - Java Version:   1.8.0_111
dic 29, 2017 1:00:19 PM org.directwebremoting.util.CommonsLoggingOutput info
INFORMACIÓN: - Java Vendor:    Oracle Corporation
dic 29, 2017 1:00:19 PM org.directwebremoting.util.CommonsLoggingOutput info
INFORMACIÓN: Probably not an issue: org.jdom.Document is not available so the jdom converter will not load. This is only a problem if you wanted to use it.
dic 29, 2017 1:00:19 PM org.directwebremoting.util.CommonsLoggingOutput info
INFORMACIÓN: Probably not an issue: org.jdom.Element is not available so the jdom converter will not load. This is only a problem if you wanted to use it.
dic 29, 2017 1:00:19 PM org.apache.coyote.AbstractProtocol start
INFORMACIÓN: Starting ProtocolHandler ["http-bio-8082"]
dic 29, 2017 1:00:19 PM org.apache.coyote.AbstractProtocol start
INFORMACIÓN: Starting ProtocolHandler ["ajp-bio-8009"]
dic 29, 2017 1:00:19 PM org.apache.catalina.startup.Catalina start
INFORMACIÓN: Server startup in 4795 ms
dic 29, 2017 1:00:29 PM org.hibernate.ejb.HibernatePersistence logDeprecation
WARN: HHH015016: Encountered a deprecated javax.persistence.spi.PersistenceProvider [org.hibernate.ejb.HibernatePersistence]; use [org.hibernate.jpa.HibernatePersistenceProvider] instead.
dic 29, 2017 1:00:29 PM org.hibernate.ejb.HibernatePersistence logDeprecation
WARN: HHH015016: Encountered a deprecated javax.persistence.spi.PersistenceProvider [org.hibernate.ejb.HibernatePersistence]; use [org.hibernate.jpa.HibernatePersistenceProvider] instead.
dic 29, 2017 1:00:29 PM org.hibernate.ejb.HibernatePersistence logDeprecation
WARN: HHH015016: Encountered a deprecated javax.persistence.spi.PersistenceProvider [org.hibernate.ejb.HibernatePersistence]; use [org.hibernate.jpa.HibernatePersistenceProvider] instead.
dic 29, 2017 1:00:29 PM org.hibernate.jpa.internal.util.LogHelper logPersistenceUnitInformation
INFO: HHH000204: Processing PersistenceUnitInfo [
	name: default
	...]
dic 29, 2017 1:00:29 PM org.hibernate.Version logVersion
INFO: HHH000412: Hibernate Core {4.3.9.Final}
dic 29, 2017 1:00:29 PM org.hibernate.cfg.Environment <clinit>
INFO: HHH000206: hibernate.properties not found
dic 29, 2017 1:00:29 PM org.hibernate.cfg.Environment buildBytecodeProvider
INFO: HHH000021: Bytecode provider name : javassist
dic 29, 2017 1:00:29 PM org.hibernate.annotations.common.reflection.java.JavaReflectionManager <clinit>
INFO: HCANN000001: Hibernate Commons Annotations {4.0.5.Final}
dic 29, 2017 1:00:30 PM org.hibernate.dialect.Dialect <init>
INFO: HHH000400: Using dialect: org.hibernate.dialect.MySQLDialect
dic 29, 2017 1:00:30 PM org.hibernate.hql.internal.ast.ASTQueryTranslatorFactory <init>
INFO: HHH000397: Using ASTQueryTranslatorFactory
dic 29, 2017 1:00:30 PM org.hibernate.validator.internal.util.Version <clinit>
INFO: HV000001: Hibernate Validator 5.1.3.Final
dic 29, 2017 1:00:31 PM org.hibernate.id.UUIDHexGenerator <init>
WARN: HHH000409: Using org.hibernate.id.UUIDHexGenerator which does not generate IETF RFC 4122 compliant UUID values; consider using org.hibernate.id.UUIDGenerator instead
dic 29, 2017 1:00:32 PM org.openxava.controller.ModuleManager <clinit>
INFORMACIÓN: OpenXava 5.8 (2017-10-17)
dic 29, 2017 1:00:35 PM org.directwebremoting.util.CommonsLoggingOutput info
INFORMACIÓN: Exec: Module.getStrokeActions()
dic 29, 2017 1:00:43 PM org.directwebremoting.util.CommonsLoggingOutput warn
ADVERTENCIA: Missing type info for request(5<0>). Assuming this is a map with String keys. Please add to <signatures> in dwr.xml
dic 29, 2017 1:00:43 PM org.directwebremoting.util.CommonsLoggingOutput warn
ADVERTENCIA: Missing type info for request(5<1>). Assuming this is a map with String keys. Please add to <signatures> in dwr.xml
dic 29, 2017 1:00:43 PM org.directwebremoting.util.CommonsLoggingOutput warn
ADVERTENCIA: Missing type info for request(6<0>). Assuming this is a map with String keys. Please add to <signatures> in dwr.xml
dic 29, 2017 1:00:43 PM org.directwebremoting.util.CommonsLoggingOutput warn
ADVERTENCIA: Missing type info for request(6<1>). Assuming this is a map with String keys. Please add to <signatures> in dwr.xml
dic 29, 2017 1:00:43 PM org.directwebremoting.util.CommonsLoggingOutput info
INFORMACIÓN: Exec: Module.request()
dic 29, 2017 1:00:43 PM org.openxava.controller.ModuleManager execute
DETALLADO: Execute SignIn.signIn=11 ms
dic 29, 2017 1:00:43 PM org.openxava.web.dwr.Module request
DETALLADO: Tiempo petición=17 ms
dic 29, 2017 1:00:43 PM org.openxava.util.Labels get
ADVERTENCIA: Imposible internacionalizar elemento con id Registro
dic 29, 2017 1:00:43 PM org.openxava.util.Labels getWithoutCache
ADVERTENCIA: Imposible internacionalizar elemento con id GraficoBarraDetalle
dic 29, 2017 1:00:43 PM org.openxava.util.Labels get
ADVERTENCIA: Imposible internacionalizar elemento con id Catalogo
dic 29, 2017 1:00:43 PM org.openxava.view.meta.MetaView setName
ADVERTENCIA: Nombre de sección incorrecto: 'Ingresar Tabla'. Blancos no permitidos en nombres de secciones. Nombre de sección cambiado a 'IngresarTabla'
dic 29, 2017 1:00:43 PM org.openxava.view.meta.MetaView setName
ADVERTENCIA: Nombre de sección incorrecto: 'Gestionar Catalogos'. Blancos no permitidos en nombres de secciones. Nombre de sección cambiado a 'GestionarCatalogos'
dic 29, 2017 1:00:43 PM org.openxava.util.Labels getWithoutCache
ADVERTENCIA: Imposible internacionalizar elemento con id Catalogo
dic 29, 2017 1:00:43 PM org.openxava.util.Labels getWithoutCache
ADVERTENCIA: Imposible internacionalizar elemento con id GraficoBuld
dic 29, 2017 1:00:43 PM org.openxava.util.Labels getWithoutCache
ADVERTENCIA: Imposible internacionalizar elemento con id GraficoZoomxySeries
dic 29, 2017 1:00:43 PM org.openxava.util.Labels getWithoutCache
ADVERTENCIA: Imposible internacionalizar elemento con id GraficoxySeries
dic 29, 2017 1:00:43 PM org.openxava.util.Labels get
ADVERTENCIA: Imposible internacionalizar elemento con id Mapa
dic 29, 2017 1:00:43 PM org.openxava.util.Labels getWithoutCache
ADVERTENCIA: Imposible internacionalizar elemento con id Mapa
dic 29, 2017 1:00:43 PM org.openxava.util.Labels getWithoutCache
ADVERTENCIA: Imposible internacionalizar elemento con id Origen
dic 29, 2017 1:00:43 PM org.openxava.util.Labels get
ADVERTENCIA: Imposible internacionalizar elemento con id Programa
dic 29, 2017 1:00:43 PM org.openxava.util.Labels getWithoutCache
ADVERTENCIA: Imposible internacionalizar elemento con id Programa
dic 29, 2017 1:00:43 PM org.openxava.util.Labels getWithoutCache
ADVERTENCIA: Imposible internacionalizar elemento con id Registro
dic 29, 2017 1:00:43 PM org.openxava.util.Labels get
ADVERTENCIA: Imposible internacionalizar elemento con id Regla
dic 29, 2017 1:00:43 PM org.openxava.util.Labels getWithoutCache
ADVERTENCIA: Imposible internacionalizar elemento con id Regla
dic 29, 2017 1:00:43 PM org.openxava.util.Labels get
ADVERTENCIA: Imposible internacionalizar elemento con id Sensor
dic 29, 2017 1:00:43 PM org.openxava.util.Labels getWithoutCache
ADVERTENCIA: Imposible internacionalizar elemento con id Sensor
dic 29, 2017 1:00:43 PM org.openxava.util.Labels get
ADVERTENCIA: Imposible internacionalizar elemento con id Sistema
dic 29, 2017 1:00:43 PM org.openxava.util.Labels getWithoutCache
ADVERTENCIA: Imposible internacionalizar elemento con id Sistema
dic 29, 2017 1:00:43 PM org.openxava.util.Labels getWithoutCache
ADVERTENCIA: Imposible internacionalizar elemento con id Tabla
dic 29, 2017 1:00:43 PM org.openxava.util.Labels getWithoutCache
ADVERTENCIA: Imposible internacionalizar elemento con id menuGraficos
dic 29, 2017 1:00:45 PM org.directwebremoting.util.CommonsLoggingOutput info
INFORMACIÓN: Exec: Module.getStrokeActions()
dic 29, 2017 1:01:03 PM org.directwebremoting.util.CommonsLoggingOutput info
INFORMACIÓN: Exec: Module.getStrokeActions()
dic 29, 2017 1:01:42 PM org.directwebremoting.util.CommonsLoggingOutput warn
ADVERTENCIA: Missing type info for request(5<0>). Assuming this is a map with String keys. Please add to <signatures> in dwr.xml
dic 29, 2017 1:01:42 PM org.directwebremoting.util.CommonsLoggingOutput warn
ADVERTENCIA: Missing type info for request(5<1>). Assuming this is a map with String keys. Please add to <signatures> in dwr.xml
dic 29, 2017 1:01:42 PM org.directwebremoting.util.CommonsLoggingOutput warn
ADVERTENCIA: Missing type info for request(6<0>). Assuming this is a map with String keys. Please add to <signatures> in dwr.xml
dic 29, 2017 1:01:42 PM org.directwebremoting.util.CommonsLoggingOutput warn
ADVERTENCIA: Missing type info for request(6<1>). Assuming this is a map with String keys. Please add to <signatures> in dwr.xml
dic 29, 2017 1:01:42 PM org.directwebremoting.util.CommonsLoggingOutput info
INFORMACIÓN: Exec: Module.request()
dic 29, 2017 1:01:42 PM org.openxava.controller.ModuleManager execute
DETALLADO: Execute SignIn.signIn=3 ms
dic 29, 2017 1:01:42 PM org.openxava.web.dwr.Module request
DETALLADO: Tiempo petición=7 ms
dic 29, 2017 1:01:43 PM org.directwebremoting.util.CommonsLoggingOutput info
INFORMACIÓN: Exec: Module.getStrokeActions()
dic 29, 2017 1:02:03 PM org.directwebremoting.util.CommonsLoggingOutput info
INFORMACIÓN: Exec: Module.getStrokeActions()
dic 29, 2017 1:02:21 PM org.directwebremoting.util.CommonsLoggingOutput info
INFORMACIÓN: Exec: Module.getStrokeActions()
dic 29, 2017 1:09:04 PM org.directwebremoting.util.CommonsLoggingOutput warn
ADVERTENCIA: Missing type info for request(5<0>). Assuming this is a map with String keys. Please add to <signatures> in dwr.xml
dic 29, 2017 1:09:04 PM org.directwebremoting.util.CommonsLoggingOutput warn
ADVERTENCIA: Missing type info for request(5<1>). Assuming this is a map with String keys. Please add to <signatures> in dwr.xml
dic 29, 2017 1:09:04 PM org.directwebremoting.util.CommonsLoggingOutput warn
ADVERTENCIA: Missing type info for request(6<0>). Assuming this is a map with String keys. Please add to <signatures> in dwr.xml
dic 29, 2017 1:09:04 PM org.directwebremoting.util.CommonsLoggingOutput warn
ADVERTENCIA: Missing type info for request(6<1>). Assuming this is a map with String keys. Please add to <signatures> in dwr.xml
dic 29, 2017 1:09:04 PM org.directwebremoting.util.CommonsLoggingOutput info
INFORMACIÓN: Exec: Module.request()
dic 29, 2017 1:09:04 PM org.openxava.web.dwr.Module request
DETALLADO: Tiempo petición=0 ms
dic 29, 2017 1:09:05 PM org.directwebremoting.util.CommonsLoggingOutput info
INFORMACIÓN: Exec: Module.getStrokeActions()
dic 29, 2017 1:09:06 PM org.directwebremoting.util.CommonsLoggingOutput warn
ADVERTENCIA: Missing type info for request(5<0>). Assuming this is a map with String keys. Please add to <signatures> in dwr.xml
dic 29, 2017 1:09:06 PM org.directwebremoting.util.CommonsLoggingOutput warn
ADVERTENCIA: Missing type info for request(5<1>). Assuming this is a map with String keys. Please add to <signatures> in dwr.xml
dic 29, 2017 1:09:06 PM org.directwebremoting.util.CommonsLoggingOutput warn
ADVERTENCIA: Missing type info for request(6<0>). Assuming this is a map with String keys. Please add to <signatures> in dwr.xml
dic 29, 2017 1:09:06 PM org.directwebremoting.util.CommonsLoggingOutput warn
ADVERTENCIA: Missing type info for request(6<1>). Assuming this is a map with String keys. Please add to <signatures> in dwr.xml
dic 29, 2017 1:09:06 PM org.directwebremoting.util.CommonsLoggingOutput info
INFORMACIÓN: Exec: Module.request()
dic 29, 2017 1:09:06 PM org.openxava.controller.ModuleManager execute
DETALLADO: Execute SignIn.signIn=3 ms
dic 29, 2017 1:09:06 PM org.openxava.web.dwr.Module request
DETALLADO: Tiempo petición=5 ms
dic 29, 2017 1:09:07 PM org.directwebremoting.util.CommonsLoggingOutput info
INFORMACIÓN: Exec: Module.getStrokeActions()
dic 29, 2017 1:10:25 PM org.directwebremoting.util.CommonsLoggingOutput info
INFORMACIÓN: Exec: Module.getStrokeActions()
dic 29, 2017 1:10:27 PM org.directwebremoting.util.CommonsLoggingOutput info
INFORMACIÓN: Exec: Module.getStrokeActions()
dic 29, 2017 1:10:27 PM org.directwebremoting.util.CommonsLoggingOutput info
INFORMACIÓN: Exec: Module.getStrokeActions()
dic 29, 2017 1:10:30 PM org.openxava.util.Labels getWithoutCache
ADVERTENCIA: Imposible internacionalizar elemento con id tabla
dic 29, 2017 1:10:30 PM org.openxava.util.Labels getWithoutCache
ADVERTENCIA: Imposible internacionalizar elemento con id catalogo
dic 29, 2017 1:10:30 PM org.openxava.util.Labels getWithoutCache
ADVERTENCIA: Imposible internacionalizar elemento con id valorEntero
dic 29, 2017 1:10:30 PM org.openxava.util.Labels getWithoutCache
ADVERTENCIA: Imposible internacionalizar elemento con id valorTiempo
dic 29, 2017 1:10:30 PM org.openxava.util.Labels getWithoutCache
ADVERTENCIA: Imposible internacionalizar elemento con id valorCadena
dic 29, 2017 1:10:30 PM org.openxava.util.Labels getWithoutCache
ADVERTENCIA: Imposible internacionalizar elemento con id valorDecimal
dic 29, 2017 1:10:30 PM org.openxava.util.Labels getWithoutCache
ADVERTENCIA: Imposible internacionalizar elemento con id catalogoTabla
dic 29, 2017 1:10:30 PM org.openxava.tab.impl.JPATabProvider nextBlock
DETALLADO: [JPATabProvider.nextBlock] Ejecutando SELECT e.oid, e.nombre, e.valorEntero, e.valorTiempo, e.valorCadena, e.valorDecimal, e.catalogoTabla, e_tabla.nombre from Catalogo e left join e.tabla e_tabla WHERE  1=1  order by e_tabla.nombre asc con argumentos 
dic 29, 2017 1:10:30 PM org.openxava.tab.impl.TableModelBean getRow
DETALLADO: nextChunk=341
dic 29, 2017 1:10:30 PM org.apache.jasper.compiler.TldLocationsCache tldScanJar
INFORMACIÓN: Al menos un JAR, que se ha explorado buscando TLDs, aún no contenía TLDs. Activar historial de depuración para este historiador para una completa lista de los JARs que fueron explorados y de los que nos se halló TLDs. Saltarse JARs no necesarios durante la exploración puede dar lugar a una mejora de tiempo significativa en el arranque y compilación de JSP .
dic 29, 2017 1:10:31 PM org.openxava.util.Labels getWithoutCache
ADVERTENCIA: Imposible internacionalizar elemento con id Cards
dic 29, 2017 1:10:31 PM org.openxava.util.ResourceManagerI18n getString
ADVERTENCIA: Impossible to translate element with id and
dic 29, 2017 1:10:31 PM org.openxava.util.ResourceManagerI18n getString
ADVERTENCIA: Impossible to translate element with id and
dic 29, 2017 1:10:31 PM org.openxava.util.ResourceManagerI18n getString
ADVERTENCIA: Impossible to translate element with id and
dic 29, 2017 1:10:31 PM org.openxava.util.ResourceManagerI18n getString
ADVERTENCIA: Impossible to translate element with id and
dic 29, 2017 1:10:31 PM org.openxava.util.Labels getWithoutCache
ADVERTENCIA: Imposible internacionalizar elemento con id valorEntero
dic 29, 2017 1:10:31 PM org.openxava.util.Labels getWithoutCache
ADVERTENCIA: Imposible internacionalizar elemento con id valorTiempo
dic 29, 2017 1:10:31 PM org.openxava.util.Labels getWithoutCache
ADVERTENCIA: Imposible internacionalizar elemento con id valorCadena
dic 29, 2017 1:10:31 PM org.openxava.util.Labels getWithoutCache
ADVERTENCIA: Imposible internacionalizar elemento con id valorDecimal
dic 29, 2017 1:10:31 PM org.openxava.util.Labels getWithoutCache
ADVERTENCIA: Imposible internacionalizar elemento con id catalogoTabla
dic 29, 2017 1:10:31 PM org.openxava.util.Labels getWithoutCache
ADVERTENCIA: Imposible internacionalizar elemento con id tabla
dic 29, 2017 1:10:32 PM org.directwebremoting.util.CommonsLoggingOutput info
INFORMACIÓN: Exec: Module.getStrokeActions()
dic 29, 2017 1:11:07 PM org.apache.catalina.core.AprLifecycleListener init
INFORMACIÓN: La biblioteca nativa de Apache Tomcat basada en ARP que permite un rendimiento óptimo en entornos de desarrollo no ha sido hallada en java.library.path: C:\Program Files (x86)\Java\jre1.8.0_111\bin;C:\WINDOWS\Sun\Java\bin;C:\WINDOWS\system32;C:\WINDOWS;C:\ProgramData\Oracle\Java\javapath;C:\Program Files (x86)\Intel\iCLS Client\;C:\Program Files\Intel\iCLS Client\;C:\WINDOWS\system32;C:\WINDOWS;C:\WINDOWS\System32\Wbem;C:\WINDOWS\System32\WindowsPowerShell\v1.0\;C:\Program Files\Hewlett-Packard\SimplePass\;C:\Program Files\Intel\Intel(R) Management Engine Components\DAL;C:\Program Files\Intel\Intel(R) Management Engine Components\IPT;C:\Program Files (x86)\Intel\Intel(R) Management Engine Components\DAL;C:\Program Files (x86)\Intel\Intel(R) Management Engine Components\IPT;C:\Program Files (x86)\Skype\Phone\;C:\Program Files (x86)\Java\jre1.8.0_111\bin;C:\Program Files\MySQL\MySQL Utilities 1.6\;C:\Program Files (x86)\IDM Computer Solutions\UltraEdit\;C:\AppServ\Apache24\bin;C:\AppServ\php5;C:\AppServ\MySQL\bin;C:\Users\Anthonny\AppData\Local\Microsoft\WindowsApps;C:\Users\Anthonny\AppData\Local\GitHubDesktop\bin;.
dic 29, 2017 1:11:08 PM org.apache.coyote.AbstractProtocol init
INFORMACIÓN: Initializing ProtocolHandler ["http-bio-8082"]
dic 29, 2017 1:11:08 PM org.apache.coyote.AbstractProtocol init
INFORMACIÓN: Initializing ProtocolHandler ["ajp-bio-8009"]
dic 29, 2017 1:11:08 PM org.apache.catalina.startup.Catalina load
INFORMACIÓN: Initialization processed in 779 ms
dic 29, 2017 1:11:08 PM org.apache.catalina.core.StandardService startInternal
INFORMACIÓN: Arrancando servicio Catalina
dic 29, 2017 1:11:08 PM org.apache.catalina.core.StandardEngine startInternal
INFORMACIÓN: Starting Servlet Engine: Apache Tomcat/7.0.50
dic 29, 2017 1:11:08 PM org.apache.catalina.startup.HostConfig deployWAR
INFORMACIÓN: Despliegue del archivo C:\ambiente\openxava-5.8\tomcat\webapps\Afrodita.war de la aplicación web
dic 29, 2017 1:11:12 PM org.apache.catalina.util.SessionIdGenerator createSecureRandom
INFORMACIÓN: Creation of SecureRandom instance for session ID generation using [SHA1PRNG] took [125] milliseconds.
dic 29, 2017 1:11:12 PM org.directwebremoting.util.CommonsLoggingOutput info
INFORMACIÓN: DWR Version 2.0.10 starting.
dic 29, 2017 1:11:12 PM org.directwebremoting.util.CommonsLoggingOutput info
INFORMACIÓN: - Servlet Engine: Apache Tomcat/7.0.50
dic 29, 2017 1:11:12 PM org.directwebremoting.util.CommonsLoggingOutput info
INFORMACIÓN: - Java Version:   1.8.0_111
dic 29, 2017 1:11:12 PM org.directwebremoting.util.CommonsLoggingOutput info
INFORMACIÓN: - Java Vendor:    Oracle Corporation
dic 29, 2017 1:11:12 PM org.directwebremoting.util.CommonsLoggingOutput info
INFORMACIÓN: Probably not an issue: org.jdom.Document is not available so the jdom converter will not load. This is only a problem if you wanted to use it.
dic 29, 2017 1:11:12 PM org.directwebremoting.util.CommonsLoggingOutput info
INFORMACIÓN: Probably not an issue: org.jdom.Element is not available so the jdom converter will not load. This is only a problem if you wanted to use it.
dic 29, 2017 1:11:12 PM org.apache.coyote.AbstractProtocol start
INFORMACIÓN: Starting ProtocolHandler ["http-bio-8082"]
dic 29, 2017 1:11:12 PM org.apache.coyote.AbstractProtocol start
INFORMACIÓN: Starting ProtocolHandler ["ajp-bio-8009"]
dic 29, 2017 1:11:12 PM org.apache.catalina.startup.Catalina start
INFORMACIÓN: Server startup in 4170 ms
dic 29, 2017 1:11:16 PM org.hibernate.ejb.HibernatePersistence logDeprecation
WARN: HHH015016: Encountered a deprecated javax.persistence.spi.PersistenceProvider [org.hibernate.ejb.HibernatePersistence]; use [org.hibernate.jpa.HibernatePersistenceProvider] instead.
dic 29, 2017 1:11:16 PM org.hibernate.ejb.HibernatePersistence logDeprecation
WARN: HHH015016: Encountered a deprecated javax.persistence.spi.PersistenceProvider [org.hibernate.ejb.HibernatePersistence]; use [org.hibernate.jpa.HibernatePersistenceProvider] instead.
dic 29, 2017 1:11:16 PM org.hibernate.ejb.HibernatePersistence logDeprecation
WARN: HHH015016: Encountered a deprecated javax.persistence.spi.PersistenceProvider [org.hibernate.ejb.HibernatePersistence]; use [org.hibernate.jpa.HibernatePersistenceProvider] instead.
dic 29, 2017 1:11:16 PM org.hibernate.jpa.internal.util.LogHelper logPersistenceUnitInformation
INFO: HHH000204: Processing PersistenceUnitInfo [
	name: default
	...]
dic 29, 2017 1:11:16 PM org.hibernate.Version logVersion
INFO: HHH000412: Hibernate Core {4.3.9.Final}
dic 29, 2017 1:11:16 PM org.hibernate.cfg.Environment <clinit>
INFO: HHH000206: hibernate.properties not found
dic 29, 2017 1:11:16 PM org.hibernate.cfg.Environment buildBytecodeProvider
INFO: HHH000021: Bytecode provider name : javassist
dic 29, 2017 1:11:16 PM org.hibernate.annotations.common.reflection.java.JavaReflectionManager <clinit>
INFO: HCANN000001: Hibernate Commons Annotations {4.0.5.Final}
dic 29, 2017 1:11:17 PM org.hibernate.dialect.Dialect <init>
INFO: HHH000400: Using dialect: org.hibernate.dialect.MySQLDialect
dic 29, 2017 1:11:17 PM org.hibernate.hql.internal.ast.ASTQueryTranslatorFactory <init>
INFO: HHH000397: Using ASTQueryTranslatorFactory
dic 29, 2017 1:11:17 PM org.hibernate.validator.internal.util.Version <clinit>
INFO: HV000001: Hibernate Validator 5.1.3.Final
dic 29, 2017 1:11:17 PM org.hibernate.id.UUIDHexGenerator <init>
WARN: HHH000409: Using org.hibernate.id.UUIDHexGenerator which does not generate IETF RFC 4122 compliant UUID values; consider using org.hibernate.id.UUIDGenerator instead
dic 29, 2017 1:11:18 PM org.openxava.util.Labels get
ADVERTENCIA: Imposible internacionalizar elemento con id Catalogo
dic 29, 2017 1:11:18 PM org.openxava.view.meta.MetaView setName
ADVERTENCIA: Nombre de sección incorrecto: 'Ingresar Tabla'. Blancos no permitidos en nombres de secciones. Nombre de sección cambiado a 'IngresarTabla'
dic 29, 2017 1:11:18 PM org.openxava.view.meta.MetaView setName
ADVERTENCIA: Nombre de sección incorrecto: 'Gestionar Catalogos'. Blancos no permitidos en nombres de secciones. Nombre de sección cambiado a 'GestionarCatalogos'
dic 29, 2017 1:11:18 PM org.openxava.controller.ModuleManager <clinit>
INFORMACIÓN: OpenXava 5.8 (2017-10-17)
dic 29, 2017 1:11:20 PM org.directwebremoting.util.CommonsLoggingOutput info
INFORMACIÓN: Exec: Module.getStrokeActions()
dic 29, 2017 1:11:21 PM org.directwebremoting.util.CommonsLoggingOutput warn
ADVERTENCIA: Missing type info for request(5<0>). Assuming this is a map with String keys. Please add to <signatures> in dwr.xml
dic 29, 2017 1:11:21 PM org.directwebremoting.util.CommonsLoggingOutput warn
ADVERTENCIA: Missing type info for request(5<1>). Assuming this is a map with String keys. Please add to <signatures> in dwr.xml
dic 29, 2017 1:11:21 PM org.directwebremoting.util.CommonsLoggingOutput warn
ADVERTENCIA: Missing type info for request(6<0>). Assuming this is a map with String keys. Please add to <signatures> in dwr.xml
dic 29, 2017 1:11:21 PM org.directwebremoting.util.CommonsLoggingOutput warn
ADVERTENCIA: Missing type info for request(6<1>). Assuming this is a map with String keys. Please add to <signatures> in dwr.xml
dic 29, 2017 1:11:21 PM org.directwebremoting.util.CommonsLoggingOutput info
INFORMACIÓN: Exec: Module.request()
dic 29, 2017 1:11:21 PM org.openxava.controller.ModuleManager execute
DETALLADO: Execute SignIn.signIn=8 ms
dic 29, 2017 1:11:21 PM org.openxava.web.dwr.Module request
DETALLADO: Tiempo petición=14 ms
dic 29, 2017 1:11:21 PM org.openxava.util.Labels getWithoutCache
ADVERTENCIA: Imposible internacionalizar elemento con id Catalogo
dic 29, 2017 1:11:21 PM org.openxava.util.Labels getWithoutCache
ADVERTENCIA: Imposible internacionalizar elemento con id GraficoBarraDetalle
dic 29, 2017 1:11:21 PM org.openxava.util.Labels getWithoutCache
ADVERTENCIA: Imposible internacionalizar elemento con id GraficoBuld
dic 29, 2017 1:11:21 PM org.openxava.util.Labels getWithoutCache
ADVERTENCIA: Imposible internacionalizar elemento con id GraficoZoomxySeries
dic 29, 2017 1:11:21 PM org.openxava.util.Labels getWithoutCache
ADVERTENCIA: Imposible internacionalizar elemento con id GraficoxySeries
dic 29, 2017 1:11:21 PM org.openxava.util.Labels get
ADVERTENCIA: Imposible internacionalizar elemento con id Mapa
dic 29, 2017 1:11:21 PM org.openxava.util.Labels get
ADVERTENCIA: Imposible internacionalizar elemento con id Registro
dic 29, 2017 1:11:21 PM org.openxava.util.Labels getWithoutCache
ADVERTENCIA: Imposible internacionalizar elemento con id Mapa
dic 29, 2017 1:11:21 PM org.openxava.util.Labels getWithoutCache
ADVERTENCIA: Imposible internacionalizar elemento con id Origen
dic 29, 2017 1:11:21 PM org.openxava.util.Labels get
ADVERTENCIA: Imposible internacionalizar elemento con id Programa
dic 29, 2017 1:11:21 PM org.openxava.util.Labels getWithoutCache
ADVERTENCIA: Imposible internacionalizar elemento con id Programa
dic 29, 2017 1:11:21 PM org.openxava.util.Labels getWithoutCache
ADVERTENCIA: Imposible internacionalizar elemento con id Registro
dic 29, 2017 1:11:21 PM org.openxava.util.Labels get
ADVERTENCIA: Imposible internacionalizar elemento con id Regla
dic 29, 2017 1:11:21 PM org.openxava.util.Labels getWithoutCache
ADVERTENCIA: Imposible internacionalizar elemento con id Regla
dic 29, 2017 1:11:21 PM org.openxava.util.Labels get
ADVERTENCIA: Imposible internacionalizar elemento con id Sensor
dic 29, 2017 1:11:21 PM org.openxava.util.Labels getWithoutCache
ADVERTENCIA: Imposible internacionalizar elemento con id Sensor
dic 29, 2017 1:11:21 PM org.openxava.util.Labels get
ADVERTENCIA: Imposible internacionalizar elemento con id Sistema
dic 29, 2017 1:11:21 PM org.openxava.util.Labels getWithoutCache
ADVERTENCIA: Imposible internacionalizar elemento con id Sistema
dic 29, 2017 1:11:21 PM org.openxava.util.Labels getWithoutCache
ADVERTENCIA: Imposible internacionalizar elemento con id Tabla
dic 29, 2017 1:11:21 PM org.openxava.util.Labels getWithoutCache
ADVERTENCIA: Imposible internacionalizar elemento con id menuGraficos
dic 29, 2017 1:11:21 PM org.openxava.util.Labels getWithoutCache
ADVERTENCIA: Imposible internacionalizar elemento con id tabla
dic 29, 2017 1:11:21 PM org.openxava.util.Labels getWithoutCache
ADVERTENCIA: Imposible internacionalizar elemento con id catalogo
dic 29, 2017 1:11:21 PM org.openxava.util.Labels getWithoutCache
ADVERTENCIA: Imposible internacionalizar elemento con id valorEntero
dic 29, 2017 1:11:21 PM org.openxava.util.Labels getWithoutCache
ADVERTENCIA: Imposible internacionalizar elemento con id valorTiempo
dic 29, 2017 1:11:21 PM org.openxava.util.Labels getWithoutCache
ADVERTENCIA: Imposible internacionalizar elemento con id valorCadena
dic 29, 2017 1:11:21 PM org.openxava.util.Labels getWithoutCache
ADVERTENCIA: Imposible internacionalizar elemento con id valorDecimal
dic 29, 2017 1:11:21 PM org.openxava.util.Labels getWithoutCache
ADVERTENCIA: Imposible internacionalizar elemento con id catalogoTabla
dic 29, 2017 1:11:22 PM org.openxava.tab.impl.JPATabProvider nextBlock
DETALLADO: [JPATabProvider.nextBlock] Ejecutando SELECT e.oid, e.nombre, e.valorEntero, e.valorTiempo, e.valorCadena, e.valorDecimal, e.catalogoTabla, e_tabla.nombre from Catalogo e left join e.tabla e_tabla WHERE  1=1  order by e_tabla.nombre asc con argumentos 
dic 29, 2017 1:11:22 PM org.openxava.tab.impl.TableModelBean getRow
DETALLADO: nextChunk=230
dic 29, 2017 1:11:22 PM org.openxava.util.Labels getWithoutCache
ADVERTENCIA: Imposible internacionalizar elemento con id Cards
dic 29, 2017 1:11:22 PM org.openxava.util.ResourceManagerI18n getString
ADVERTENCIA: Impossible to translate element with id and
dic 29, 2017 1:11:22 PM org.openxava.util.ResourceManagerI18n getString
ADVERTENCIA: Impossible to translate element with id and
dic 29, 2017 1:11:22 PM org.openxava.util.ResourceManagerI18n getString
ADVERTENCIA: Impossible to translate element with id and
dic 29, 2017 1:11:22 PM org.openxava.util.ResourceManagerI18n getString
ADVERTENCIA: Impossible to translate element with id and
dic 29, 2017 1:11:22 PM org.openxava.util.Labels getWithoutCache
ADVERTENCIA: Imposible internacionalizar elemento con id valorEntero
dic 29, 2017 1:11:22 PM org.openxava.util.Labels getWithoutCache
ADVERTENCIA: Imposible internacionalizar elemento con id valorTiempo
dic 29, 2017 1:11:22 PM org.openxava.util.Labels getWithoutCache
ADVERTENCIA: Imposible internacionalizar elemento con id valorCadena
dic 29, 2017 1:11:22 PM org.openxava.util.Labels getWithoutCache
ADVERTENCIA: Imposible internacionalizar elemento con id valorDecimal
dic 29, 2017 1:11:22 PM org.openxava.util.Labels getWithoutCache
ADVERTENCIA: Imposible internacionalizar elemento con id catalogoTabla
dic 29, 2017 1:11:22 PM org.openxava.util.Labels getWithoutCache
ADVERTENCIA: Imposible internacionalizar elemento con id tabla
dic 29, 2017 1:11:22 PM org.directwebremoting.util.CommonsLoggingOutput info
INFORMACIÓN: Exec: Module.getStrokeActions()
dic 29, 2017 1:11:26 PM org.directwebremoting.util.CommonsLoggingOutput info
INFORMACIÓN: Exec: Module.getStrokeActions()
dic 29, 2017 1:14:07 PM org.apache.catalina.core.AprLifecycleListener init
INFORMACIÓN: La biblioteca nativa de Apache Tomcat basada en ARP que permite un rendimiento óptimo en entornos de desarrollo no ha sido hallada en java.library.path: C:\Program Files (x86)\Java\jre1.8.0_111\bin;C:\WINDOWS\Sun\Java\bin;C:\WINDOWS\system32;C:\WINDOWS;C:\ProgramData\Oracle\Java\javapath;C:\Program Files (x86)\Intel\iCLS Client\;C:\Program Files\Intel\iCLS Client\;C:\WINDOWS\system32;C:\WINDOWS;C:\WINDOWS\System32\Wbem;C:\WINDOWS\System32\WindowsPowerShell\v1.0\;C:\Program Files\Hewlett-Packard\SimplePass\;C:\Program Files\Intel\Intel(R) Management Engine Components\DAL;C:\Program Files\Intel\Intel(R) Management Engine Components\IPT;C:\Program Files (x86)\Intel\Intel(R) Management Engine Components\DAL;C:\Program Files (x86)\Intel\Intel(R) Management Engine Components\IPT;C:\Program Files (x86)\Skype\Phone\;C:\Program Files (x86)\Java\jre1.8.0_111\bin;C:\Program Files\MySQL\MySQL Utilities 1.6\;C:\Program Files (x86)\IDM Computer Solutions\UltraEdit\;C:\AppServ\Apache24\bin;C:\AppServ\php5;C:\AppServ\MySQL\bin;C:\Users\Anthonny\AppData\Local\Microsoft\WindowsApps;C:\Users\Anthonny\AppData\Local\GitHubDesktop\bin;.
dic 29, 2017 1:14:07 PM org.apache.coyote.AbstractProtocol init
INFORMACIÓN: Initializing ProtocolHandler ["http-bio-8082"]
dic 29, 2017 1:14:07 PM org.apache.coyote.AbstractProtocol init
INFORMACIÓN: Initializing ProtocolHandler ["ajp-bio-8009"]
dic 29, 2017 1:14:08 PM org.apache.catalina.startup.Catalina load
INFORMACIÓN: Initialization processed in 378 ms
dic 29, 2017 1:14:08 PM org.apache.catalina.core.StandardService startInternal
INFORMACIÓN: Arrancando servicio Catalina
dic 29, 2017 1:14:08 PM org.apache.catalina.core.StandardEngine startInternal
INFORMACIÓN: Starting Servlet Engine: Apache Tomcat/7.0.50
dic 29, 2017 1:14:08 PM org.apache.coyote.AbstractProtocol start
INFORMACIÓN: Starting ProtocolHandler ["http-bio-8082"]
dic 29, 2017 1:14:08 PM org.apache.coyote.AbstractProtocol start
INFORMACIÓN: Starting ProtocolHandler ["ajp-bio-8009"]
dic 29, 2017 1:14:08 PM org.apache.catalina.startup.Catalina start
INFORMACIÓN: Server startup in 35 ms
dic 29, 2017 1:16:44 PM org.apache.catalina.core.AprLifecycleListener init
INFORMACIÓN: La biblioteca nativa de Apache Tomcat basada en ARP que permite un rendimiento óptimo en entornos de desarrollo no ha sido hallada en java.library.path: C:\Program Files (x86)\Java\jre1.8.0_111\bin;C:\WINDOWS\Sun\Java\bin;C:\WINDOWS\system32;C:\WINDOWS;C:\ProgramData\Oracle\Java\javapath;C:\Program Files (x86)\Intel\iCLS Client\;C:\Program Files\Intel\iCLS Client\;C:\WINDOWS\system32;C:\WINDOWS;C:\WINDOWS\System32\Wbem;C:\WINDOWS\System32\WindowsPowerShell\v1.0\;C:\Program Files\Hewlett-Packard\SimplePass\;C:\Program Files\Intel\Intel(R) Management Engine Components\DAL;C:\Program Files\Intel\Intel(R) Management Engine Components\IPT;C:\Program Files (x86)\Intel\Intel(R) Management Engine Components\DAL;C:\Program Files (x86)\Intel\Intel(R) Management Engine Components\IPT;C:\Program Files (x86)\Skype\Phone\;C:\Program Files (x86)\Java\jre1.8.0_111\bin;C:\Program Files\MySQL\MySQL Utilities 1.6\;C:\Program Files (x86)\IDM Computer Solutions\UltraEdit\;C:\AppServ\Apache24\bin;C:\AppServ\php5;C:\AppServ\MySQL\bin;C:\Users\Anthonny\AppData\Local\Microsoft\WindowsApps;C:\Users\Anthonny\AppData\Local\GitHubDesktop\bin;.
dic 29, 2017 1:16:45 PM org.apache.coyote.AbstractProtocol init
INFORMACIÓN: Initializing ProtocolHandler ["http-bio-8082"]
dic 29, 2017 1:16:45 PM org.apache.coyote.AbstractProtocol init
INFORMACIÓN: Initializing ProtocolHandler ["ajp-bio-8009"]
dic 29, 2017 1:16:45 PM org.apache.catalina.startup.Catalina load
INFORMACIÓN: Initialization processed in 450 ms
dic 29, 2017 1:16:45 PM org.apache.catalina.core.StandardService startInternal
INFORMACIÓN: Arrancando servicio Catalina
dic 29, 2017 1:16:45 PM org.apache.catalina.core.StandardEngine startInternal
INFORMACIÓN: Starting Servlet Engine: Apache Tomcat/7.0.50
dic 29, 2017 1:16:45 PM org.apache.catalina.startup.HostConfig deployWAR
INFORMACIÓN: Despliegue del archivo C:\ambiente\openxava-5.8\tomcat\webapps\Afrodita.war de la aplicación web
dic 29, 2017 1:17:08 PM org.apache.catalina.util.SessionIdGenerator createSecureRandom
INFORMACIÓN: Creation of SecureRandom instance for session ID generation using [SHA1PRNG] took [130] milliseconds.
dic 29, 2017 1:17:08 PM org.directwebremoting.util.CommonsLoggingOutput info
INFORMACIÓN: DWR Version 2.0.10 starting.
dic 29, 2017 1:17:08 PM org.directwebremoting.util.CommonsLoggingOutput info
INFORMACIÓN: - Servlet Engine: Apache Tomcat/7.0.50
dic 29, 2017 1:17:08 PM org.directwebremoting.util.CommonsLoggingOutput info
INFORMACIÓN: - Java Version:   1.8.0_111
dic 29, 2017 1:17:08 PM org.directwebremoting.util.CommonsLoggingOutput info
INFORMACIÓN: - Java Vendor:    Oracle Corporation
dic 29, 2017 1:17:08 PM org.directwebremoting.util.CommonsLoggingOutput info
INFORMACIÓN: Probably not an issue: org.jdom.Document is not available so the jdom converter will not load. This is only a problem if you wanted to use it.
dic 29, 2017 1:17:08 PM org.directwebremoting.util.CommonsLoggingOutput info
INFORMACIÓN: Probably not an issue: org.jdom.Element is not available so the jdom converter will not load. This is only a problem if you wanted to use it.
dic 29, 2017 1:17:08 PM org.apache.coyote.AbstractProtocol start
INFORMACIÓN: Starting ProtocolHandler ["http-bio-8082"]
dic 29, 2017 1:17:08 PM org.apache.coyote.AbstractProtocol start
INFORMACIÓN: Starting ProtocolHandler ["ajp-bio-8009"]
dic 29, 2017 1:17:08 PM org.apache.catalina.startup.Catalina start
INFORMACIÓN: Server startup in 23571 ms
dic 29, 2017 1:17:09 PM org.hibernate.ejb.HibernatePersistence logDeprecation
WARN: HHH015016: Encountered a deprecated javax.persistence.spi.PersistenceProvider [org.hibernate.ejb.HibernatePersistence]; use [org.hibernate.jpa.HibernatePersistenceProvider] instead.
dic 29, 2017 1:17:09 PM org.hibernate.ejb.HibernatePersistence logDeprecation
WARN: HHH015016: Encountered a deprecated javax.persistence.spi.PersistenceProvider [org.hibernate.ejb.HibernatePersistence]; use [org.hibernate.jpa.HibernatePersistenceProvider] instead.
dic 29, 2017 1:17:09 PM org.hibernate.ejb.HibernatePersistence logDeprecation
WARN: HHH015016: Encountered a deprecated javax.persistence.spi.PersistenceProvider [org.hibernate.ejb.HibernatePersistence]; use [org.hibernate.jpa.HibernatePersistenceProvider] instead.
dic 29, 2017 1:17:09 PM org.hibernate.jpa.internal.util.LogHelper logPersistenceUnitInformation
INFO: HHH000204: Processing PersistenceUnitInfo [
	name: default
	...]
dic 29, 2017 1:17:09 PM org.hibernate.Version logVersion
INFO: HHH000412: Hibernate Core {4.3.9.Final}
dic 29, 2017 1:17:09 PM org.hibernate.cfg.Environment <clinit>
INFO: HHH000206: hibernate.properties not found
dic 29, 2017 1:17:09 PM org.hibernate.cfg.Environment buildBytecodeProvider
INFO: HHH000021: Bytecode provider name : javassist
dic 29, 2017 1:17:09 PM org.hibernate.annotations.common.reflection.java.JavaReflectionManager <clinit>
INFO: HCANN000001: Hibernate Commons Annotations {4.0.5.Final}
dic 29, 2017 1:17:10 PM org.hibernate.dialect.Dialect <init>
INFO: HHH000400: Using dialect: org.hibernate.dialect.MySQLDialect
dic 29, 2017 1:17:10 PM org.hibernate.hql.internal.ast.ASTQueryTranslatorFactory <init>
INFO: HHH000397: Using ASTQueryTranslatorFactory
dic 29, 2017 1:17:10 PM org.hibernate.validator.internal.util.Version <clinit>
INFO: HV000001: Hibernate Validator 5.1.3.Final
dic 29, 2017 1:17:11 PM org.hibernate.id.UUIDHexGenerator <init>
WARN: HHH000409: Using org.hibernate.id.UUIDHexGenerator which does not generate IETF RFC 4122 compliant UUID values; consider using org.hibernate.id.UUIDGenerator instead
dic 29, 2017 1:17:11 PM org.openxava.util.Labels get
ADVERTENCIA: Imposible internacionalizar elemento con id Catalogo
dic 29, 2017 1:17:11 PM org.openxava.view.meta.MetaView setName
ADVERTENCIA: Nombre de sección incorrecto: 'Ingresar Tabla'. Blancos no permitidos en nombres de secciones. Nombre de sección cambiado a 'IngresarTabla'
dic 29, 2017 1:17:11 PM org.openxava.view.meta.MetaView setName
ADVERTENCIA: Nombre de sección incorrecto: 'Gestionar Catalogos'. Blancos no permitidos en nombres de secciones. Nombre de sección cambiado a 'GestionarCatalogos'
dic 29, 2017 1:17:11 PM org.apache.jasper.compiler.TldLocationsCache tldScanJar
INFORMACIÓN: Al menos un JAR, que se ha explorado buscando TLDs, aún no contenía TLDs. Activar historial de depuración para este historiador para una completa lista de los JARs que fueron explorados y de los que nos se halló TLDs. Saltarse JARs no necesarios durante la exploración puede dar lugar a una mejora de tiempo significativa en el arranque y compilación de JSP .
dic 29, 2017 1:17:12 PM org.openxava.controller.ModuleManager <clinit>
INFORMACIÓN: OpenXava 5.8 (2017-10-17)
dic 29, 2017 1:17:14 PM org.directwebremoting.util.CommonsLoggingOutput info
INFORMACIÓN: Exec: Module.getStrokeActions()
dic 29, 2017 1:17:16 PM org.directwebremoting.util.CommonsLoggingOutput warn
ADVERTENCIA: Missing type info for request(5<0>). Assuming this is a map with String keys. Please add to <signatures> in dwr.xml
dic 29, 2017 1:17:16 PM org.directwebremoting.util.CommonsLoggingOutput warn
ADVERTENCIA: Missing type info for request(5<1>). Assuming this is a map with String keys. Please add to <signatures> in dwr.xml
dic 29, 2017 1:17:16 PM org.directwebremoting.util.CommonsLoggingOutput warn
ADVERTENCIA: Missing type info for request(6<0>). Assuming this is a map with String keys. Please add to <signatures> in dwr.xml
dic 29, 2017 1:17:16 PM org.directwebremoting.util.CommonsLoggingOutput warn
ADVERTENCIA: Missing type info for request(6<1>). Assuming this is a map with String keys. Please add to <signatures> in dwr.xml
dic 29, 2017 1:17:16 PM org.directwebremoting.util.CommonsLoggingOutput info
INFORMACIÓN: Exec: Module.request()
dic 29, 2017 1:17:16 PM org.openxava.controller.ModuleManager execute
DETALLADO: Execute SignIn.signIn=4 ms
dic 29, 2017 1:17:16 PM org.openxava.web.dwr.Module request
DETALLADO: Tiempo petición=10 ms
dic 29, 2017 1:17:16 PM org.openxava.util.Labels getWithoutCache
ADVERTENCIA: Imposible internacionalizar elemento con id Catalogo
dic 29, 2017 1:17:16 PM org.openxava.util.Labels getWithoutCache
ADVERTENCIA: Imposible internacionalizar elemento con id GraficoBarraDetalle
dic 29, 2017 1:17:16 PM org.openxava.util.Labels getWithoutCache
ADVERTENCIA: Imposible internacionalizar elemento con id GraficoBuld
dic 29, 2017 1:17:16 PM org.openxava.util.Labels getWithoutCache
ADVERTENCIA: Imposible internacionalizar elemento con id GraficoZoomxySeries
dic 29, 2017 1:17:16 PM org.openxava.util.Labels getWithoutCache
ADVERTENCIA: Imposible internacionalizar elemento con id GraficoxySeries
dic 29, 2017 1:17:16 PM org.openxava.util.Labels get
ADVERTENCIA: Imposible internacionalizar elemento con id Mapa
dic 29, 2017 1:17:16 PM org.openxava.util.Labels get
ADVERTENCIA: Imposible internacionalizar elemento con id Registro
dic 29, 2017 1:17:16 PM org.openxava.util.Labels getWithoutCache
ADVERTENCIA: Imposible internacionalizar elemento con id Mapa
dic 29, 2017 1:17:16 PM org.openxava.util.Labels getWithoutCache
ADVERTENCIA: Imposible internacionalizar elemento con id Origen
dic 29, 2017 1:17:16 PM org.openxava.util.Labels get
ADVERTENCIA: Imposible internacionalizar elemento con id Programa
dic 29, 2017 1:17:17 PM org.openxava.util.Labels getWithoutCache
ADVERTENCIA: Imposible internacionalizar elemento con id Programa
dic 29, 2017 1:17:17 PM org.openxava.util.Labels getWithoutCache
ADVERTENCIA: Imposible internacionalizar elemento con id Registro
dic 29, 2017 1:17:17 PM org.openxava.util.Labels get
ADVERTENCIA: Imposible internacionalizar elemento con id Regla
dic 29, 2017 1:17:17 PM org.openxava.util.Labels getWithoutCache
ADVERTENCIA: Imposible internacionalizar elemento con id Regla
dic 29, 2017 1:17:17 PM org.openxava.util.Labels get
ADVERTENCIA: Imposible internacionalizar elemento con id Sensor
dic 29, 2017 1:17:17 PM org.openxava.util.Labels getWithoutCache
ADVERTENCIA: Imposible internacionalizar elemento con id Sensor
dic 29, 2017 1:17:17 PM org.openxava.util.Labels get
ADVERTENCIA: Imposible internacionalizar elemento con id Sistema
dic 29, 2017 1:17:17 PM org.openxava.util.Labels getWithoutCache
ADVERTENCIA: Imposible internacionalizar elemento con id Sistema
dic 29, 2017 1:17:17 PM org.openxava.util.Labels getWithoutCache
ADVERTENCIA: Imposible internacionalizar elemento con id Tabla
dic 29, 2017 1:17:17 PM org.openxava.util.Labels getWithoutCache
ADVERTENCIA: Imposible internacionalizar elemento con id menuGraficos
dic 29, 2017 1:17:17 PM org.openxava.util.Labels getWithoutCache
ADVERTENCIA: Imposible internacionalizar elemento con id tabla
dic 29, 2017 1:17:17 PM org.openxava.util.Labels getWithoutCache
ADVERTENCIA: Imposible internacionalizar elemento con id catalogo
dic 29, 2017 1:17:17 PM org.openxava.util.Labels getWithoutCache
ADVERTENCIA: Imposible internacionalizar elemento con id valorEntero
dic 29, 2017 1:17:17 PM org.openxava.util.Labels getWithoutCache
ADVERTENCIA: Imposible internacionalizar elemento con id valorTiempo
dic 29, 2017 1:17:17 PM org.openxava.util.Labels getWithoutCache
ADVERTENCIA: Imposible internacionalizar elemento con id valorCadena
dic 29, 2017 1:17:17 PM org.openxava.util.Labels getWithoutCache
ADVERTENCIA: Imposible internacionalizar elemento con id valorDecimal
dic 29, 2017 1:17:17 PM org.openxava.util.Labels getWithoutCache
ADVERTENCIA: Imposible internacionalizar elemento con id catalogoTabla
dic 29, 2017 1:17:17 PM org.openxava.tab.impl.JPATabProvider nextBlock
DETALLADO: [JPATabProvider.nextBlock] Ejecutando SELECT e.oid, e.nombre, e.valorEntero, e.valorTiempo, e.valorCadena, e.valorDecimal, e.catalogoTabla, e_tabla.nombre from Catalogo e left join e.tabla e_tabla WHERE  1=1  order by e_tabla.nombre asc con argumentos 
dic 29, 2017 1:17:17 PM org.openxava.tab.impl.TableModelBean getRow
DETALLADO: nextChunk=183
dic 29, 2017 1:17:17 PM org.openxava.util.Labels getWithoutCache
ADVERTENCIA: Imposible internacionalizar elemento con id Cards
dic 29, 2017 1:17:17 PM org.openxava.util.ResourceManagerI18n getString
ADVERTENCIA: Impossible to translate element with id and
dic 29, 2017 1:17:17 PM org.openxava.util.ResourceManagerI18n getString
ADVERTENCIA: Impossible to translate element with id and
dic 29, 2017 1:17:17 PM org.openxava.util.ResourceManagerI18n getString
ADVERTENCIA: Impossible to translate element with id and
dic 29, 2017 1:17:17 PM org.openxava.util.ResourceManagerI18n getString
ADVERTENCIA: Impossible to translate element with id and
dic 29, 2017 1:17:17 PM org.openxava.util.Labels getWithoutCache
ADVERTENCIA: Imposible internacionalizar elemento con id valorEntero
dic 29, 2017 1:17:17 PM org.openxava.util.Labels getWithoutCache
ADVERTENCIA: Imposible internacionalizar elemento con id valorTiempo
dic 29, 2017 1:17:17 PM org.openxava.util.Labels getWithoutCache
ADVERTENCIA: Imposible internacionalizar elemento con id valorCadena
dic 29, 2017 1:17:17 PM org.openxava.util.Labels getWithoutCache
ADVERTENCIA: Imposible internacionalizar elemento con id valorDecimal
dic 29, 2017 1:17:17 PM org.openxava.util.Labels getWithoutCache
ADVERTENCIA: Imposible internacionalizar elemento con id catalogoTabla
dic 29, 2017 1:17:17 PM org.openxava.util.Labels getWithoutCache
ADVERTENCIA: Imposible internacionalizar elemento con id tabla
dic 29, 2017 1:17:18 PM org.directwebremoting.util.CommonsLoggingOutput info
INFORMACIÓN: Exec: Module.getStrokeActions()
dic 29, 2017 1:17:24 PM org.directwebremoting.util.CommonsLoggingOutput info
INFORMACIÓN: Exec: Module.getStrokeActions()
dic 29, 2017 1:17:36 PM org.directwebremoting.util.CommonsLoggingOutput info
INFORMACIÓN: Exec: Module.getStrokeActions()
