feb 08, 2018 3:24:06 PM org.apache.catalina.core.AprLifecycleListener init
INFORMACIÓN: La biblioteca nativa de Apache Tomcat basada en ARP que permite un rendimiento óptimo en entornos de desarrollo no ha sido hallada en java.library.path: C:\Program Files (x86)\Java\jre1.8.0_111\bin;C:\WINDOWS\Sun\Java\bin;C:\WINDOWS\system32;C:\WINDOWS;C:\ProgramData\Oracle\Java\javapath;C:\Program Files (x86)\Intel\iCLS Client\;C:\Program Files\Intel\iCLS Client\;C:\WINDOWS\system32;C:\WINDOWS;C:\WINDOWS\System32\Wbem;C:\WINDOWS\System32\WindowsPowerShell\v1.0\;C:\Program Files\Hewlett-Packard\SimplePass\;C:\Program Files\Intel\Intel(R) Management Engine Components\DAL;C:\Program Files\Intel\Intel(R) Management Engine Components\IPT;C:\Program Files (x86)\Intel\Intel(R) Management Engine Components\DAL;C:\Program Files (x86)\Intel\Intel(R) Management Engine Components\IPT;C:\Program Files (x86)\Skype\Phone\;C:\Program Files (x86)\Java\jre1.8.0_111\bin;C:\Program Files\MySQL\MySQL Utilities 1.6\;C:\Program Files (x86)\IDM Computer Solutions\UltraEdit\;C:\AppServ\Apache24\bin;C:\AppServ\php5;C:\AppServ\MySQL\bin;C:\Users\Anthonny\AppData\Local\Microsoft\WindowsApps;C:\Users\Anthonny\AppData\Local\GitHubDesktop\bin;%USERPROFILE%\AppData\Local\Microsoft\WindowsApps;;.
feb 08, 2018 3:24:11 PM org.apache.coyote.AbstractProtocol init
INFORMACIÓN: Initializing ProtocolHandler ["http-bio-8080"]
feb 08, 2018 3:24:11 PM org.apache.coyote.AbstractProtocol init
INFORMACIÓN: Initializing ProtocolHandler ["ajp-bio-8009"]
feb 08, 2018 3:24:11 PM org.apache.catalina.startup.Catalina load
INFORMACIÓN: Initialization processed in 8334 ms
feb 08, 2018 3:24:12 PM org.apache.catalina.core.StandardService startInternal
INFORMACIÓN: Arrancando servicio Catalina
feb 08, 2018 3:24:12 PM org.apache.catalina.core.StandardEngine startInternal
INFORMACIÓN: Starting Servlet Engine: Apache Tomcat/7.0.50
feb 08, 2018 3:24:12 PM org.apache.catalina.startup.HostConfig deployWAR
INFORMACIÓN: Despliegue del archivo C:\ambiente\xyzOlympus\openxava-5.8\tomcat\webapps\Afrodita.war de la aplicación web
feb 08, 2018 3:24:23 PM org.apache.catalina.util.SessionIdGenerator createSecureRandom
INFORMACIÓN: Creation of SecureRandom instance for session ID generation using [SHA1PRNG] took [494] milliseconds.
feb 08, 2018 3:24:24 PM org.directwebremoting.util.CommonsLoggingOutput info
INFORMACIÓN: DWR Version 2.0.10 starting.
feb 08, 2018 3:24:24 PM org.directwebremoting.util.CommonsLoggingOutput info
INFORMACIÓN: - Servlet Engine: Apache Tomcat/7.0.50
feb 08, 2018 3:24:24 PM org.directwebremoting.util.CommonsLoggingOutput info
INFORMACIÓN: - Java Version:   1.8.0_111
feb 08, 2018 3:24:24 PM org.directwebremoting.util.CommonsLoggingOutput info
INFORMACIÓN: - Java Vendor:    Oracle Corporation
feb 08, 2018 3:24:25 PM org.directwebremoting.util.CommonsLoggingOutput info
INFORMACIÓN: Probably not an issue: org.jdom.Document is not available so the jdom converter will not load. This is only a problem if you wanted to use it.
feb 08, 2018 3:24:25 PM org.directwebremoting.util.CommonsLoggingOutput info
INFORMACIÓN: Probably not an issue: org.jdom.Element is not available so the jdom converter will not load. This is only a problem if you wanted to use it.
feb 08, 2018 3:24:25 PM org.apache.catalina.startup.HostConfig deployWAR
INFORMACIÓN: Despliegue del archivo C:\ambiente\xyzOlympus\openxava-5.8\tomcat\webapps\Deportic.war de la aplicación web
feb 08, 2018 3:24:28 PM org.directwebremoting.util.CommonsLoggingOutput info
INFORMACIÓN: DWR Version 2.0.10 starting.
feb 08, 2018 3:24:28 PM org.directwebremoting.util.CommonsLoggingOutput info
INFORMACIÓN: - Servlet Engine: Apache Tomcat/7.0.50
feb 08, 2018 3:24:28 PM org.directwebremoting.util.CommonsLoggingOutput info
INFORMACIÓN: - Java Version:   1.8.0_111
feb 08, 2018 3:24:28 PM org.directwebremoting.util.CommonsLoggingOutput info
INFORMACIÓN: - Java Vendor:    Oracle Corporation
feb 08, 2018 3:24:28 PM org.directwebremoting.util.CommonsLoggingOutput info
INFORMACIÓN: Probably not an issue: org.jdom.Document is not available so the jdom converter will not load. This is only a problem if you wanted to use it.
feb 08, 2018 3:24:28 PM org.directwebremoting.util.CommonsLoggingOutput info
INFORMACIÓN: Probably not an issue: org.jdom.Element is not available so the jdom converter will not load. This is only a problem if you wanted to use it.
feb 08, 2018 3:24:28 PM org.apache.coyote.AbstractProtocol start
INFORMACIÓN: Starting ProtocolHandler ["http-bio-8080"]
feb 08, 2018 3:24:28 PM org.apache.coyote.AbstractProtocol start
INFORMACIÓN: Starting ProtocolHandler ["ajp-bio-8009"]
feb 08, 2018 3:24:28 PM org.apache.catalina.startup.Catalina start
INFORMACIÓN: Server startup in 16520 ms
feb 08, 2018 3:25:28 PM org.hibernate.ejb.HibernatePersistence logDeprecation
WARN: HHH015016: Encountered a deprecated javax.persistence.spi.PersistenceProvider [org.hibernate.ejb.HibernatePersistence]; use [org.hibernate.jpa.HibernatePersistenceProvider] instead.
feb 08, 2018 3:25:28 PM org.hibernate.ejb.HibernatePersistence logDeprecation
WARN: HHH015016: Encountered a deprecated javax.persistence.spi.PersistenceProvider [org.hibernate.ejb.HibernatePersistence]; use [org.hibernate.jpa.HibernatePersistenceProvider] instead.
feb 08, 2018 3:25:28 PM org.hibernate.ejb.HibernatePersistence logDeprecation
WARN: HHH015016: Encountered a deprecated javax.persistence.spi.PersistenceProvider [org.hibernate.ejb.HibernatePersistence]; use [org.hibernate.jpa.HibernatePersistenceProvider] instead.
feb 08, 2018 3:25:29 PM org.hibernate.jpa.internal.util.LogHelper logPersistenceUnitInformation
INFO: HHH000204: Processing PersistenceUnitInfo [
	name: default
	...]
feb 08, 2018 3:25:30 PM org.hibernate.Version logVersion
INFO: HHH000412: Hibernate Core {4.3.9.Final}
feb 08, 2018 3:25:30 PM org.hibernate.cfg.Environment <clinit>
INFO: HHH000206: hibernate.properties not found
feb 08, 2018 3:25:30 PM org.hibernate.cfg.Environment buildBytecodeProvider
INFO: HHH000021: Bytecode provider name : javassist
feb 08, 2018 3:25:30 PM org.hibernate.annotations.common.reflection.java.JavaReflectionManager <clinit>
INFO: HCANN000001: Hibernate Commons Annotations {4.0.5.Final}
feb 08, 2018 3:25:31 PM org.hibernate.dialect.Dialect <init>
INFO: HHH000400: Using dialect: org.hibernate.dialect.MySQLDialect
feb 08, 2018 3:25:31 PM org.hibernate.hql.internal.ast.ASTQueryTranslatorFactory <init>
INFO: HHH000397: Using ASTQueryTranslatorFactory
feb 08, 2018 3:25:32 PM org.hibernate.validator.internal.util.Version <clinit>
INFO: HV000001: Hibernate Validator 5.1.3.Final
feb 08, 2018 3:25:32 PM org.hibernate.id.UUIDHexGenerator <init>
WARN: HHH000409: Using org.hibernate.id.UUIDHexGenerator which does not generate IETF RFC 4122 compliant UUID values; consider using org.hibernate.id.UUIDGenerator instead
feb 08, 2018 3:25:33 PM org.openxava.util.Labels get
ADVERTENCIA: Imposible internacionalizar elemento con id Tabla
feb 08, 2018 3:25:33 PM org.apache.jasper.compiler.TldLocationsCache tldScanJar
INFORMACIÓN: Al menos un JAR, que se ha explorado buscando TLDs, aún no contenía TLDs. Activar historial de depuración para este historiador para una completa lista de los JARs que fueron explorados y de los que nos se halló TLDs. Saltarse JARs no necesarios durante la exploración puede dar lugar a una mejora de tiempo significativa en el arranque y compilación de JSP .
feb 08, 2018 3:25:35 PM org.openxava.controller.ModuleManager <clinit>
INFORMACIÓN: OpenXava 5.8 (2017-10-17)
feb 08, 2018 3:25:38 PM org.directwebremoting.util.CommonsLoggingOutput info
INFORMACIÓN: Exec: Module.getStrokeActions()
feb 08, 2018 3:25:45 PM org.directwebremoting.util.CommonsLoggingOutput warn
ADVERTENCIA: Missing type info for request(5<0>). Assuming this is a map with String keys. Please add to <signatures> in dwr.xml
feb 08, 2018 3:25:45 PM org.directwebremoting.util.CommonsLoggingOutput warn
ADVERTENCIA: Missing type info for request(5<1>). Assuming this is a map with String keys. Please add to <signatures> in dwr.xml
feb 08, 2018 3:25:45 PM org.directwebremoting.util.CommonsLoggingOutput warn
ADVERTENCIA: Missing type info for request(6<0>). Assuming this is a map with String keys. Please add to <signatures> in dwr.xml
feb 08, 2018 3:25:45 PM org.directwebremoting.util.CommonsLoggingOutput warn
ADVERTENCIA: Missing type info for request(6<1>). Assuming this is a map with String keys. Please add to <signatures> in dwr.xml
feb 08, 2018 3:25:45 PM org.directwebremoting.util.CommonsLoggingOutput info
INFORMACIÓN: Exec: Module.request()
feb 08, 2018 3:25:45 PM org.openxava.controller.ModuleManager execute
DETALLADO: Execute SignIn.signIn=17 ms
feb 08, 2018 3:25:45 PM org.openxava.web.dwr.Module request
DETALLADO: Tiempo petición=28 ms
feb 08, 2018 3:25:45 PM org.openxava.util.Labels getWithoutCache
ADVERTENCIA: Imposible internacionalizar elemento con id Tabla
feb 08, 2018 3:25:45 PM org.openxava.util.Labels get
ADVERTENCIA: Imposible internacionalizar elemento con id Atleta
feb 08, 2018 3:25:45 PM org.openxava.util.Labels get
ADVERTENCIA: Imposible internacionalizar elemento con id Persona
feb 08, 2018 3:25:45 PM org.openxava.util.Labels get
ADVERTENCIA: Imposible internacionalizar elemento con id Catalogo
feb 08, 2018 3:25:45 PM org.openxava.util.Labels getWithoutCache
ADVERTENCIA: Imposible internacionalizar elemento con id Atleta
feb 08, 2018 3:25:45 PM org.openxava.util.Labels get
ADVERTENCIA: Imposible internacionalizar elemento con id AtletaRutina
feb 08, 2018 3:25:45 PM org.openxava.util.Labels get
ADVERTENCIA: Imposible internacionalizar elemento con id Rutina
feb 08, 2018 3:25:45 PM org.openxava.util.Labels getWithoutCache
ADVERTENCIA: Imposible internacionalizar elemento con id AtletaRutina
feb 08, 2018 3:25:45 PM org.openxava.util.Labels getWithoutCache
ADVERTENCIA: Imposible internacionalizar elemento con id Catalogo
feb 08, 2018 3:25:45 PM org.openxava.util.Labels get
ADVERTENCIA: Imposible internacionalizar elemento con id Club
feb 08, 2018 3:25:45 PM org.openxava.util.Labels getWithoutCache
ADVERTENCIA: Imposible internacionalizar elemento con id Club
feb 08, 2018 3:25:45 PM org.openxava.util.Labels get
ADVERTENCIA: Imposible internacionalizar elemento con id Contacto
feb 08, 2018 3:25:45 PM org.openxava.util.Labels getWithoutCache
ADVERTENCIA: Imposible internacionalizar elemento con id Contacto
feb 08, 2018 3:25:45 PM org.openxava.util.Labels get
ADVERTENCIA: Imposible internacionalizar elemento con id Contrato
feb 08, 2018 3:25:45 PM org.openxava.util.Labels get
ADVERTENCIA: Imposible internacionalizar elemento con id Convenio
feb 08, 2018 3:25:45 PM org.openxava.util.Labels get
ADVERTENCIA: Imposible internacionalizar elemento con id Equipo
feb 08, 2018 3:25:45 PM org.openxava.util.Labels getWithoutCache
ADVERTENCIA: Imposible internacionalizar elemento con id Contrato
feb 08, 2018 3:25:45 PM org.openxava.util.Labels getWithoutCache
ADVERTENCIA: Imposible internacionalizar elemento con id Convenio
feb 08, 2018 3:25:45 PM org.openxava.util.Labels get
ADVERTENCIA: Imposible internacionalizar elemento con id Entrenador
feb 08, 2018 3:25:45 PM org.openxava.util.Labels getWithoutCache
ADVERTENCIA: Imposible internacionalizar elemento con id Entrenador
feb 08, 2018 3:25:45 PM org.openxava.util.Labels getWithoutCache
ADVERTENCIA: Imposible internacionalizar elemento con id Equipo
feb 08, 2018 3:25:45 PM org.openxava.util.Labels get
ADVERTENCIA: Imposible internacionalizar elemento con id Funcionario
feb 08, 2018 3:25:45 PM org.openxava.util.Labels getWithoutCache
ADVERTENCIA: Imposible internacionalizar elemento con id Funcionario
feb 08, 2018 3:25:45 PM org.openxava.util.Labels get
ADVERTENCIA: Imposible internacionalizar elemento con id HistorialFisico
feb 08, 2018 3:25:45 PM org.openxava.util.Labels getWithoutCache
ADVERTENCIA: Imposible internacionalizar elemento con id HistorialFisico
feb 08, 2018 3:25:45 PM org.openxava.util.Labels get
ADVERTENCIA: Imposible internacionalizar elemento con id HistorialLogros
feb 08, 2018 3:25:45 PM org.openxava.util.Labels get
ADVERTENCIA: Imposible internacionalizar elemento con id Torneo
feb 08, 2018 3:25:45 PM org.openxava.util.Labels getWithoutCache
ADVERTENCIA: Imposible internacionalizar elemento con id HistorialLogros
feb 08, 2018 3:25:45 PM org.openxava.util.Labels get
ADVERTENCIA: Imposible internacionalizar elemento con id Historialmedico
feb 08, 2018 3:25:45 PM org.openxava.util.Labels getWithoutCache
ADVERTENCIA: Imposible internacionalizar elemento con id Historialmedico
feb 08, 2018 3:25:45 PM org.openxava.util.Labels get
ADVERTENCIA: Imposible internacionalizar elemento con id Inscripcion
feb 08, 2018 3:25:45 PM org.openxava.util.Labels getWithoutCache
ADVERTENCIA: Imposible internacionalizar elemento con id Inscripcion
feb 08, 2018 3:25:45 PM org.openxava.util.Labels get
ADVERTENCIA: Imposible internacionalizar elemento con id Pagos
feb 08, 2018 3:25:45 PM org.openxava.util.Labels getWithoutCache
ADVERTENCIA: Imposible internacionalizar elemento con id Pagos
feb 08, 2018 3:25:45 PM org.openxava.util.Labels getWithoutCache
ADVERTENCIA: Imposible internacionalizar elemento con id Persona
feb 08, 2018 3:25:45 PM org.openxava.util.Labels get
ADVERTENCIA: Imposible internacionalizar elemento con id Representante
feb 08, 2018 3:25:45 PM org.openxava.util.Labels getWithoutCache
ADVERTENCIA: Imposible internacionalizar elemento con id Representante
feb 08, 2018 3:25:45 PM org.openxava.util.Labels getWithoutCache
ADVERTENCIA: Imposible internacionalizar elemento con id Rutina
feb 08, 2018 3:25:46 PM org.openxava.tab.impl.JPATabProvider nextBlock
DETALLADO: [JPATabProvider.nextBlock] Ejecutando SELECT e.oid, e.nombre, e.descripcion from Tabla e con argumentos 
feb 08, 2018 3:25:46 PM org.openxava.tab.impl.TableModelBean getRow
DETALLADO: nextChunk=370
feb 08, 2018 3:25:46 PM org.openxava.util.Labels getWithoutCache
ADVERTENCIA: Imposible internacionalizar elemento con id Cards
feb 08, 2018 3:25:48 PM org.directwebremoting.util.CommonsLoggingOutput info
INFORMACIÓN: Exec: Module.getStrokeActions()
feb 08, 2018 3:26:00 PM org.directwebremoting.util.CommonsLoggingOutput info
INFORMACIÓN: Exec: Module.getStrokeActions()
feb 08, 2018 3:33:28 PM org.apache.catalina.startup.HostConfig reload
INFORMACIÓN: Falló la recarga del contexto [/Deportic]
feb 08, 2018 3:33:28 PM org.apache.catalina.core.StandardContext reload
INFORMACIÓN: Ha comenzado la recarga de Contexto [/Deportic]
feb 08, 2018 3:33:33 PM org.directwebremoting.util.CommonsLoggingOutput info
INFORMACIÓN: DWR Version 2.0.10 starting.
feb 08, 2018 3:33:33 PM org.directwebremoting.util.CommonsLoggingOutput info
INFORMACIÓN: - Servlet Engine: Apache Tomcat/7.0.50
feb 08, 2018 3:33:33 PM org.directwebremoting.util.CommonsLoggingOutput info
INFORMACIÓN: - Java Version:   1.8.0_111
feb 08, 2018 3:33:33 PM org.directwebremoting.util.CommonsLoggingOutput info
INFORMACIÓN: - Java Vendor:    Oracle Corporation
feb 08, 2018 3:33:33 PM org.directwebremoting.util.CommonsLoggingOutput info
INFORMACIÓN: Probably not an issue: org.jdom.Document is not available so the jdom converter will not load. This is only a problem if you wanted to use it.
feb 08, 2018 3:33:33 PM org.directwebremoting.util.CommonsLoggingOutput info
INFORMACIÓN: Probably not an issue: org.jdom.Element is not available so the jdom converter will not load. This is only a problem if you wanted to use it.
feb 08, 2018 3:33:33 PM org.apache.catalina.core.StandardContext reload
INFORMACIÓN: Se ha completado la recarga de este Contexto
feb 08, 2018 3:33:43 PM org.apache.catalina.startup.ExpandWar deleteDir
GRAVE: [C:\ambiente\xyzOlympus\openxava-5.8\tomcat\webapps\Deportic\WEB-INF\lib] no pudo ser completamente borrado. La presencia de los ficheros restantes puede causar problemas
feb 08, 2018 3:33:43 PM org.apache.catalina.startup.ExpandWar deleteDir
GRAVE: [C:\ambiente\xyzOlympus\openxava-5.8\tomcat\webapps\Deportic\WEB-INF] no pudo ser completamente borrado. La presencia de los ficheros restantes puede causar problemas
feb 08, 2018 3:33:45 PM org.apache.catalina.startup.ExpandWar deleteDir
GRAVE: [C:\ambiente\xyzOlympus\openxava-5.8\tomcat\webapps\Deportic] no pudo ser completamente borrado. La presencia de los ficheros restantes puede causar problemas
feb 08, 2018 3:33:45 PM org.apache.catalina.startup.ExpandWar delete
GRAVE: [C:\ambiente\xyzOlympus\openxava-5.8\tomcat\webapps\Deportic] no pudo ser completamente borrado. La presencia de los ficheros restantes puede causar problemas
feb 08, 2018 3:33:45 PM org.apache.catalina.startup.HostConfig undeploy
INFORMACIÓN: Repliegue (undeploy) de la aplicación web que tiene como trayectoria de contexto /Deportic
feb 08, 2018 3:33:45 PM org.apache.catalina.startup.HostConfig deployWAR
INFORMACIÓN: Despliegue del archivo C:\ambiente\xyzOlympus\openxava-5.8\tomcat\webapps\Deportic.war de la aplicación web
feb 08, 2018 3:34:27 PM org.apache.catalina.startup.HostConfig undeploy
INFORMACIÓN: Repliegue (undeploy) de la aplicación web que tiene como trayectoria de contexto /Deportic
feb 08, 2018 3:34:27 PM org.apache.catalina.startup.HostConfig deployWAR
INFORMACIÓN: Despliegue del archivo C:\ambiente\xyzOlympus\openxava-5.8\tomcat\webapps\Deportic.war de la aplicación web
feb 08, 2018 3:34:27 PM org.apache.catalina.startup.ContextConfig beforeStart
GRAVE: Excepción arreglando docBase: /Deportic
java.util.zip.ZipException: error in opening zip file
	at java.util.zip.ZipFile.open(Native Method)
	at java.util.zip.ZipFile.<init>(Unknown Source)
	at java.util.zip.ZipFile.<init>(Unknown Source)
	at java.util.jar.JarFile.<init>(Unknown Source)
	at java.util.jar.JarFile.<init>(Unknown Source)
	at sun.net.www.protocol.jar.URLJarFile.<init>(Unknown Source)
	at sun.net.www.protocol.jar.URLJarFile.getJarFile(Unknown Source)
	at sun.net.www.protocol.jar.JarFileFactory.get(Unknown Source)
	at sun.net.www.protocol.jar.JarURLConnection.connect(Unknown Source)
	at sun.net.www.protocol.jar.JarURLConnection.getJarFile(Unknown Source)
	at org.apache.catalina.startup.ExpandWar.expand(ExpandWar.java:113)
	at org.apache.catalina.startup.ContextConfig.fixDocBase(ContextConfig.java:726)
	at org.apache.catalina.startup.ContextConfig.beforeStart(ContextConfig.java:854)
	at org.apache.catalina.startup.ContextConfig.lifecycleEvent(ContextConfig.java:380)
	at org.apache.catalina.util.LifecycleSupport.fireLifecycleEvent(LifecycleSupport.java:119)
	at org.apache.catalina.util.LifecycleBase.fireLifecycleEvent(LifecycleBase.java:90)
	at org.apache.catalina.util.LifecycleBase.setStateInternal(LifecycleBase.java:402)
	at org.apache.catalina.util.LifecycleBase.start(LifecycleBase.java:147)
	at org.apache.catalina.core.ContainerBase.addChildInternal(ContainerBase.java:901)
	at org.apache.catalina.core.ContainerBase.addChild(ContainerBase.java:877)
	at org.apache.catalina.core.StandardHost.addChild(StandardHost.java:634)
	at org.apache.catalina.startup.HostConfig.deployWAR(HostConfig.java:1074)
	at org.apache.catalina.startup.HostConfig$DeployWar.run(HostConfig.java:1858)
	at java.util.concurrent.Executors$RunnableAdapter.call(Unknown Source)
	at java.util.concurrent.FutureTask.run(Unknown Source)
	at java.util.concurrent.ThreadPoolExecutor.runWorker(Unknown Source)
	at java.util.concurrent.ThreadPoolExecutor$Worker.run(Unknown Source)
	at java.lang.Thread.run(Unknown Source)

feb 08, 2018 3:34:27 PM org.apache.catalina.core.StandardContext resourcesStart
GRAVE: Error arrancando Recursos estáticos
java.lang.IllegalArgumentException: Archivo WAR inválido o ilegible: error in opening zip file
	at org.apache.naming.resources.WARDirContext.setDocBase(WARDirContext.java:138)
	at org.apache.catalina.core.StandardContext.resourcesStart(StandardContext.java:5077)
	at org.apache.catalina.core.StandardContext.startInternal(StandardContext.java:5257)
	at org.apache.catalina.util.LifecycleBase.start(LifecycleBase.java:150)
	at org.apache.catalina.core.ContainerBase.addChildInternal(ContainerBase.java:901)
	at org.apache.catalina.core.ContainerBase.addChild(ContainerBase.java:877)
	at org.apache.catalina.core.StandardHost.addChild(StandardHost.java:634)
	at org.apache.catalina.startup.HostConfig.deployWAR(HostConfig.java:1074)
	at org.apache.catalina.startup.HostConfig$DeployWar.run(HostConfig.java:1858)
	at java.util.concurrent.Executors$RunnableAdapter.call(Unknown Source)
	at java.util.concurrent.FutureTask.run(Unknown Source)
	at java.util.concurrent.ThreadPoolExecutor.runWorker(Unknown Source)
	at java.util.concurrent.ThreadPoolExecutor$Worker.run(Unknown Source)
	at java.lang.Thread.run(Unknown Source)

feb 08, 2018 3:34:27 PM org.apache.catalina.core.ContainerBase addChildInternal
GRAVE: ContainerBase.addChild: start: 
org.apache.catalina.LifecycleException: Failed to start component [StandardEngine[Catalina].StandardHost[localhost].StandardContext[/Deportic]]
	at org.apache.catalina.util.LifecycleBase.start(LifecycleBase.java:154)
	at org.apache.catalina.core.ContainerBase.addChildInternal(ContainerBase.java:901)
	at org.apache.catalina.core.ContainerBase.addChild(ContainerBase.java:877)
	at org.apache.catalina.core.StandardHost.addChild(StandardHost.java:634)
	at org.apache.catalina.startup.HostConfig.deployWAR(HostConfig.java:1074)
	at org.apache.catalina.startup.HostConfig$DeployWar.run(HostConfig.java:1858)
	at java.util.concurrent.Executors$RunnableAdapter.call(Unknown Source)
	at java.util.concurrent.FutureTask.run(Unknown Source)
	at java.util.concurrent.ThreadPoolExecutor.runWorker(Unknown Source)
	at java.util.concurrent.ThreadPoolExecutor$Worker.run(Unknown Source)
	at java.lang.Thread.run(Unknown Source)
Caused by: org.apache.catalina.LifecycleException: Error in resourceStart()
	at org.apache.catalina.core.StandardContext.startInternal(StandardContext.java:5258)
	at org.apache.catalina.util.LifecycleBase.start(LifecycleBase.java:150)
	... 10 more

feb 08, 2018 3:34:27 PM org.apache.catalina.startup.HostConfig deployWAR
GRAVE: Error durante el despliegue del archivo C:\ambiente\xyzOlympus\openxava-5.8\tomcat\webapps\Deportic.war de la aplicación web
java.lang.IllegalStateException: ContainerBase.addChild: start: org.apache.catalina.LifecycleException: Failed to start component [StandardEngine[Catalina].StandardHost[localhost].StandardContext[/Deportic]]
	at org.apache.catalina.core.ContainerBase.addChildInternal(ContainerBase.java:904)
	at org.apache.catalina.core.ContainerBase.addChild(ContainerBase.java:877)
	at org.apache.catalina.core.StandardHost.addChild(StandardHost.java:634)
	at org.apache.catalina.startup.HostConfig.deployWAR(HostConfig.java:1074)
	at org.apache.catalina.startup.HostConfig$DeployWar.run(HostConfig.java:1858)
	at java.util.concurrent.Executors$RunnableAdapter.call(Unknown Source)
	at java.util.concurrent.FutureTask.run(Unknown Source)
	at java.util.concurrent.ThreadPoolExecutor.runWorker(Unknown Source)
	at java.util.concurrent.ThreadPoolExecutor$Worker.run(Unknown Source)
	at java.lang.Thread.run(Unknown Source)

feb 08, 2018 3:34:37 PM org.apache.catalina.startup.HostConfig undeploy
INFORMACIÓN: Repliegue (undeploy) de la aplicación web que tiene como trayectoria de contexto /Deportic
feb 08, 2018 3:34:37 PM org.apache.catalina.deploy.NamingResources cleanUp
ADVERTENCIA: Failed to retrieve JNDI naming context for container [StandardEngine[Catalina].StandardHost[localhost].StandardContext[/Deportic]] so no cleanup was performed for that container
javax.naming.NameNotFoundException: El nombre comp/env no este asociado a este contexto
	at org.apache.naming.NamingContext.lookup(NamingContext.java:820)
	at org.apache.naming.NamingContext.lookup(NamingContext.java:168)
	at org.apache.catalina.deploy.NamingResources.cleanUp(NamingResources.java:988)
	at org.apache.catalina.deploy.NamingResources.stopInternal(NamingResources.java:970)
	at org.apache.catalina.util.LifecycleBase.stop(LifecycleBase.java:232)
	at org.apache.catalina.core.StandardContext.stopInternal(StandardContext.java:5664)
	at org.apache.catalina.util.LifecycleBase.stop(LifecycleBase.java:232)
	at org.apache.catalina.util.LifecycleBase.destroy(LifecycleBase.java:272)
	at org.apache.catalina.core.ContainerBase.removeChild(ContainerBase.java:1041)
	at org.apache.catalina.startup.HostConfig.undeploy(HostConfig.java:1479)
	at org.apache.catalina.startup.HostConfig.checkResources(HostConfig.java:1407)
	at org.apache.catalina.startup.HostConfig.check(HostConfig.java:1627)
	at org.apache.catalina.startup.HostConfig.lifecycleEvent(HostConfig.java:329)
	at org.apache.catalina.util.LifecycleSupport.fireLifecycleEvent(LifecycleSupport.java:119)
	at org.apache.catalina.util.LifecycleBase.fireLifecycleEvent(LifecycleBase.java:90)
	at org.apache.catalina.core.ContainerBase.backgroundProcess(ContainerBase.java:1374)
	at org.apache.catalina.core.ContainerBase$ContainerBackgroundProcessor.processChildren(ContainerBase.java:1530)
	at org.apache.catalina.core.ContainerBase$ContainerBackgroundProcessor.processChildren(ContainerBase.java:1540)
	at org.apache.catalina.core.ContainerBase$ContainerBackgroundProcessor.run(ContainerBase.java:1519)
	at java.lang.Thread.run(Unknown Source)

feb 08, 2018 3:34:37 PM org.apache.catalina.startup.HostConfig deployWAR
INFORMACIÓN: Despliegue del archivo C:\ambiente\xyzOlympus\openxava-5.8\tomcat\webapps\Deportic.war de la aplicación web
feb 08, 2018 3:34:54 PM org.directwebremoting.util.CommonsLoggingOutput info
INFORMACIÓN: DWR Version 2.0.10 starting.
feb 08, 2018 3:34:54 PM org.directwebremoting.util.CommonsLoggingOutput info
INFORMACIÓN: - Servlet Engine: Apache Tomcat/7.0.50
feb 08, 2018 3:34:54 PM org.directwebremoting.util.CommonsLoggingOutput info
INFORMACIÓN: - Java Version:   1.8.0_111
feb 08, 2018 3:34:54 PM org.directwebremoting.util.CommonsLoggingOutput info
INFORMACIÓN: - Java Vendor:    Oracle Corporation
feb 08, 2018 3:34:55 PM org.directwebremoting.util.CommonsLoggingOutput info
INFORMACIÓN: Probably not an issue: org.jdom.Document is not available so the jdom converter will not load. This is only a problem if you wanted to use it.
feb 08, 2018 3:34:55 PM org.directwebremoting.util.CommonsLoggingOutput info
INFORMACIÓN: Probably not an issue: org.jdom.Element is not available so the jdom converter will not load. This is only a problem if you wanted to use it.
