ene 03, 2018 10:30:50 PM org.apache.catalina.core.AprLifecycleListener init
INFORMACIÓN: La biblioteca nativa de Apache Tomcat basada en ARP que permite un rendimiento óptimo en entornos de desarrollo no ha sido hallada en java.library.path: C:\Program Files (x86)\Java\jre1.8.0_111\bin;C:\WINDOWS\Sun\Java\bin;C:\WINDOWS\system32;C:\WINDOWS;C:\ProgramData\Oracle\Java\javapath;C:\Program Files (x86)\Intel\iCLS Client\;C:\Program Files\Intel\iCLS Client\;C:\WINDOWS\system32;C:\WINDOWS;C:\WINDOWS\System32\Wbem;C:\WINDOWS\System32\WindowsPowerShell\v1.0\;C:\Program Files\Hewlett-Packard\SimplePass\;C:\Program Files\Intel\Intel(R) Management Engine Components\DAL;C:\Program Files\Intel\Intel(R) Management Engine Components\IPT;C:\Program Files (x86)\Intel\Intel(R) Management Engine Components\DAL;C:\Program Files (x86)\Intel\Intel(R) Management Engine Components\IPT;C:\Program Files (x86)\Skype\Phone\;C:\Program Files (x86)\Java\jre1.8.0_111\bin;C:\Program Files\MySQL\MySQL Utilities 1.6\;C:\Program Files (x86)\IDM Computer Solutions\UltraEdit\;C:\AppServ\Apache24\bin;C:\AppServ\php5;C:\AppServ\MySQL\bin;C:\Users\Anthonny\AppData\Local\Microsoft\WindowsApps;C:\Users\Anthonny\AppData\Local\GitHubDesktop\bin;.
ene 03, 2018 10:30:52 PM org.apache.coyote.AbstractProtocol init
INFORMACIÓN: Initializing ProtocolHandler ["http-bio-8082"]
ene 03, 2018 10:30:52 PM org.apache.coyote.AbstractProtocol init
INFORMACIÓN: Initializing ProtocolHandler ["ajp-bio-8009"]
ene 03, 2018 10:30:52 PM org.apache.catalina.startup.Catalina load
INFORMACIÓN: Initialization processed in 3938 ms
ene 03, 2018 10:30:52 PM org.apache.catalina.core.StandardService startInternal
INFORMACIÓN: Arrancando servicio Catalina
ene 03, 2018 10:30:52 PM org.apache.catalina.core.StandardEngine startInternal
INFORMACIÓN: Starting Servlet Engine: Apache Tomcat/7.0.50
ene 03, 2018 10:30:52 PM org.apache.catalina.startup.HostConfig deployWAR
INFORMACIÓN: Despliegue del archivo C:\ambiente\openxava-5.8\tomcat\webapps\Afrodita.war de la aplicación web
ene 03, 2018 10:31:32 PM org.apache.catalina.util.SessionIdGenerator createSecureRandom
INFORMACIÓN: Creation of SecureRandom instance for session ID generation using [SHA1PRNG] took [1.298] milliseconds.
ene 03, 2018 10:31:34 PM org.directwebremoting.util.CommonsLoggingOutput info
INFORMACIÓN: DWR Version 2.0.10 starting.
ene 03, 2018 10:31:34 PM org.directwebremoting.util.CommonsLoggingOutput info
INFORMACIÓN: - Servlet Engine: Apache Tomcat/7.0.50
ene 03, 2018 10:31:34 PM org.directwebremoting.util.CommonsLoggingOutput info
INFORMACIÓN: - Java Version:   1.8.0_111
ene 03, 2018 10:31:34 PM org.directwebremoting.util.CommonsLoggingOutput info
INFORMACIÓN: - Java Vendor:    Oracle Corporation
ene 03, 2018 10:31:36 PM org.directwebremoting.util.CommonsLoggingOutput info
INFORMACIÓN: Probably not an issue: org.jdom.Document is not available so the jdom converter will not load. This is only a problem if you wanted to use it.
ene 03, 2018 10:31:36 PM org.directwebremoting.util.CommonsLoggingOutput info
INFORMACIÓN: Probably not an issue: org.jdom.Element is not available so the jdom converter will not load. This is only a problem if you wanted to use it.
ene 03, 2018 10:31:36 PM org.apache.coyote.AbstractProtocol start
INFORMACIÓN: Starting ProtocolHandler ["http-bio-8082"]
ene 03, 2018 10:31:36 PM org.apache.coyote.AbstractProtocol start
INFORMACIÓN: Starting ProtocolHandler ["ajp-bio-8009"]
ene 03, 2018 10:31:36 PM org.apache.catalina.startup.Catalina start
INFORMACIÓN: Server startup in 44192 ms
ene 03, 2018 10:36:56 PM org.hibernate.ejb.HibernatePersistence logDeprecation
WARN: HHH015016: Encountered a deprecated javax.persistence.spi.PersistenceProvider [org.hibernate.ejb.HibernatePersistence]; use [org.hibernate.jpa.HibernatePersistenceProvider] instead.
ene 03, 2018 10:36:56 PM org.hibernate.ejb.HibernatePersistence logDeprecation
WARN: HHH015016: Encountered a deprecated javax.persistence.spi.PersistenceProvider [org.hibernate.ejb.HibernatePersistence]; use [org.hibernate.jpa.HibernatePersistenceProvider] instead.
ene 03, 2018 10:36:56 PM org.hibernate.ejb.HibernatePersistence logDeprecation
WARN: HHH015016: Encountered a deprecated javax.persistence.spi.PersistenceProvider [org.hibernate.ejb.HibernatePersistence]; use [org.hibernate.jpa.HibernatePersistenceProvider] instead.
ene 03, 2018 10:36:56 PM org.hibernate.jpa.internal.util.LogHelper logPersistenceUnitInformation
INFO: HHH000204: Processing PersistenceUnitInfo [
	name: default
	...]
ene 03, 2018 10:36:57 PM org.hibernate.Version logVersion
INFO: HHH000412: Hibernate Core {4.3.9.Final}
ene 03, 2018 10:36:57 PM org.hibernate.cfg.Environment <clinit>
INFO: HHH000206: hibernate.properties not found
ene 03, 2018 10:36:57 PM org.hibernate.cfg.Environment buildBytecodeProvider
INFO: HHH000021: Bytecode provider name : javassist
ene 03, 2018 10:36:58 PM org.hibernate.annotations.common.reflection.java.JavaReflectionManager <clinit>
INFO: HCANN000001: Hibernate Commons Annotations {4.0.5.Final}
ene 03, 2018 10:36:59 PM org.hibernate.dialect.Dialect <init>
INFO: HHH000400: Using dialect: org.hibernate.dialect.MySQLDialect
ene 03, 2018 10:36:59 PM org.hibernate.hql.internal.ast.ASTQueryTranslatorFactory <init>
INFO: HHH000397: Using ASTQueryTranslatorFactory
ene 03, 2018 10:36:59 PM org.hibernate.validator.internal.util.Version <clinit>
INFO: HV000001: Hibernate Validator 5.1.3.Final
ene 03, 2018 10:37:00 PM org.hibernate.id.UUIDHexGenerator <init>
WARN: HHH000409: Using org.hibernate.id.UUIDHexGenerator which does not generate IETF RFC 4122 compliant UUID values; consider using org.hibernate.id.UUIDGenerator instead
ene 03, 2018 10:37:01 PM org.openxava.controller.ModuleManager <clinit>
INFORMACIÓN: OpenXava 5.8 (2017-10-17)
ene 03, 2018 10:37:06 PM org.directwebremoting.util.CommonsLoggingOutput info
INFORMACIÓN: Exec: Module.getStrokeActions()
ene 03, 2018 10:37:13 PM org.directwebremoting.util.CommonsLoggingOutput warn
ADVERTENCIA: Missing type info for request(5<0>). Assuming this is a map with String keys. Please add to <signatures> in dwr.xml
ene 03, 2018 10:37:13 PM org.directwebremoting.util.CommonsLoggingOutput warn
ADVERTENCIA: Missing type info for request(5<1>). Assuming this is a map with String keys. Please add to <signatures> in dwr.xml
ene 03, 2018 10:37:13 PM org.directwebremoting.util.CommonsLoggingOutput warn
ADVERTENCIA: Missing type info for request(6<0>). Assuming this is a map with String keys. Please add to <signatures> in dwr.xml
ene 03, 2018 10:37:13 PM org.directwebremoting.util.CommonsLoggingOutput warn
ADVERTENCIA: Missing type info for request(6<1>). Assuming this is a map with String keys. Please add to <signatures> in dwr.xml
ene 03, 2018 10:37:13 PM org.directwebremoting.util.CommonsLoggingOutput info
INFORMACIÓN: Exec: Module.request()
ene 03, 2018 10:37:13 PM org.openxava.controller.ModuleManager execute
DETALLADO: Execute SignIn.signIn=13 ms
ene 03, 2018 10:37:13 PM org.openxava.web.dwr.Module request
DETALLADO: Tiempo petición=22 ms
ene 03, 2018 10:37:13 PM org.openxava.util.Labels get
ADVERTENCIA: Imposible internacionalizar elemento con id Registro
ene 03, 2018 10:37:13 PM org.openxava.util.Labels getWithoutCache
ADVERTENCIA: Imposible internacionalizar elemento con id menuGraficos
ene 03, 2018 10:37:13 PM org.openxava.util.Labels get
ADVERTENCIA: Imposible internacionalizar elemento con id Catalogo
ene 03, 2018 10:37:13 PM org.openxava.view.meta.MetaView setName
ADVERTENCIA: Nombre de sección incorrecto: 'Ingresar Tabla'. Blancos no permitidos en nombres de secciones. Nombre de sección cambiado a 'IngresarTabla'
ene 03, 2018 10:37:13 PM org.openxava.view.meta.MetaView setName
ADVERTENCIA: Nombre de sección incorrecto: 'Gestionar Catalogos'. Blancos no permitidos en nombres de secciones. Nombre de sección cambiado a 'GestionarCatalogos'
ene 03, 2018 10:37:13 PM org.openxava.util.Labels getWithoutCache
ADVERTENCIA: Imposible internacionalizar elemento con id Catalogo
ene 03, 2018 10:37:13 PM org.openxava.util.Labels getWithoutCache
ADVERTENCIA: Imposible internacionalizar elemento con id GraficoBarraDetalle
ene 03, 2018 10:37:13 PM org.openxava.util.Labels getWithoutCache
ADVERTENCIA: Imposible internacionalizar elemento con id GraficoBuld
ene 03, 2018 10:37:13 PM org.openxava.util.Labels getWithoutCache
ADVERTENCIA: Imposible internacionalizar elemento con id GraficoZoomxySeries
ene 03, 2018 10:37:13 PM org.openxava.util.Labels getWithoutCache
ADVERTENCIA: Imposible internacionalizar elemento con id GraficoxySeries
ene 03, 2018 10:37:13 PM org.openxava.util.Labels get
ADVERTENCIA: Imposible internacionalizar elemento con id Mapa
ene 03, 2018 10:37:13 PM org.openxava.util.Labels getWithoutCache
ADVERTENCIA: Imposible internacionalizar elemento con id Mapa
ene 03, 2018 10:37:13 PM org.openxava.util.Labels getWithoutCache
ADVERTENCIA: Imposible internacionalizar elemento con id Origen
ene 03, 2018 10:37:13 PM org.openxava.util.Labels get
ADVERTENCIA: Imposible internacionalizar elemento con id Programa
ene 03, 2018 10:37:13 PM org.openxava.util.Labels getWithoutCache
ADVERTENCIA: Imposible internacionalizar elemento con id Programa
ene 03, 2018 10:37:13 PM org.openxava.util.Labels getWithoutCache
ADVERTENCIA: Imposible internacionalizar elemento con id Registro
ene 03, 2018 10:37:13 PM org.openxava.util.Labels get
ADVERTENCIA: Imposible internacionalizar elemento con id Regla
ene 03, 2018 10:37:13 PM org.openxava.util.Labels getWithoutCache
ADVERTENCIA: Imposible internacionalizar elemento con id Regla
ene 03, 2018 10:37:13 PM org.openxava.util.Labels get
ADVERTENCIA: Imposible internacionalizar elemento con id Sensor
ene 03, 2018 10:37:13 PM org.openxava.util.Labels getWithoutCache
ADVERTENCIA: Imposible internacionalizar elemento con id Sensor
ene 03, 2018 10:37:13 PM org.openxava.util.Labels get
ADVERTENCIA: Imposible internacionalizar elemento con id Sistema
ene 03, 2018 10:37:13 PM org.openxava.util.Labels getWithoutCache
ADVERTENCIA: Imposible internacionalizar elemento con id Sistema
ene 03, 2018 10:37:13 PM org.openxava.util.Labels getWithoutCache
ADVERTENCIA: Imposible internacionalizar elemento con id Tabla
ene 03, 2018 10:37:13 PM org.openxava.util.Labels getWithoutCache
ADVERTENCIA: Imposible internacionalizar elemento con id registroFloat1
ene 03, 2018 10:37:13 PM org.openxava.util.Labels getWithoutCache
ADVERTENCIA: Imposible internacionalizar elemento con id registroFloat2
ene 03, 2018 10:37:13 PM org.openxava.util.Labels getWithoutCache
ADVERTENCIA: Imposible internacionalizar elemento con id registroDate1
ene 03, 2018 10:37:13 PM org.openxava.util.Labels getWithoutCache
ADVERTENCIA: Imposible internacionalizar elemento con id registrotime1
ene 03, 2018 10:37:13 PM org.openxava.tab.impl.JPATabProvider nextBlock
DETALLADO: [JPATabProvider.nextBlock] Ejecutando SELECT e.oid, e.registroFloat1, e.registroFloat2, e.registroDate1, e.registrotime1 from Registro e con argumentos 
ene 03, 2018 10:37:14 PM org.openxava.tab.impl.TableModelBean getRow
DETALLADO: nextChunk=393
ene 03, 2018 10:37:14 PM org.apache.jasper.compiler.TldLocationsCache tldScanJar
INFORMACIÓN: Al menos un JAR, que se ha explorado buscando TLDs, aún no contenía TLDs. Activar historial de depuración para este historiador para una completa lista de los JARs que fueron explorados y de los que nos se halló TLDs. Saltarse JARs no necesarios durante la exploración puede dar lugar a una mejora de tiempo significativa en el arranque y compilación de JSP .
ene 03, 2018 10:37:15 PM org.openxava.util.Labels getWithoutCache
ADVERTENCIA: Imposible internacionalizar elemento con id menuGraficosSub
ene 03, 2018 10:37:15 PM org.openxava.util.Labels getWithoutCache
ADVERTENCIA: Imposible internacionalizar elemento con id reporteBuld
ene 03, 2018 10:37:15 PM org.openxava.util.Labels getWithoutCache
ADVERTENCIA: Imposible internacionalizar elemento con id reportexySeries
ene 03, 2018 10:37:15 PM org.openxava.util.Labels getWithoutCache
ADVERTENCIA: Imposible internacionalizar elemento con id reporteZoomxyLine
ene 03, 2018 10:37:15 PM org.openxava.util.Labels getWithoutCache
ADVERTENCIA: Imposible internacionalizar elemento con id reporteBarraDetalle
ene 03, 2018 10:37:15 PM org.openxava.util.Labels getWithoutCache
ADVERTENCIA: Imposible internacionalizar elemento con id Cards
ene 03, 2018 10:37:16 PM org.openxava.util.Labels getWithoutCache
ADVERTENCIA: Imposible internacionalizar elemento con id registroFloat1
ene 03, 2018 10:37:16 PM org.openxava.util.Labels getWithoutCache
ADVERTENCIA: Imposible internacionalizar elemento con id registroFloat2
ene 03, 2018 10:37:16 PM org.openxava.util.Labels getWithoutCache
ADVERTENCIA: Imposible internacionalizar elemento con id registroDate1
ene 03, 2018 10:37:16 PM org.openxava.util.Labels getWithoutCache
ADVERTENCIA: Imposible internacionalizar elemento con id registrotime1
ene 03, 2018 10:37:16 PM org.directwebremoting.util.CommonsLoggingOutput info
INFORMACIÓN: Exec: Module.getStrokeActions()
ene 03, 2018 10:37:23 PM org.directwebremoting.util.CommonsLoggingOutput info
INFORMACIÓN: Exec: Module.getStrokeActions()
ene 03, 2018 10:37:28 PM org.openxava.util.Labels getWithoutCache
ADVERTENCIA: Imposible internacionalizar elemento con id reglaCatalogo
ene 03, 2018 10:37:28 PM org.openxava.util.Labels getWithoutCache
ADVERTENCIA: Imposible internacionalizar elemento con id reglaPrograma
ene 03, 2018 10:37:28 PM org.openxava.util.Labels getWithoutCache
ADVERTENCIA: Imposible internacionalizar elemento con id tabla
ene 03, 2018 10:37:28 PM org.openxava.util.Labels getWithoutCache
ADVERTENCIA: Imposible internacionalizar elemento con id catalogo
ene 03, 2018 10:37:28 PM org.openxava.util.Labels getWithoutCache
ADVERTENCIA: Imposible internacionalizar elemento con id programaNombre
ene 03, 2018 10:37:28 PM org.openxava.tab.impl.JPATabProvider nextBlock
DETALLADO: [JPATabProvider.nextBlock] Ejecutando SELECT e.oid, e_reglaCatalogo.nombre, e_reglaPrograma.programaNombre from Regla e left join e.reglaCatalogo e_reglaCatalogo left join e.reglaPrograma e_reglaPrograma con argumentos 
ene 03, 2018 10:37:28 PM org.openxava.tab.impl.TableModelBean getRow
DETALLADO: nextChunk=34
ene 03, 2018 10:37:30 PM org.openxava.util.Labels getWithoutCache
ADVERTENCIA: Imposible internacionalizar elemento con id valorEntero
ene 03, 2018 10:37:30 PM org.openxava.util.Labels getWithoutCache
ADVERTENCIA: Imposible internacionalizar elemento con id valorTiempo
ene 03, 2018 10:37:30 PM org.openxava.util.Labels getWithoutCache
ADVERTENCIA: Imposible internacionalizar elemento con id valorCadena
ene 03, 2018 10:37:30 PM org.openxava.util.Labels getWithoutCache
ADVERTENCIA: Imposible internacionalizar elemento con id valorDecimal
ene 03, 2018 10:37:30 PM org.openxava.util.Labels getWithoutCache
ADVERTENCIA: Imposible internacionalizar elemento con id catalogoTabla
ene 03, 2018 10:37:30 PM org.openxava.util.Labels getWithoutCache
ADVERTENCIA: Imposible internacionalizar elemento con id IngresarTabla
ene 03, 2018 10:37:30 PM org.openxava.util.Labels getWithoutCache
ADVERTENCIA: Imposible internacionalizar elemento con id GestionarCatalogos
ene 03, 2018 10:37:30 PM org.openxava.util.Labels getWithoutCache
ADVERTENCIA: Imposible internacionalizar elemento con id tablaNemonico
ene 03, 2018 10:37:30 PM org.openxava.util.Labels getWithoutCache
ADVERTENCIA: Imposible internacionalizar elemento con id programa
ene 03, 2018 10:37:30 PM org.openxava.util.Labels getWithoutCache
ADVERTENCIA: Imposible internacionalizar elemento con id ubicacion
ene 03, 2018 10:37:30 PM org.openxava.util.Labels getWithoutCache
ADVERTENCIA: Imposible internacionalizar elemento con id programaUbicacion
ene 03, 2018 10:37:30 PM org.openxava.util.Labels getWithoutCache
ADVERTENCIA: Imposible internacionalizar elemento con id programaNemonico
ene 03, 2018 10:37:30 PM org.directwebremoting.util.CommonsLoggingOutput info
INFORMACIÓN: Exec: Module.getStrokeActions()
ene 03, 2018 10:38:24 PM org.directwebremoting.util.CommonsLoggingOutput info
INFORMACIÓN: Exec: Module.getStrokeActions()
ene 03, 2018 10:38:42 PM org.directwebremoting.util.CommonsLoggingOutput info
INFORMACIÓN: Exec: Module.getStrokeActions()
ene 03, 2018 10:55:16 PM org.apache.catalina.core.AprLifecycleListener init
INFORMACIÓN: La biblioteca nativa de Apache Tomcat basada en ARP que permite un rendimiento óptimo en entornos de desarrollo no ha sido hallada en java.library.path: C:\Program Files (x86)\Java\jre1.8.0_111\bin;C:\WINDOWS\Sun\Java\bin;C:\WINDOWS\system32;C:\WINDOWS;C:\ProgramData\Oracle\Java\javapath;C:\Program Files (x86)\Intel\iCLS Client\;C:\Program Files\Intel\iCLS Client\;C:\WINDOWS\system32;C:\WINDOWS;C:\WINDOWS\System32\Wbem;C:\WINDOWS\System32\WindowsPowerShell\v1.0\;C:\Program Files\Hewlett-Packard\SimplePass\;C:\Program Files\Intel\Intel(R) Management Engine Components\DAL;C:\Program Files\Intel\Intel(R) Management Engine Components\IPT;C:\Program Files (x86)\Intel\Intel(R) Management Engine Components\DAL;C:\Program Files (x86)\Intel\Intel(R) Management Engine Components\IPT;C:\Program Files (x86)\Skype\Phone\;C:\Program Files (x86)\Java\jre1.8.0_111\bin;C:\Program Files\MySQL\MySQL Utilities 1.6\;C:\Program Files (x86)\IDM Computer Solutions\UltraEdit\;C:\AppServ\Apache24\bin;C:\AppServ\php5;C:\AppServ\MySQL\bin;C:\Users\Anthonny\AppData\Local\Microsoft\WindowsApps;C:\Users\Anthonny\AppData\Local\GitHubDesktop\bin;.
ene 03, 2018 10:55:16 PM org.apache.coyote.AbstractProtocol init
INFORMACIÓN: Initializing ProtocolHandler ["http-bio-8082"]
ene 03, 2018 10:55:16 PM org.apache.coyote.AbstractProtocol init
INFORMACIÓN: Initializing ProtocolHandler ["ajp-bio-8009"]
ene 03, 2018 10:55:16 PM org.apache.catalina.startup.Catalina load
INFORMACIÓN: Initialization processed in 518 ms
ene 03, 2018 10:55:16 PM org.apache.catalina.core.StandardService startInternal
INFORMACIÓN: Arrancando servicio Catalina
ene 03, 2018 10:55:16 PM org.apache.catalina.core.StandardEngine startInternal
INFORMACIÓN: Starting Servlet Engine: Apache Tomcat/7.0.50
ene 03, 2018 10:55:16 PM org.apache.catalina.startup.HostConfig deployWAR
INFORMACIÓN: Despliegue del archivo C:\ambiente\openxava-5.8\tomcat\webapps\Afrodita.war de la aplicación web
ene 03, 2018 10:55:20 PM org.apache.catalina.util.SessionIdGenerator createSecureRandom
INFORMACIÓN: Creation of SecureRandom instance for session ID generation using [SHA1PRNG] took [141] milliseconds.
ene 03, 2018 10:55:20 PM org.directwebremoting.util.CommonsLoggingOutput info
INFORMACIÓN: DWR Version 2.0.10 starting.
ene 03, 2018 10:55:20 PM org.directwebremoting.util.CommonsLoggingOutput info
INFORMACIÓN: - Servlet Engine: Apache Tomcat/7.0.50
ene 03, 2018 10:55:20 PM org.directwebremoting.util.CommonsLoggingOutput info
INFORMACIÓN: - Java Version:   1.8.0_111
ene 03, 2018 10:55:20 PM org.directwebremoting.util.CommonsLoggingOutput info
INFORMACIÓN: - Java Vendor:    Oracle Corporation
ene 03, 2018 10:55:20 PM org.directwebremoting.util.CommonsLoggingOutput info
INFORMACIÓN: Probably not an issue: org.jdom.Document is not available so the jdom converter will not load. This is only a problem if you wanted to use it.
ene 03, 2018 10:55:20 PM org.directwebremoting.util.CommonsLoggingOutput info
INFORMACIÓN: Probably not an issue: org.jdom.Element is not available so the jdom converter will not load. This is only a problem if you wanted to use it.
ene 03, 2018 10:55:20 PM org.apache.coyote.AbstractProtocol start
INFORMACIÓN: Starting ProtocolHandler ["http-bio-8082"]
ene 03, 2018 10:55:20 PM org.apache.coyote.AbstractProtocol start
INFORMACIÓN: Starting ProtocolHandler ["ajp-bio-8009"]
ene 03, 2018 10:55:20 PM org.apache.catalina.startup.Catalina start
INFORMACIÓN: Server startup in 4021 ms
ene 03, 2018 10:55:48 PM org.hibernate.ejb.HibernatePersistence logDeprecation
WARN: HHH015016: Encountered a deprecated javax.persistence.spi.PersistenceProvider [org.hibernate.ejb.HibernatePersistence]; use [org.hibernate.jpa.HibernatePersistenceProvider] instead.
ene 03, 2018 10:55:48 PM org.hibernate.ejb.HibernatePersistence logDeprecation
WARN: HHH015016: Encountered a deprecated javax.persistence.spi.PersistenceProvider [org.hibernate.ejb.HibernatePersistence]; use [org.hibernate.jpa.HibernatePersistenceProvider] instead.
ene 03, 2018 10:55:48 PM org.hibernate.ejb.HibernatePersistence logDeprecation
WARN: HHH015016: Encountered a deprecated javax.persistence.spi.PersistenceProvider [org.hibernate.ejb.HibernatePersistence]; use [org.hibernate.jpa.HibernatePersistenceProvider] instead.
ene 03, 2018 10:55:48 PM org.hibernate.jpa.internal.util.LogHelper logPersistenceUnitInformation
INFO: HHH000204: Processing PersistenceUnitInfo [
	name: default
	...]
ene 03, 2018 10:55:48 PM org.hibernate.Version logVersion
INFO: HHH000412: Hibernate Core {4.3.9.Final}
ene 03, 2018 10:55:48 PM org.hibernate.cfg.Environment <clinit>
INFO: HHH000206: hibernate.properties not found
ene 03, 2018 10:55:48 PM org.hibernate.cfg.Environment buildBytecodeProvider
INFO: HHH000021: Bytecode provider name : javassist
ene 03, 2018 10:55:49 PM org.hibernate.annotations.common.reflection.java.JavaReflectionManager <clinit>
INFO: HCANN000001: Hibernate Commons Annotations {4.0.5.Final}
ene 03, 2018 10:55:49 PM org.hibernate.dialect.Dialect <init>
INFO: HHH000400: Using dialect: org.hibernate.dialect.MySQLDialect
ene 03, 2018 10:55:49 PM org.hibernate.hql.internal.ast.ASTQueryTranslatorFactory <init>
INFO: HHH000397: Using ASTQueryTranslatorFactory
ene 03, 2018 10:55:49 PM org.hibernate.validator.internal.util.Version <clinit>
INFO: HV000001: Hibernate Validator 5.1.3.Final
ene 03, 2018 10:55:50 PM org.hibernate.id.UUIDHexGenerator <init>
WARN: HHH000409: Using org.hibernate.id.UUIDHexGenerator which does not generate IETF RFC 4122 compliant UUID values; consider using org.hibernate.id.UUIDGenerator instead
ene 03, 2018 10:55:51 PM org.openxava.controller.ModuleManager <clinit>
INFORMACIÓN: OpenXava 5.8 (2017-10-17)
ene 03, 2018 10:55:53 PM org.directwebremoting.util.CommonsLoggingOutput info
INFORMACIÓN: Exec: Module.getStrokeActions()
ene 03, 2018 10:58:01 PM org.apache.catalina.startup.HostConfig undeploy
INFORMACIÓN: Repliegue (undeploy) de la aplicación web que tiene como trayectoria de contexto /Afrodita
ene 03, 2018 10:58:53 PM org.apache.catalina.startup.HostConfig deployWAR
INFORMACIÓN: Despliegue del archivo C:\ambiente\openxava-5.8\tomcat\webapps\Afrodita.war de la aplicación web
ene 03, 2018 10:59:12 PM org.apache.catalina.core.AprLifecycleListener init
INFORMACIÓN: La biblioteca nativa de Apache Tomcat basada en ARP que permite un rendimiento óptimo en entornos de desarrollo no ha sido hallada en java.library.path: C:\Program Files (x86)\Java\jre1.8.0_111\bin;C:\WINDOWS\Sun\Java\bin;C:\WINDOWS\system32;C:\WINDOWS;C:\ProgramData\Oracle\Java\javapath;C:\Program Files (x86)\Intel\iCLS Client\;C:\Program Files\Intel\iCLS Client\;C:\WINDOWS\system32;C:\WINDOWS;C:\WINDOWS\System32\Wbem;C:\WINDOWS\System32\WindowsPowerShell\v1.0\;C:\Program Files\Hewlett-Packard\SimplePass\;C:\Program Files\Intel\Intel(R) Management Engine Components\DAL;C:\Program Files\Intel\Intel(R) Management Engine Components\IPT;C:\Program Files (x86)\Intel\Intel(R) Management Engine Components\DAL;C:\Program Files (x86)\Intel\Intel(R) Management Engine Components\IPT;C:\Program Files (x86)\Skype\Phone\;C:\Program Files (x86)\Java\jre1.8.0_111\bin;C:\Program Files\MySQL\MySQL Utilities 1.6\;C:\Program Files (x86)\IDM Computer Solutions\UltraEdit\;C:\AppServ\Apache24\bin;C:\AppServ\php5;C:\AppServ\MySQL\bin;C:\Users\Anthonny\AppData\Local\Microsoft\WindowsApps;C:\Users\Anthonny\AppData\Local\GitHubDesktop\bin;.
ene 03, 2018 10:59:12 PM org.apache.coyote.AbstractProtocol init
INFORMACIÓN: Initializing ProtocolHandler ["http-bio-8082"]
ene 03, 2018 10:59:12 PM org.apache.coyote.AbstractProtocol init
INFORMACIÓN: Initializing ProtocolHandler ["ajp-bio-8009"]
ene 03, 2018 10:59:12 PM org.apache.catalina.startup.Catalina load
INFORMACIÓN: Initialization processed in 456 ms
ene 03, 2018 10:59:12 PM org.apache.catalina.core.StandardService startInternal
INFORMACIÓN: Arrancando servicio Catalina
ene 03, 2018 10:59:12 PM org.apache.catalina.core.StandardEngine startInternal
INFORMACIÓN: Starting Servlet Engine: Apache Tomcat/7.0.50
ene 03, 2018 10:59:12 PM org.apache.catalina.startup.HostConfig deployWAR
INFORMACIÓN: Despliegue del archivo C:\ambiente\openxava-5.8\tomcat\webapps\Afrodita.war de la aplicación web
ene 03, 2018 10:59:16 PM org.apache.catalina.util.SessionIdGenerator createSecureRandom
INFORMACIÓN: Creation of SecureRandom instance for session ID generation using [SHA1PRNG] took [109] milliseconds.
ene 03, 2018 10:59:16 PM org.directwebremoting.util.CommonsLoggingOutput info
INFORMACIÓN: DWR Version 2.0.10 starting.
ene 03, 2018 10:59:16 PM org.directwebremoting.util.CommonsLoggingOutput info
INFORMACIÓN: - Servlet Engine: Apache Tomcat/7.0.50
ene 03, 2018 10:59:16 PM org.directwebremoting.util.CommonsLoggingOutput info
INFORMACIÓN: - Java Version:   1.8.0_111
ene 03, 2018 10:59:16 PM org.directwebremoting.util.CommonsLoggingOutput info
INFORMACIÓN: - Java Vendor:    Oracle Corporation
ene 03, 2018 10:59:16 PM org.directwebremoting.util.CommonsLoggingOutput info
INFORMACIÓN: Probably not an issue: org.jdom.Document is not available so the jdom converter will not load. This is only a problem if you wanted to use it.
ene 03, 2018 10:59:16 PM org.directwebremoting.util.CommonsLoggingOutput info
INFORMACIÓN: Probably not an issue: org.jdom.Element is not available so the jdom converter will not load. This is only a problem if you wanted to use it.
ene 03, 2018 10:59:16 PM org.apache.coyote.AbstractProtocol start
INFORMACIÓN: Starting ProtocolHandler ["http-bio-8082"]
ene 03, 2018 10:59:16 PM org.apache.coyote.AbstractProtocol start
INFORMACIÓN: Starting ProtocolHandler ["ajp-bio-8009"]
ene 03, 2018 10:59:16 PM org.apache.catalina.startup.Catalina start
INFORMACIÓN: Server startup in 3560 ms
